ERROR - 2022-08-24 17:36:45 --> Error connecting to the database: pg_connect(): Unable to connect to PostgreSQL server: could not connect to server: No buffer space available (0x00002747/10055)
	Is the server running on host &quot;localhost&quot; (::1) and accepting
	TCP/IP connections on port 5432?
could not connect to server: No buffer space available (0x00002747/10055)
	Is the server running on host &quot;localhost&quot; (127.0.0.1) and accepting
	TCP/IP connections on port 5432?
CRITICAL - 2022-08-24 17:36:45 --> Unable to connect to the database.
Main connection [Postgre]: pg_connect(): Unable to connect to PostgreSQL server: could not connect to server: No buffer space available (0x00002747/10055)
	Is the server running on host &quot;localhost&quot; (::1) and accepting
	TCP/IP connections on port 5432?
could not connect to server: No buffer space available (0x00002747/10055)
	Is the server running on host &quot;localhost&quot; (127.0.0.1) and accepting
	TCP/IP connections on port 5432?
#0 C:\xampp\htdocs\visitas\system\Database\BaseConnection.php(577): CodeIgniter\Database\BaseConnection->initialize()
#1 C:\xampp\htdocs\visitas\system\Database\BaseBuilder.php(1455): CodeIgniter\Database\BaseConnection->query('SELECT *\nFROM "...', Array, false)
#2 C:\xampp\htdocs\visitas\system\Model.php(183): CodeIgniter\Database\BaseBuilder->get()
#3 C:\xampp\htdocs\visitas\system\BaseModel.php(584): CodeIgniter\Model->doFindAll(0, 0)
#4 C:\xampp\htdocs\visitas\app\Controllers\Visitantes.php(81): CodeIgniter\BaseModel->findAll()
#5 C:\xampp\htdocs\visitas\system\CodeIgniter.php(832): App\Controllers\Visitantes->buscar()
#6 C:\xampp\htdocs\visitas\system\CodeIgniter.php(419): CodeIgniter\CodeIgniter->runController(Object(App\Controllers\Visitantes))
#7 C:\xampp\htdocs\visitas\system\CodeIgniter.php(326): CodeIgniter\CodeIgniter->handleRequest(NULL, Object(Config\Cache), false)
#8 C:\xampp\htdocs\visitas\public\index.php(37): CodeIgniter\CodeIgniter->run()
#9 {main}
ERROR - 2022-08-24 17:47:48 --> Error connecting to the database: pg_connect(): Unable to connect to PostgreSQL server: could not connect to server: No buffer space available (0x00002747/10055)
	Is the server running on host &quot;localhost&quot; (::1) and accepting
	TCP/IP connections on port 5432?
could not connect to server: No buffer space available (0x00002747/10055)
	Is the server running on host &quot;localhost&quot; (127.0.0.1) and accepting
	TCP/IP connections on port 5432?
CRITICAL - 2022-08-24 17:47:48 --> Unable to connect to the database.
Main connection [Postgre]: pg_connect(): Unable to connect to PostgreSQL server: could not connect to server: No buffer space available (0x00002747/10055)
	Is the server running on host &quot;localhost&quot; (::1) and accepting
	TCP/IP connections on port 5432?
could not connect to server: No buffer space available (0x00002747/10055)
	Is the server running on host &quot;localhost&quot; (127.0.0.1) and accepting
	TCP/IP connections on port 5432?
#0 C:\xampp\htdocs\visitas\system\Database\BaseConnection.php(577): CodeIgniter\Database\BaseConnection->initialize()
#1 C:\xampp\htdocs\visitas\system\Database\BaseBuilder.php(1455): CodeIgniter\Database\BaseConnection->query('SELECT *\nFROM "...', Array, false)
#2 C:\xampp\htdocs\visitas\system\Model.php(183): CodeIgniter\Database\BaseBuilder->get()
#3 C:\xampp\htdocs\visitas\system\BaseModel.php(584): CodeIgniter\Model->doFindAll(0, 0)
#4 C:\xampp\htdocs\visitas\app\Controllers\Visitantes.php(81): CodeIgniter\BaseModel->findAll()
#5 C:\xampp\htdocs\visitas\system\CodeIgniter.php(832): App\Controllers\Visitantes->buscar()
#6 C:\xampp\htdocs\visitas\system\CodeIgniter.php(419): CodeIgniter\CodeIgniter->runController(Object(App\Controllers\Visitantes))
#7 C:\xampp\htdocs\visitas\system\CodeIgniter.php(326): CodeIgniter\CodeIgniter->handleRequest(NULL, Object(Config\Cache), false)
#8 C:\xampp\htdocs\visitas\public\index.php(37): CodeIgniter\CodeIgniter->run()
#9 {main}
