ERROR - 2022-08-25 17:47:01 --> ErrorException: pg_query(): Query failed: ERROR:  la sintaxis de entrada no es válida para tipo integer: «Abrir para seleccionar opción»
LINE 1: ...mbre_motivos&quot; (&quot;id_motivo&quot;, &quot;nombre_mot&quot;) VALUES ('Abrir par...
                                                             ^ in C:\xampp\htdocs\visitas\system\Database\Postgre\Connection.php:135
Stack trace:
#0 [internal function]: CodeIgniter\Debug\Exceptions->errorHandler(2, 'pg_query(): Que...', 'C:\\xampp\\htdocs...', 135)
#1 C:\xampp\htdocs\visitas\system\Database\Postgre\Connection.php(135): pg_query(Object(PgSql\Connection), 'INSERT INTO "vi...')
#2 C:\xampp\htdocs\visitas\system\Database\BaseConnection.php(670): CodeIgniter\Database\Postgre\Connection->execute('INSERT INTO "vi...')
#3 C:\xampp\htdocs\visitas\system\Database\BaseConnection.php(598): CodeIgniter\Database\BaseConnection->simpleQuery('INSERT INTO "vi...')
#4 C:\xampp\htdocs\visitas\system\Database\BaseBuilder.php(1771): CodeIgniter\Database\BaseConnection->query('INSERT INTO "vi...', Array, false)
#5 C:\xampp\htdocs\visitas\system\Model.php(239): CodeIgniter\Database\BaseBuilder->insert()
#6 C:\xampp\htdocs\visitas\system\BaseModel.php(738): CodeIgniter\Model->doInsert(Array)
#7 C:\xampp\htdocs\visitas\system\Model.php(625): CodeIgniter\BaseModel->insert(Array, false)
#8 C:\xampp\htdocs\visitas\system\BaseModel.php(658): CodeIgniter\Model->insert(Array, false)
#9 C:\xampp\htdocs\visitas\app\Controllers\Nombre_motivos.php(51): CodeIgniter\BaseModel->save(Array)
#10 C:\xampp\htdocs\visitas\system\CodeIgniter.php(832): App\Controllers\Nombre_motivos->insertar()
#11 C:\xampp\htdocs\visitas\system\CodeIgniter.php(419): CodeIgniter\CodeIgniter->runController(Object(App\Controllers\Nombre_motivos))
#12 C:\xampp\htdocs\visitas\system\CodeIgniter.php(326): CodeIgniter\CodeIgniter->handleRequest(NULL, Object(Config\Cache), false)
#13 C:\xampp\htdocs\visitas\public\index.php(37): CodeIgniter\CodeIgniter->run()
#14 {main}
ERROR - 2022-08-25 18:07:27 --> ErrorException: pg_query(): Query failed: ERROR:  la sintaxis de entrada no es válida para tipo integer: «Abrir para seleccionar opción»
LINE 1: ...T &quot;nombre_mot&quot; = 'Access Básico 1', &quot;id_motivo&quot; = 'Abrir par...
                                                             ^ in C:\xampp\htdocs\visitas\system\Database\Postgre\Connection.php:135
Stack trace:
#0 [internal function]: CodeIgniter\Debug\Exceptions->errorHandler(2, 'pg_query(): Que...', 'C:\\xampp\\htdocs...', 135)
#1 C:\xampp\htdocs\visitas\system\Database\Postgre\Connection.php(135): pg_query(Object(PgSql\Connection), 'UPDATE "visitas...')
#2 C:\xampp\htdocs\visitas\system\Database\BaseConnection.php(670): CodeIgniter\Database\Postgre\Connection->execute('UPDATE "visitas...')
#3 C:\xampp\htdocs\visitas\system\Database\BaseConnection.php(598): CodeIgniter\Database\BaseConnection->simpleQuery('UPDATE "visitas...')
#4 C:\xampp\htdocs\visitas\system\Database\BaseBuilder.php(1913): CodeIgniter\Database\BaseConnection->query('UPDATE "visitas...', Array, false)
#5 C:\xampp\htdocs\visitas\system\Model.php(298): CodeIgniter\Database\BaseBuilder->update()
#6 C:\xampp\htdocs\visitas\system\BaseModel.php(865): CodeIgniter\Model->doUpdate(Array, Array)
#7 C:\xampp\htdocs\visitas\system\Model.php(651): CodeIgniter\BaseModel->update(Array, Array)
#8 C:\xampp\htdocs\visitas\app\Controllers\Nombre_motivos.php(68): CodeIgniter\Model->update('3', Array)
#9 C:\xampp\htdocs\visitas\system\CodeIgniter.php(832): App\Controllers\Nombre_motivos->actualizar()
#10 C:\xampp\htdocs\visitas\system\CodeIgniter.php(419): CodeIgniter\CodeIgniter->runController(Object(App\Controllers\Nombre_motivos))
#11 C:\xampp\htdocs\visitas\system\CodeIgniter.php(326): CodeIgniter\CodeIgniter->handleRequest(NULL, Object(Config\Cache), false)
#12 C:\xampp\htdocs\visitas\public\index.php(37): CodeIgniter\CodeIgniter->run()
#13 {main}
ERROR - 2022-08-25 18:07:50 --> ErrorException: pg_query(): Query failed: ERROR:  la sintaxis de entrada no es válida para tipo integer: «Abrir para seleccionar opción»
LINE 1: ...bre_motivos&quot; SET &quot;nombre_mot&quot; = '', &quot;id_motivo&quot; = 'Abrir par...
                                                             ^ in C:\xampp\htdocs\visitas\system\Database\Postgre\Connection.php:135
Stack trace:
#0 [internal function]: CodeIgniter\Debug\Exceptions->errorHandler(2, 'pg_query(): Que...', 'C:\\xampp\\htdocs...', 135)
#1 C:\xampp\htdocs\visitas\system\Database\Postgre\Connection.php(135): pg_query(Object(PgSql\Connection), 'UPDATE "visitas...')
#2 C:\xampp\htdocs\visitas\system\Database\BaseConnection.php(670): CodeIgniter\Database\Postgre\Connection->execute('UPDATE "visitas...')
#3 C:\xampp\htdocs\visitas\system\Database\BaseConnection.php(598): CodeIgniter\Database\BaseConnection->simpleQuery('UPDATE "visitas...')
#4 C:\xampp\htdocs\visitas\system\Database\BaseBuilder.php(1913): CodeIgniter\Database\BaseConnection->query('UPDATE "visitas...', Array, false)
#5 C:\xampp\htdocs\visitas\system\Model.php(298): CodeIgniter\Database\BaseBuilder->update()
#6 C:\xampp\htdocs\visitas\system\BaseModel.php(865): CodeIgniter\Model->doUpdate(Array, Array)
#7 C:\xampp\htdocs\visitas\system\Model.php(651): CodeIgniter\BaseModel->update(Array, Array)
#8 C:\xampp\htdocs\visitas\app\Controllers\Nombre_motivos.php(68): CodeIgniter\Model->update('3', Array)
#9 C:\xampp\htdocs\visitas\system\CodeIgniter.php(832): App\Controllers\Nombre_motivos->actualizar()
#10 C:\xampp\htdocs\visitas\system\CodeIgniter.php(419): CodeIgniter\CodeIgniter->runController(Object(App\Controllers\Nombre_motivos))
#11 C:\xampp\htdocs\visitas\system\CodeIgniter.php(326): CodeIgniter\CodeIgniter->handleRequest(NULL, Object(Config\Cache), false)
#12 C:\xampp\htdocs\visitas\public\index.php(37): CodeIgniter\CodeIgniter->run()
#13 {main}
ERROR - 2022-08-25 18:08:07 --> ErrorException: pg_query(): Query failed: ERROR:  la sintaxis de entrada no es válida para tipo integer: «Abrir para seleccionar opción»
LINE 1: ...re_motivos&quot; SET &quot;nombre_mot&quot; = ' ', &quot;id_motivo&quot; = 'Abrir par...
                                                             ^ in C:\xampp\htdocs\visitas\system\Database\Postgre\Connection.php:135
Stack trace:
#0 [internal function]: CodeIgniter\Debug\Exceptions->errorHandler(2, 'pg_query(): Que...', 'C:\\xampp\\htdocs...', 135)
#1 C:\xampp\htdocs\visitas\system\Database\Postgre\Connection.php(135): pg_query(Object(PgSql\Connection), 'UPDATE "visitas...')
#2 C:\xampp\htdocs\visitas\system\Database\BaseConnection.php(670): CodeIgniter\Database\Postgre\Connection->execute('UPDATE "visitas...')
#3 C:\xampp\htdocs\visitas\system\Database\BaseConnection.php(598): CodeIgniter\Database\BaseConnection->simpleQuery('UPDATE "visitas...')
#4 C:\xampp\htdocs\visitas\system\Database\BaseBuilder.php(1913): CodeIgniter\Database\BaseConnection->query('UPDATE "visitas...', Array, false)
#5 C:\xampp\htdocs\visitas\system\Model.php(298): CodeIgniter\Database\BaseBuilder->update()
#6 C:\xampp\htdocs\visitas\system\BaseModel.php(865): CodeIgniter\Model->doUpdate(Array, Array)
#7 C:\xampp\htdocs\visitas\system\Model.php(651): CodeIgniter\BaseModel->update(Array, Array)
#8 C:\xampp\htdocs\visitas\app\Controllers\Nombre_motivos.php(68): CodeIgniter\Model->update('3', Array)
#9 C:\xampp\htdocs\visitas\system\CodeIgniter.php(832): App\Controllers\Nombre_motivos->actualizar()
#10 C:\xampp\htdocs\visitas\system\CodeIgniter.php(419): CodeIgniter\CodeIgniter->runController(Object(App\Controllers\Nombre_motivos))
#11 C:\xampp\htdocs\visitas\system\CodeIgniter.php(326): CodeIgniter\CodeIgniter->handleRequest(NULL, Object(Config\Cache), false)
#12 C:\xampp\htdocs\visitas\public\index.php(37): CodeIgniter\CodeIgniter->run()
#13 {main}
