ERROR - 2022-07-27 20:53:19 --> Unknown column 'updated_at' in 'field list'
CRITICAL - 2022-07-27 20:53:19 --> Unknown column 'updated_at' in 'field list'
#0 C:\xampp\htdocs\visitas\system\Database\MySQLi\Connection.php(292): mysqli->query('INSERT INTO `vi...', 0)
#1 C:\xampp\htdocs\visitas\system\Database\BaseConnection.php(670): CodeIgniter\Database\MySQLi\Connection->execute('INSERT INTO `vi...')
#2 C:\xampp\htdocs\visitas\system\Database\BaseConnection.php(598): CodeIgniter\Database\BaseConnection->simpleQuery('INSERT INTO `vi...')
#3 C:\xampp\htdocs\visitas\system\Database\BaseBuilder.php(1771): CodeIgniter\Database\BaseConnection->query('INSERT INTO `vi...', Array, false)
#4 C:\xampp\htdocs\visitas\system\Model.php(239): CodeIgniter\Database\BaseBuilder->insert()
#5 C:\xampp\htdocs\visitas\system\BaseModel.php(738): CodeIgniter\Model->doInsert(Array)
#6 C:\xampp\htdocs\visitas\system\Model.php(625): CodeIgniter\BaseModel->insert(Array, false)
#7 C:\xampp\htdocs\visitas\system\BaseModel.php(658): CodeIgniter\Model->insert(Array, false)
#8 C:\xampp\htdocs\visitas\app\Controllers\Visitantes.php(67): CodeIgniter\BaseModel->save(Array)
#9 C:\xampp\htdocs\visitas\system\CodeIgniter.php(832): App\Controllers\Visitantes->insertar()
#10 C:\xampp\htdocs\visitas\system\CodeIgniter.php(419): CodeIgniter\CodeIgniter->runController(Object(App\Controllers\Visitantes))
#11 C:\xampp\htdocs\visitas\system\CodeIgniter.php(326): CodeIgniter\CodeIgniter->handleRequest(NULL, Object(Config\Cache), false)
#12 C:\xampp\htdocs\visitas\public\index.php(37): CodeIgniter\CodeIgniter->run()
#13 {main}
ERROR - 2022-07-27 20:53:52 --> Unknown column 'updated_at' in 'field list'
CRITICAL - 2022-07-27 20:53:52 --> Unknown column 'updated_at' in 'field list'
#0 C:\xampp\htdocs\visitas\system\Database\MySQLi\Connection.php(292): mysqli->query('INSERT INTO `vi...', 0)
#1 C:\xampp\htdocs\visitas\system\Database\BaseConnection.php(670): CodeIgniter\Database\MySQLi\Connection->execute('INSERT INTO `vi...')
#2 C:\xampp\htdocs\visitas\system\Database\BaseConnection.php(598): CodeIgniter\Database\BaseConnection->simpleQuery('INSERT INTO `vi...')
#3 C:\xampp\htdocs\visitas\system\Database\BaseBuilder.php(1771): CodeIgniter\Database\BaseConnection->query('INSERT INTO `vi...', Array, false)
#4 C:\xampp\htdocs\visitas\system\Model.php(239): CodeIgniter\Database\BaseBuilder->insert()
#5 C:\xampp\htdocs\visitas\system\BaseModel.php(738): CodeIgniter\Model->doInsert(Array)
#6 C:\xampp\htdocs\visitas\system\Model.php(625): CodeIgniter\BaseModel->insert(Array, false)
#7 C:\xampp\htdocs\visitas\system\BaseModel.php(658): CodeIgniter\Model->insert(Array, false)
#8 C:\xampp\htdocs\visitas\app\Controllers\Visitantes.php(67): CodeIgniter\BaseModel->save(Array)
#9 C:\xampp\htdocs\visitas\system\CodeIgniter.php(832): App\Controllers\Visitantes->insertar()
#10 C:\xampp\htdocs\visitas\system\CodeIgniter.php(419): CodeIgniter\CodeIgniter->runController(Object(App\Controllers\Visitantes))
#11 C:\xampp\htdocs\visitas\system\CodeIgniter.php(326): CodeIgniter\CodeIgniter->handleRequest(NULL, Object(Config\Cache), false)
#12 C:\xampp\htdocs\visitas\public\index.php(37): CodeIgniter\CodeIgniter->run()
#13 {main}
ERROR - 2022-07-27 20:59:36 --> Unknown column 'updated_at' in 'field list'
CRITICAL - 2022-07-27 20:59:36 --> Unknown column 'updated_at' in 'field list'
#0 C:\xampp\htdocs\visitas\system\Database\MySQLi\Connection.php(292): mysqli->query('INSERT INTO `vi...', 0)
#1 C:\xampp\htdocs\visitas\system\Database\BaseConnection.php(670): CodeIgniter\Database\MySQLi\Connection->execute('INSERT INTO `vi...')
#2 C:\xampp\htdocs\visitas\system\Database\BaseConnection.php(598): CodeIgniter\Database\BaseConnection->simpleQuery('INSERT INTO `vi...')
#3 C:\xampp\htdocs\visitas\system\Database\BaseBuilder.php(1771): CodeIgniter\Database\BaseConnection->query('INSERT INTO `vi...', Array, false)
#4 C:\xampp\htdocs\visitas\system\Model.php(239): CodeIgniter\Database\BaseBuilder->insert()
#5 C:\xampp\htdocs\visitas\system\BaseModel.php(738): CodeIgniter\Model->doInsert(Array)
#6 C:\xampp\htdocs\visitas\system\Model.php(625): CodeIgniter\BaseModel->insert(Array, false)
#7 C:\xampp\htdocs\visitas\system\BaseModel.php(658): CodeIgniter\Model->insert(Array, false)
#8 C:\xampp\htdocs\visitas\app\Controllers\Visitantes.php(67): CodeIgniter\BaseModel->save(Array)
#9 C:\xampp\htdocs\visitas\system\CodeIgniter.php(832): App\Controllers\Visitantes->insertar()
#10 C:\xampp\htdocs\visitas\system\CodeIgniter.php(419): CodeIgniter\CodeIgniter->runController(Object(App\Controllers\Visitantes))
#11 C:\xampp\htdocs\visitas\system\CodeIgniter.php(326): CodeIgniter\CodeIgniter->handleRequest(NULL, Object(Config\Cache), false)
#12 C:\xampp\htdocs\visitas\public\index.php(37): CodeIgniter\CodeIgniter->run()
#13 {main}
ERROR - 2022-07-27 21:03:09 --> Unknown column 'updated_at' in 'field list'
CRITICAL - 2022-07-27 21:03:09 --> Unknown column 'updated_at' in 'field list'
#0 C:\xampp\htdocs\visitas\system\Database\MySQLi\Connection.php(292): mysqli->query('INSERT INTO `vi...', 0)
#1 C:\xampp\htdocs\visitas\system\Database\BaseConnection.php(670): CodeIgniter\Database\MySQLi\Connection->execute('INSERT INTO `vi...')
#2 C:\xampp\htdocs\visitas\system\Database\BaseConnection.php(598): CodeIgniter\Database\BaseConnection->simpleQuery('INSERT INTO `vi...')
#3 C:\xampp\htdocs\visitas\system\Database\BaseBuilder.php(1771): CodeIgniter\Database\BaseConnection->query('INSERT INTO `vi...', Array, false)
#4 C:\xampp\htdocs\visitas\system\Model.php(239): CodeIgniter\Database\BaseBuilder->insert()
#5 C:\xampp\htdocs\visitas\system\BaseModel.php(738): CodeIgniter\Model->doInsert(Array)
#6 C:\xampp\htdocs\visitas\system\Model.php(625): CodeIgniter\BaseModel->insert(Array, false)
#7 C:\xampp\htdocs\visitas\system\BaseModel.php(658): CodeIgniter\Model->insert(Array, false)
#8 C:\xampp\htdocs\visitas\app\Controllers\Visitantes.php(67): CodeIgniter\BaseModel->save(Array)
#9 C:\xampp\htdocs\visitas\system\CodeIgniter.php(832): App\Controllers\Visitantes->insertar()
#10 C:\xampp\htdocs\visitas\system\CodeIgniter.php(419): CodeIgniter\CodeIgniter->runController(Object(App\Controllers\Visitantes))
#11 C:\xampp\htdocs\visitas\system\CodeIgniter.php(326): CodeIgniter\CodeIgniter->handleRequest(NULL, Object(Config\Cache), false)
#12 C:\xampp\htdocs\visitas\public\index.php(37): CodeIgniter\CodeIgniter->run()
#13 {main}
ERROR - 2022-07-27 21:04:39 --> Unknown column 'updated_at' in 'field list'
CRITICAL - 2022-07-27 21:04:39 --> Unknown column 'updated_at' in 'field list'
#0 C:\xampp\htdocs\visitas\system\Database\MySQLi\Connection.php(292): mysqli->query('INSERT INTO `vi...', 0)
#1 C:\xampp\htdocs\visitas\system\Database\BaseConnection.php(670): CodeIgniter\Database\MySQLi\Connection->execute('INSERT INTO `vi...')
#2 C:\xampp\htdocs\visitas\system\Database\BaseConnection.php(598): CodeIgniter\Database\BaseConnection->simpleQuery('INSERT INTO `vi...')
#3 C:\xampp\htdocs\visitas\system\Database\BaseBuilder.php(1771): CodeIgniter\Database\BaseConnection->query('INSERT INTO `vi...', Array, false)
#4 C:\xampp\htdocs\visitas\system\Model.php(239): CodeIgniter\Database\BaseBuilder->insert()
#5 C:\xampp\htdocs\visitas\system\BaseModel.php(738): CodeIgniter\Model->doInsert(Array)
#6 C:\xampp\htdocs\visitas\system\Model.php(625): CodeIgniter\BaseModel->insert(Array, false)
#7 C:\xampp\htdocs\visitas\system\BaseModel.php(658): CodeIgniter\Model->insert(Array, false)
#8 C:\xampp\htdocs\visitas\app\Controllers\Visitantes.php(62): CodeIgniter\BaseModel->save(Array)
#9 C:\xampp\htdocs\visitas\system\CodeIgniter.php(832): App\Controllers\Visitantes->insertar()
#10 C:\xampp\htdocs\visitas\system\CodeIgniter.php(419): CodeIgniter\CodeIgniter->runController(Object(App\Controllers\Visitantes))
#11 C:\xampp\htdocs\visitas\system\CodeIgniter.php(326): CodeIgniter\CodeIgniter->handleRequest(NULL, Object(Config\Cache), false)
#12 C:\xampp\htdocs\visitas\public\index.php(37): CodeIgniter\CodeIgniter->run()
#13 {main}
ERROR - 2022-07-27 21:07:24 --> Unknown column 'updated_at' in 'field list'
CRITICAL - 2022-07-27 21:07:24 --> Unknown column 'updated_at' in 'field list'
#0 C:\xampp\htdocs\visitas\system\Database\MySQLi\Connection.php(292): mysqli->query('INSERT INTO `vi...', 0)
#1 C:\xampp\htdocs\visitas\system\Database\BaseConnection.php(670): CodeIgniter\Database\MySQLi\Connection->execute('INSERT INTO `vi...')
#2 C:\xampp\htdocs\visitas\system\Database\BaseConnection.php(598): CodeIgniter\Database\BaseConnection->simpleQuery('INSERT INTO `vi...')
#3 C:\xampp\htdocs\visitas\system\Database\BaseBuilder.php(1771): CodeIgniter\Database\BaseConnection->query('INSERT INTO `vi...', Array, false)
#4 C:\xampp\htdocs\visitas\system\Model.php(239): CodeIgniter\Database\BaseBuilder->insert()
#5 C:\xampp\htdocs\visitas\system\BaseModel.php(738): CodeIgniter\Model->doInsert(Array)
#6 C:\xampp\htdocs\visitas\system\Model.php(625): CodeIgniter\BaseModel->insert(Array, false)
#7 C:\xampp\htdocs\visitas\system\BaseModel.php(658): CodeIgniter\Model->insert(Array, false)
#8 C:\xampp\htdocs\visitas\app\Controllers\Visitantes.php(62): CodeIgniter\BaseModel->save(Array)
#9 C:\xampp\htdocs\visitas\system\CodeIgniter.php(832): App\Controllers\Visitantes->insertar()
#10 C:\xampp\htdocs\visitas\system\CodeIgniter.php(419): CodeIgniter\CodeIgniter->runController(Object(App\Controllers\Visitantes))
#11 C:\xampp\htdocs\visitas\system\CodeIgniter.php(326): CodeIgniter\CodeIgniter->handleRequest(NULL, Object(Config\Cache), false)
#12 C:\xampp\htdocs\visitas\public\index.php(37): CodeIgniter\CodeIgniter->run()
#13 {main}
ERROR - 2022-07-27 21:18:17 --> Unknown column 'updated_at' in 'field list'
CRITICAL - 2022-07-27 21:18:17 --> Unknown column 'updated_at' in 'field list'
#0 C:\xampp\htdocs\visitas\system\Database\MySQLi\Connection.php(292): mysqli->query('INSERT INTO `vi...', 0)
#1 C:\xampp\htdocs\visitas\system\Database\BaseConnection.php(670): CodeIgniter\Database\MySQLi\Connection->execute('INSERT INTO `vi...')
#2 C:\xampp\htdocs\visitas\system\Database\BaseConnection.php(598): CodeIgniter\Database\BaseConnection->simpleQuery('INSERT INTO `vi...')
#3 C:\xampp\htdocs\visitas\system\Database\BaseBuilder.php(1771): CodeIgniter\Database\BaseConnection->query('INSERT INTO `vi...', Array, false)
#4 C:\xampp\htdocs\visitas\system\Model.php(239): CodeIgniter\Database\BaseBuilder->insert()
#5 C:\xampp\htdocs\visitas\system\BaseModel.php(738): CodeIgniter\Model->doInsert(Array)
#6 C:\xampp\htdocs\visitas\system\Model.php(625): CodeIgniter\BaseModel->insert(Array, false)
#7 C:\xampp\htdocs\visitas\system\BaseModel.php(658): CodeIgniter\Model->insert(Array, false)
#8 C:\xampp\htdocs\visitas\app\Controllers\Visitantes.php(67): CodeIgniter\BaseModel->save(Array)
#9 C:\xampp\htdocs\visitas\system\CodeIgniter.php(832): App\Controllers\Visitantes->insertar()
#10 C:\xampp\htdocs\visitas\system\CodeIgniter.php(419): CodeIgniter\CodeIgniter->runController(Object(App\Controllers\Visitantes))
#11 C:\xampp\htdocs\visitas\system\CodeIgniter.php(326): CodeIgniter\CodeIgniter->handleRequest(NULL, Object(Config\Cache), false)
#12 C:\xampp\htdocs\visitas\public\index.php(37): CodeIgniter\CodeIgniter->run()
#13 {main}
ERROR - 2022-07-27 22:40:38 --> Unknown column 'updated_at' in 'field list'
CRITICAL - 2022-07-27 22:40:38 --> Unknown column 'updated_at' in 'field list'
#0 C:\xampp\htdocs\visitas\system\Database\MySQLi\Connection.php(292): mysqli->query('INSERT INTO `vi...', 0)
#1 C:\xampp\htdocs\visitas\system\Database\BaseConnection.php(670): CodeIgniter\Database\MySQLi\Connection->execute('INSERT INTO `vi...')
#2 C:\xampp\htdocs\visitas\system\Database\BaseConnection.php(598): CodeIgniter\Database\BaseConnection->simpleQuery('INSERT INTO `vi...')
#3 C:\xampp\htdocs\visitas\system\Database\BaseBuilder.php(1771): CodeIgniter\Database\BaseConnection->query('INSERT INTO `vi...', Array, false)
#4 C:\xampp\htdocs\visitas\system\Model.php(239): CodeIgniter\Database\BaseBuilder->insert()
#5 C:\xampp\htdocs\visitas\system\BaseModel.php(738): CodeIgniter\Model->doInsert(Array)
#6 C:\xampp\htdocs\visitas\system\Model.php(625): CodeIgniter\BaseModel->insert(Array, false)
#7 C:\xampp\htdocs\visitas\system\BaseModel.php(658): CodeIgniter\Model->insert(Array, false)
#8 C:\xampp\htdocs\visitas\app\Controllers\Visitantes.php(67): CodeIgniter\BaseModel->save(Array)
#9 C:\xampp\htdocs\visitas\system\CodeIgniter.php(832): App\Controllers\Visitantes->insertar()
#10 C:\xampp\htdocs\visitas\system\CodeIgniter.php(419): CodeIgniter\CodeIgniter->runController(Object(App\Controllers\Visitantes))
#11 C:\xampp\htdocs\visitas\system\CodeIgniter.php(326): CodeIgniter\CodeIgniter->handleRequest(NULL, Object(Config\Cache), false)
#12 C:\xampp\htdocs\visitas\public\index.php(37): CodeIgniter\CodeIgniter->run()
#13 {main}
CRITICAL - 2022-07-27 22:49:56 --> syntax error, unexpected identifier "get", expecting "::"
#0 C:\xampp\htdocs\visitas\system\Autoloader\Autoloader.php(241): CodeIgniter\Autoloader\Autoloader->includeFile('C:\\xampp\\htdocs...')
#1 C:\xampp\htdocs\visitas\system\Autoloader\Autoloader.php(219): CodeIgniter\Autoloader\Autoloader->loadInNamespace('App\\Models\\Visi...')
#2 C:\xampp\htdocs\visitas\app\Controllers\Visitantes.php(18): CodeIgniter\Autoloader\Autoloader->loadClass('App\\Models\\Visi...')
#3 C:\xampp\htdocs\visitas\system\CodeIgniter.php(809): App\Controllers\Visitantes->__construct()
#4 C:\xampp\htdocs\visitas\system\CodeIgniter.php(410): CodeIgniter\CodeIgniter->createController()
#5 C:\xampp\htdocs\visitas\system\CodeIgniter.php(326): CodeIgniter\CodeIgniter->handleRequest(NULL, Object(Config\Cache), false)
#6 C:\xampp\htdocs\visitas\public\index.php(37): CodeIgniter\CodeIgniter->run()
#7 {main}
ERROR - 2022-07-27 22:55:43 --> Unknown column 'updated_at' in 'field list'
CRITICAL - 2022-07-27 22:55:43 --> Unknown column 'updated_at' in 'field list'
#0 C:\xampp\htdocs\visitas\system\Database\MySQLi\Connection.php(292): mysqli->query('INSERT INTO `vi...', 0)
#1 C:\xampp\htdocs\visitas\system\Database\BaseConnection.php(670): CodeIgniter\Database\MySQLi\Connection->execute('INSERT INTO `vi...')
#2 C:\xampp\htdocs\visitas\system\Database\BaseConnection.php(598): CodeIgniter\Database\BaseConnection->simpleQuery('INSERT INTO `vi...')
#3 C:\xampp\htdocs\visitas\system\Database\BaseBuilder.php(1771): CodeIgniter\Database\BaseConnection->query('INSERT INTO `vi...', Array, false)
#4 C:\xampp\htdocs\visitas\system\Model.php(239): CodeIgniter\Database\BaseBuilder->insert()
#5 C:\xampp\htdocs\visitas\system\BaseModel.php(738): CodeIgniter\Model->doInsert(Array)
#6 C:\xampp\htdocs\visitas\system\Model.php(625): CodeIgniter\BaseModel->insert(Array, false)
#7 C:\xampp\htdocs\visitas\system\BaseModel.php(658): CodeIgniter\Model->insert(Array, false)
#8 C:\xampp\htdocs\visitas\app\Controllers\Visitantes.php(67): CodeIgniter\BaseModel->save(Array)
#9 C:\xampp\htdocs\visitas\system\CodeIgniter.php(832): App\Controllers\Visitantes->insertar()
#10 C:\xampp\htdocs\visitas\system\CodeIgniter.php(419): CodeIgniter\CodeIgniter->runController(Object(App\Controllers\Visitantes))
#11 C:\xampp\htdocs\visitas\system\CodeIgniter.php(326): CodeIgniter\CodeIgniter->handleRequest(NULL, Object(Config\Cache), false)
#12 C:\xampp\htdocs\visitas\public\index.php(37): CodeIgniter\CodeIgniter->run()
#13 {main}
CRITICAL - 2022-07-27 23:07:45 --> Undefined variable $titulo
#0 C:\xampp\htdocs\visitas\app\Views\visitantes\nuevo.php(4): CodeIgniter\Debug\Exceptions->errorHandler(2, 'Undefined varia...', 'C:\\xampp\\htdocs...', 4)
#1 C:\xampp\htdocs\visitas\system\View\View.php(210): include('C:\\xampp\\htdocs...')
#2 C:\xampp\htdocs\visitas\system\View\View.php(213): CodeIgniter\View\View->CodeIgniter\View\{closure}()
#3 C:\xampp\htdocs\visitas\system\Common.php(1089): CodeIgniter\View\View->render('visitantes/nuev...', Array, true)
#4 C:\xampp\htdocs\visitas\app\Controllers\Visitantes.php(53): view('visitantes/nuev...', Array)
#5 C:\xampp\htdocs\visitas\system\CodeIgniter.php(832): App\Controllers\Visitantes->nuevo()
#6 C:\xampp\htdocs\visitas\system\CodeIgniter.php(419): CodeIgniter\CodeIgniter->runController(Object(App\Controllers\Visitantes))
#7 C:\xampp\htdocs\visitas\system\CodeIgniter.php(326): CodeIgniter\CodeIgniter->handleRequest(NULL, Object(Config\Cache), false)
#8 C:\xampp\htdocs\visitas\public\index.php(37): CodeIgniter\CodeIgniter->run()
#9 {main}
CRITICAL - 2022-07-27 23:07:49 --> Undefined variable $titulo
#0 C:\xampp\htdocs\visitas\app\Views\visitantes\nuevo.php(4): CodeIgniter\Debug\Exceptions->errorHandler(2, 'Undefined varia...', 'C:\\xampp\\htdocs...', 4)
#1 C:\xampp\htdocs\visitas\system\View\View.php(210): include('C:\\xampp\\htdocs...')
#2 C:\xampp\htdocs\visitas\system\View\View.php(213): CodeIgniter\View\View->CodeIgniter\View\{closure}()
#3 C:\xampp\htdocs\visitas\system\Common.php(1089): CodeIgniter\View\View->render('visitantes/nuev...', Array, true)
#4 C:\xampp\htdocs\visitas\app\Controllers\Visitantes.php(53): view('visitantes/nuev...', Array)
#5 C:\xampp\htdocs\visitas\system\CodeIgniter.php(832): App\Controllers\Visitantes->nuevo()
#6 C:\xampp\htdocs\visitas\system\CodeIgniter.php(419): CodeIgniter\CodeIgniter->runController(Object(App\Controllers\Visitantes))
#7 C:\xampp\htdocs\visitas\system\CodeIgniter.php(326): CodeIgniter\CodeIgniter->handleRequest(NULL, Object(Config\Cache), false)
#8 C:\xampp\htdocs\visitas\public\index.php(37): CodeIgniter\CodeIgniter->run()
#9 {main}
CRITICAL - 2022-07-27 23:09:05 --> Undefined variable $titulo
#0 C:\xampp\htdocs\visitas\app\Views\visitantes\nuevo.php(4): CodeIgniter\Debug\Exceptions->errorHandler(2, 'Undefined varia...', 'C:\\xampp\\htdocs...', 4)
#1 C:\xampp\htdocs\visitas\system\View\View.php(210): include('C:\\xampp\\htdocs...')
#2 C:\xampp\htdocs\visitas\system\View\View.php(213): CodeIgniter\View\View->CodeIgniter\View\{closure}()
#3 C:\xampp\htdocs\visitas\system\Common.php(1089): CodeIgniter\View\View->render('visitantes/nuev...', Array, true)
#4 C:\xampp\htdocs\visitas\app\Controllers\Visitantes.php(53): view('visitantes/nuev...', Array)
#5 C:\xampp\htdocs\visitas\system\CodeIgniter.php(832): App\Controllers\Visitantes->nuevo()
#6 C:\xampp\htdocs\visitas\system\CodeIgniter.php(419): CodeIgniter\CodeIgniter->runController(Object(App\Controllers\Visitantes))
#7 C:\xampp\htdocs\visitas\system\CodeIgniter.php(326): CodeIgniter\CodeIgniter->handleRequest(NULL, Object(Config\Cache), false)
#8 C:\xampp\htdocs\visitas\public\index.php(37): CodeIgniter\CodeIgniter->run()
#9 {main}
CRITICAL - 2022-07-27 23:10:01 --> Undefined variable $titulo
#0 C:\xampp\htdocs\visitas\app\Views\visitantes\nuevo.php(4): CodeIgniter\Debug\Exceptions->errorHandler(2, 'Undefined varia...', 'C:\\xampp\\htdocs...', 4)
#1 C:\xampp\htdocs\visitas\system\View\View.php(210): include('C:\\xampp\\htdocs...')
#2 C:\xampp\htdocs\visitas\system\View\View.php(213): CodeIgniter\View\View->CodeIgniter\View\{closure}()
#3 C:\xampp\htdocs\visitas\system\Common.php(1089): CodeIgniter\View\View->render('visitantes/nuev...', Array, true)
#4 C:\xampp\htdocs\visitas\app\Controllers\Visitantes.php(53): view('visitantes/nuev...', Array)
#5 C:\xampp\htdocs\visitas\system\CodeIgniter.php(832): App\Controllers\Visitantes->nuevo()
#6 C:\xampp\htdocs\visitas\system\CodeIgniter.php(419): CodeIgniter\CodeIgniter->runController(Object(App\Controllers\Visitantes))
#7 C:\xampp\htdocs\visitas\system\CodeIgniter.php(326): CodeIgniter\CodeIgniter->handleRequest(NULL, Object(Config\Cache), false)
#8 C:\xampp\htdocs\visitas\public\index.php(37): CodeIgniter\CodeIgniter->run()
#9 {main}
CRITICAL - 2022-07-27 23:15:38 --> Undefined variable $titulo
#0 C:\xampp\htdocs\visitas\app\Views\visitantes\nuevo.php(4): CodeIgniter\Debug\Exceptions->errorHandler(2, 'Undefined varia...', 'C:\\xampp\\htdocs...', 4)
#1 C:\xampp\htdocs\visitas\system\View\View.php(210): include('C:\\xampp\\htdocs...')
#2 C:\xampp\htdocs\visitas\system\View\View.php(213): CodeIgniter\View\View->CodeIgniter\View\{closure}()
#3 C:\xampp\htdocs\visitas\system\Common.php(1089): CodeIgniter\View\View->render('visitantes/nuev...', Array, true)
#4 C:\xampp\htdocs\visitas\app\Controllers\Visitantes.php(53): view('visitantes/nuev...', Array)
#5 C:\xampp\htdocs\visitas\system\CodeIgniter.php(832): App\Controllers\Visitantes->nuevo()
#6 C:\xampp\htdocs\visitas\system\CodeIgniter.php(419): CodeIgniter\CodeIgniter->runController(Object(App\Controllers\Visitantes))
#7 C:\xampp\htdocs\visitas\system\CodeIgniter.php(326): CodeIgniter\CodeIgniter->handleRequest(NULL, Object(Config\Cache), false)
#8 C:\xampp\htdocs\visitas\public\index.php(37): CodeIgniter\CodeIgniter->run()
#9 {main}
ERROR - 2022-07-27 23:17:05 --> Unknown column 'updated_at' in 'field list'
CRITICAL - 2022-07-27 23:17:05 --> Unknown column 'updated_at' in 'field list'
#0 C:\xampp\htdocs\visitas\system\Database\MySQLi\Connection.php(292): mysqli->query('UPDATE `visitan...', 0)
#1 C:\xampp\htdocs\visitas\system\Database\BaseConnection.php(670): CodeIgniter\Database\MySQLi\Connection->execute('UPDATE `visitan...')
#2 C:\xampp\htdocs\visitas\system\Database\BaseConnection.php(598): CodeIgniter\Database\BaseConnection->simpleQuery('UPDATE `visitan...')
#3 C:\xampp\htdocs\visitas\system\Database\BaseBuilder.php(1913): CodeIgniter\Database\BaseConnection->query('UPDATE `visitan...', Array, false)
#4 C:\xampp\htdocs\visitas\system\Model.php(298): CodeIgniter\Database\BaseBuilder->update()
#5 C:\xampp\htdocs\visitas\system\BaseModel.php(865): CodeIgniter\Model->doUpdate(Array, Array)
#6 C:\xampp\htdocs\visitas\system\Model.php(651): CodeIgniter\BaseModel->update(Array, Array)
#7 C:\xampp\htdocs\visitas\app\Controllers\Visitantes.php(89): CodeIgniter\Model->update('2', Array)
#8 C:\xampp\htdocs\visitas\system\CodeIgniter.php(832): App\Controllers\Visitantes->eliminar('2')
#9 C:\xampp\htdocs\visitas\system\CodeIgniter.php(419): CodeIgniter\CodeIgniter->runController(Object(App\Controllers\Visitantes))
#10 C:\xampp\htdocs\visitas\system\CodeIgniter.php(326): CodeIgniter\CodeIgniter->handleRequest(NULL, Object(Config\Cache), false)
#11 C:\xampp\htdocs\visitas\public\index.php(37): CodeIgniter\CodeIgniter->run()
#12 {main}
CRITICAL - 2022-07-27 23:17:11 --> Undefined variable $titulo
#0 C:\xampp\htdocs\visitas\app\Views\visitantes\nuevo.php(4): CodeIgniter\Debug\Exceptions->errorHandler(2, 'Undefined varia...', 'C:\\xampp\\htdocs...', 4)
#1 C:\xampp\htdocs\visitas\system\View\View.php(210): include('C:\\xampp\\htdocs...')
#2 C:\xampp\htdocs\visitas\system\View\View.php(213): CodeIgniter\View\View->CodeIgniter\View\{closure}()
#3 C:\xampp\htdocs\visitas\system\Common.php(1089): CodeIgniter\View\View->render('visitantes/nuev...', Array, true)
#4 C:\xampp\htdocs\visitas\app\Controllers\Visitantes.php(53): view('visitantes/nuev...', Array)
#5 C:\xampp\htdocs\visitas\system\CodeIgniter.php(832): App\Controllers\Visitantes->nuevo()
#6 C:\xampp\htdocs\visitas\system\CodeIgniter.php(419): CodeIgniter\CodeIgniter->runController(Object(App\Controllers\Visitantes))
#7 C:\xampp\htdocs\visitas\system\CodeIgniter.php(326): CodeIgniter\CodeIgniter->handleRequest(NULL, Object(Config\Cache), false)
#8 C:\xampp\htdocs\visitas\public\index.php(37): CodeIgniter\CodeIgniter->run()
#9 {main}
ERROR - 2022-07-27 23:33:31 --> Unknown column 'updated_at' in 'field list'
CRITICAL - 2022-07-27 23:33:31 --> Unknown column 'updated_at' in 'field list'
#0 C:\xampp\htdocs\visitas\system\Database\MySQLi\Connection.php(292): mysqli->query('INSERT INTO `vi...', 0)
#1 C:\xampp\htdocs\visitas\system\Database\BaseConnection.php(670): CodeIgniter\Database\MySQLi\Connection->execute('INSERT INTO `vi...')
#2 C:\xampp\htdocs\visitas\system\Database\BaseConnection.php(598): CodeIgniter\Database\BaseConnection->simpleQuery('INSERT INTO `vi...')
#3 C:\xampp\htdocs\visitas\system\Database\BaseBuilder.php(1771): CodeIgniter\Database\BaseConnection->query('INSERT INTO `vi...', Array, false)
#4 C:\xampp\htdocs\visitas\system\Model.php(239): CodeIgniter\Database\BaseBuilder->insert()
#5 C:\xampp\htdocs\visitas\system\BaseModel.php(738): CodeIgniter\Model->doInsert(Array)
#6 C:\xampp\htdocs\visitas\system\Model.php(625): CodeIgniter\BaseModel->insert(Array, false)
#7 C:\xampp\htdocs\visitas\system\BaseModel.php(658): CodeIgniter\Model->insert(Array, false)
#8 C:\xampp\htdocs\visitas\app\Controllers\Visitantes.php(69): CodeIgniter\BaseModel->save(Array)
#9 C:\xampp\htdocs\visitas\system\CodeIgniter.php(832): App\Controllers\Visitantes->insertar()
#10 C:\xampp\htdocs\visitas\system\CodeIgniter.php(419): CodeIgniter\CodeIgniter->runController(Object(App\Controllers\Visitantes))
#11 C:\xampp\htdocs\visitas\system\CodeIgniter.php(326): CodeIgniter\CodeIgniter->handleRequest(NULL, Object(Config\Cache), false)
#12 C:\xampp\htdocs\visitas\public\index.php(37): CodeIgniter\CodeIgniter->run()
#13 {main}
ERROR - 2022-07-27 23:41:57 --> Unknown column 'updated_at' in 'field list'
CRITICAL - 2022-07-27 23:41:57 --> Unknown column 'updated_at' in 'field list'
#0 C:\xampp\htdocs\visitas\system\Database\MySQLi\Connection.php(292): mysqli->query('INSERT INTO `vi...', 0)
#1 C:\xampp\htdocs\visitas\system\Database\BaseConnection.php(670): CodeIgniter\Database\MySQLi\Connection->execute('INSERT INTO `vi...')
#2 C:\xampp\htdocs\visitas\system\Database\BaseConnection.php(598): CodeIgniter\Database\BaseConnection->simpleQuery('INSERT INTO `vi...')
#3 C:\xampp\htdocs\visitas\system\Database\BaseBuilder.php(1771): CodeIgniter\Database\BaseConnection->query('INSERT INTO `vi...', Array, false)
#4 C:\xampp\htdocs\visitas\system\Model.php(239): CodeIgniter\Database\BaseBuilder->insert()
#5 C:\xampp\htdocs\visitas\system\BaseModel.php(738): CodeIgniter\Model->doInsert(Array)
#6 C:\xampp\htdocs\visitas\system\Model.php(625): CodeIgniter\BaseModel->insert(Array, false)
#7 C:\xampp\htdocs\visitas\system\BaseModel.php(658): CodeIgniter\Model->insert(Array, false)
#8 C:\xampp\htdocs\visitas\app\Controllers\Visitantes.php(69): CodeIgniter\BaseModel->save(Array)
#9 C:\xampp\htdocs\visitas\system\CodeIgniter.php(832): App\Controllers\Visitantes->insertar()
#10 C:\xampp\htdocs\visitas\system\CodeIgniter.php(419): CodeIgniter\CodeIgniter->runController(Object(App\Controllers\Visitantes))
#11 C:\xampp\htdocs\visitas\system\CodeIgniter.php(326): CodeIgniter\CodeIgniter->handleRequest(NULL, Object(Config\Cache), false)
#12 C:\xampp\htdocs\visitas\public\index.php(37): CodeIgniter\CodeIgniter->run()
#13 {main}
ERROR - 2022-07-27 23:46:20 --> Unknown column 'updated_at' in 'field list'
CRITICAL - 2022-07-27 23:46:20 --> Unknown column 'updated_at' in 'field list'
#0 C:\xampp\htdocs\visitas\system\Database\MySQLi\Connection.php(292): mysqli->query('INSERT INTO `vi...', 0)
#1 C:\xampp\htdocs\visitas\system\Database\BaseConnection.php(670): CodeIgniter\Database\MySQLi\Connection->execute('INSERT INTO `vi...')
#2 C:\xampp\htdocs\visitas\system\Database\BaseConnection.php(598): CodeIgniter\Database\BaseConnection->simpleQuery('INSERT INTO `vi...')
#3 C:\xampp\htdocs\visitas\system\Database\BaseBuilder.php(1771): CodeIgniter\Database\BaseConnection->query('INSERT INTO `vi...', Array, false)
#4 C:\xampp\htdocs\visitas\system\Model.php(239): CodeIgniter\Database\BaseBuilder->insert()
#5 C:\xampp\htdocs\visitas\system\BaseModel.php(738): CodeIgniter\Model->doInsert(Array)
#6 C:\xampp\htdocs\visitas\system\Model.php(625): CodeIgniter\BaseModel->insert(Array, false)
#7 C:\xampp\htdocs\visitas\system\BaseModel.php(658): CodeIgniter\Model->insert(Array, false)
#8 C:\xampp\htdocs\visitas\app\Controllers\Visitantes.php(69): CodeIgniter\BaseModel->save(Array)
#9 C:\xampp\htdocs\visitas\system\CodeIgniter.php(832): App\Controllers\Visitantes->insertar()
#10 C:\xampp\htdocs\visitas\system\CodeIgniter.php(419): CodeIgniter\CodeIgniter->runController(Object(App\Controllers\Visitantes))
#11 C:\xampp\htdocs\visitas\system\CodeIgniter.php(326): CodeIgniter\CodeIgniter->handleRequest(NULL, Object(Config\Cache), false)
#12 C:\xampp\htdocs\visitas\public\index.php(37): CodeIgniter\CodeIgniter->run()
#13 {main}
ERROR - 2022-07-27 23:47:32 --> Unknown column 'updated_at' in 'field list'
CRITICAL - 2022-07-27 23:47:32 --> Unknown column 'updated_at' in 'field list'
#0 C:\xampp\htdocs\visitas\system\Database\MySQLi\Connection.php(292): mysqli->query('INSERT INTO `vi...', 0)
#1 C:\xampp\htdocs\visitas\system\Database\BaseConnection.php(670): CodeIgniter\Database\MySQLi\Connection->execute('INSERT INTO `vi...')
#2 C:\xampp\htdocs\visitas\system\Database\BaseConnection.php(598): CodeIgniter\Database\BaseConnection->simpleQuery('INSERT INTO `vi...')
#3 C:\xampp\htdocs\visitas\system\Database\BaseBuilder.php(1771): CodeIgniter\Database\BaseConnection->query('INSERT INTO `vi...', Array, false)
#4 C:\xampp\htdocs\visitas\system\Model.php(239): CodeIgniter\Database\BaseBuilder->insert()
#5 C:\xampp\htdocs\visitas\system\BaseModel.php(738): CodeIgniter\Model->doInsert(Array)
#6 C:\xampp\htdocs\visitas\system\Model.php(625): CodeIgniter\BaseModel->insert(Array, false)
#7 C:\xampp\htdocs\visitas\system\BaseModel.php(658): CodeIgniter\Model->insert(Array, false)
#8 C:\xampp\htdocs\visitas\app\Controllers\Visitantes.php(69): CodeIgniter\BaseModel->save(Array)
#9 C:\xampp\htdocs\visitas\system\CodeIgniter.php(832): App\Controllers\Visitantes->insertar()
#10 C:\xampp\htdocs\visitas\system\CodeIgniter.php(419): CodeIgniter\CodeIgniter->runController(Object(App\Controllers\Visitantes))
#11 C:\xampp\htdocs\visitas\system\CodeIgniter.php(326): CodeIgniter\CodeIgniter->handleRequest(NULL, Object(Config\Cache), false)
#12 C:\xampp\htdocs\visitas\public\index.php(37): CodeIgniter\CodeIgniter->run()
#13 {main}
