CRITICAL - 2024-03-06 14:30:47 --> Cannot redeclare App\Controllers\Unidades::insertar()
#0 [internal function]: CodeIgniter\Debug\Exceptions->shutdownHandler()
#1 {main}
CRITICAL - 2024-03-06 14:30:52 --> Cannot redeclare App\Controllers\Unidades::insertar()
#0 [internal function]: CodeIgniter\Debug\Exceptions->shutdownHandler()
#1 {main}
CRITICAL - 2024-03-06 14:31:00 --> Cannot redeclare App\Controllers\Unidades::insertar()
#0 [internal function]: CodeIgniter\Debug\Exceptions->shutdownHandler()
#1 {main}
CRITICAL - 2024-03-06 14:32:08 --> Too few arguments to function App\Controllers\Unidades::editar(), 0 passed in C:\xampp\htdocs\punto_venta\system\CodeIgniter.php on line 832 and exactly 1 expected
#0 C:\xampp\htdocs\punto_venta\system\CodeIgniter.php(832): App\Controllers\Unidades->editar()
#1 C:\xampp\htdocs\punto_venta\system\CodeIgniter.php(419): CodeIgniter\CodeIgniter->runController(Object(App\Controllers\Unidades))
#2 C:\xampp\htdocs\punto_venta\system\CodeIgniter.php(326): CodeIgniter\CodeIgniter->handleRequest(NULL, Object(Config\Cache), false)
#3 C:\xampp\htdocs\punto_venta\public\index.php(37): CodeIgniter\CodeIgniter->run()
#4 {main}
CRITICAL - 2024-03-06 14:41:58 --> Too few arguments to function App\Controllers\Unidades::editar(), 0 passed in C:\xampp\htdocs\punto_venta\system\CodeIgniter.php on line 832 and exactly 1 expected
#0 C:\xampp\htdocs\punto_venta\system\CodeIgniter.php(832): App\Controllers\Unidades->editar()
#1 C:\xampp\htdocs\punto_venta\system\CodeIgniter.php(419): CodeIgniter\CodeIgniter->runController(Object(App\Controllers\Unidades))
#2 C:\xampp\htdocs\punto_venta\system\CodeIgniter.php(326): CodeIgniter\CodeIgniter->handleRequest(NULL, Object(Config\Cache), false)
#3 C:\xampp\htdocs\punto_venta\public\index.php(37): CodeIgniter\CodeIgniter->run()
#4 {main}
CRITICAL - 2024-03-06 14:42:00 --> Too few arguments to function App\Controllers\Unidades::editar(), 0 passed in C:\xampp\htdocs\punto_venta\system\CodeIgniter.php on line 832 and exactly 1 expected
#0 C:\xampp\htdocs\punto_venta\system\CodeIgniter.php(832): App\Controllers\Unidades->editar()
#1 C:\xampp\htdocs\punto_venta\system\CodeIgniter.php(419): CodeIgniter\CodeIgniter->runController(Object(App\Controllers\Unidades))
#2 C:\xampp\htdocs\punto_venta\system\CodeIgniter.php(326): CodeIgniter\CodeIgniter->handleRequest(NULL, Object(Config\Cache), false)
#3 C:\xampp\htdocs\punto_venta\public\index.php(37): CodeIgniter\CodeIgniter->run()
#4 {main}
CRITICAL - 2024-03-06 14:46:10 --> syntax error, unexpected token ">"
#0 C:\xampp\htdocs\punto_venta\system\View\View.php(213): CodeIgniter\View\View->CodeIgniter\View\{closure}()
#1 C:\xampp\htdocs\punto_venta\system\Common.php(1089): CodeIgniter\View\View->render('unidades/editar', Array, true)
#2 C:\xampp\htdocs\punto_venta\app\Controllers\Unidades.php(50): view('unidades/editar', Array)
#3 C:\xampp\htdocs\punto_venta\system\CodeIgniter.php(832): App\Controllers\Unidades->editar('6')
#4 C:\xampp\htdocs\punto_venta\system\CodeIgniter.php(419): CodeIgniter\CodeIgniter->runController(Object(App\Controllers\Unidades))
#5 C:\xampp\htdocs\punto_venta\system\CodeIgniter.php(326): CodeIgniter\CodeIgniter->handleRequest(NULL, Object(Config\Cache), false)
#6 C:\xampp\htdocs\punto_venta\public\index.php(37): CodeIgniter\CodeIgniter->run()
#7 {main}
CRITICAL - 2024-03-06 15:19:00 --> There is no data to update.
#0 C:\xampp\htdocs\punto_venta\system\BaseModel.php(1574): CodeIgniter\Database\Exceptions\DataException::forEmptyDataset('update')
#1 C:\xampp\htdocs\punto_venta\system\BaseModel.php(832): CodeIgniter\BaseModel->transformDataToArray(NULL, 'update')
#2 C:\xampp\htdocs\punto_venta\system\Model.php(651): CodeIgniter\BaseModel->update(Array, NULL)
#3 C:\xampp\htdocs\punto_venta\app\Controllers\Unidades.php(57): CodeIgniter\Model->update(Array)
#4 C:\xampp\htdocs\punto_venta\system\CodeIgniter.php(832): App\Controllers\Unidades->actualizar()
#5 C:\xampp\htdocs\punto_venta\system\CodeIgniter.php(419): CodeIgniter\CodeIgniter->runController(Object(App\Controllers\Unidades))
#6 C:\xampp\htdocs\punto_venta\system\CodeIgniter.php(326): CodeIgniter\CodeIgniter->handleRequest(NULL, Object(Config\Cache), false)
#7 C:\xampp\htdocs\punto_venta\public\index.php(37): CodeIgniter\CodeIgniter->run()
#8 {main}
CRITICAL - 2024-03-06 15:23:00 --> Undefined variable $dato
#0 C:\xampp\htdocs\punto_venta\app\Views\unidades\editar.php(6): CodeIgniter\Debug\Exceptions->errorHandler(2, 'Undefined varia...', 'C:\\xampp\\htdocs...', 6)
#1 C:\xampp\htdocs\punto_venta\system\View\View.php(210): include('C:\\xampp\\htdocs...')
#2 C:\xampp\htdocs\punto_venta\system\View\View.php(213): CodeIgniter\View\View->CodeIgniter\View\{closure}()
#3 C:\xampp\htdocs\punto_venta\system\Common.php(1089): CodeIgniter\View\View->render('unidades/editar', Array, true)
#4 C:\xampp\htdocs\punto_venta\app\Controllers\Unidades.php(50): view('unidades/editar', Array)
#5 C:\xampp\htdocs\punto_venta\system\CodeIgniter.php(832): App\Controllers\Unidades->editar('9')
#6 C:\xampp\htdocs\punto_venta\system\CodeIgniter.php(419): CodeIgniter\CodeIgniter->runController(Object(App\Controllers\Unidades))
#7 C:\xampp\htdocs\punto_venta\system\CodeIgniter.php(326): CodeIgniter\CodeIgniter->handleRequest(NULL, Object(Config\Cache), false)
#8 C:\xampp\htdocs\punto_venta\public\index.php(37): CodeIgniter\CodeIgniter->run()
#9 {main}
CRITICAL - 2024-03-06 15:23:13 --> Undefined variable $dato
#0 C:\xampp\htdocs\punto_venta\app\Views\unidades\editar.php(6): CodeIgniter\Debug\Exceptions->errorHandler(2, 'Undefined varia...', 'C:\\xampp\\htdocs...', 6)
#1 C:\xampp\htdocs\punto_venta\system\View\View.php(210): include('C:\\xampp\\htdocs...')
#2 C:\xampp\htdocs\punto_venta\system\View\View.php(213): CodeIgniter\View\View->CodeIgniter\View\{closure}()
#3 C:\xampp\htdocs\punto_venta\system\Common.php(1089): CodeIgniter\View\View->render('unidades/editar', Array, true)
#4 C:\xampp\htdocs\punto_venta\app\Controllers\Unidades.php(50): view('unidades/editar', Array)
#5 C:\xampp\htdocs\punto_venta\system\CodeIgniter.php(832): App\Controllers\Unidades->editar('6')
#6 C:\xampp\htdocs\punto_venta\system\CodeIgniter.php(419): CodeIgniter\CodeIgniter->runController(Object(App\Controllers\Unidades))
#7 C:\xampp\htdocs\punto_venta\system\CodeIgniter.php(326): CodeIgniter\CodeIgniter->handleRequest(NULL, Object(Config\Cache), false)
#8 C:\xampp\htdocs\punto_venta\public\index.php(37): CodeIgniter\CodeIgniter->run()
#9 {main}
CRITICAL - 2024-03-06 15:29:12 --> There is no data to update.
#0 C:\xampp\htdocs\punto_venta\system\BaseModel.php(1574): CodeIgniter\Database\Exceptions\DataException::forEmptyDataset('update')
#1 C:\xampp\htdocs\punto_venta\system\BaseModel.php(832): CodeIgniter\BaseModel->transformDataToArray(NULL, 'update')
#2 C:\xampp\htdocs\punto_venta\system\Model.php(651): CodeIgniter\BaseModel->update(Array, NULL)
#3 C:\xampp\htdocs\punto_venta\app\Controllers\Unidades.php(57): CodeIgniter\Model->update(Array)
#4 C:\xampp\htdocs\punto_venta\system\CodeIgniter.php(832): App\Controllers\Unidades->actualizar()
#5 C:\xampp\htdocs\punto_venta\system\CodeIgniter.php(419): CodeIgniter\CodeIgniter->runController(Object(App\Controllers\Unidades))
#6 C:\xampp\htdocs\punto_venta\system\CodeIgniter.php(326): CodeIgniter\CodeIgniter->handleRequest(NULL, Object(Config\Cache), false)
#7 C:\xampp\htdocs\punto_venta\public\index.php(37): CodeIgniter\CodeIgniter->run()
#8 {main}
CRITICAL - 2024-03-06 15:31:43 --> There is no data to update.
#0 C:\xampp\htdocs\punto_venta\system\BaseModel.php(1574): CodeIgniter\Database\Exceptions\DataException::forEmptyDataset('update')
#1 C:\xampp\htdocs\punto_venta\system\BaseModel.php(832): CodeIgniter\BaseModel->transformDataToArray(NULL, 'update')
#2 C:\xampp\htdocs\punto_venta\system\Model.php(651): CodeIgniter\BaseModel->update(Array, NULL)
#3 C:\xampp\htdocs\punto_venta\app\Controllers\Unidades.php(57): CodeIgniter\Model->update(Array)
#4 C:\xampp\htdocs\punto_venta\system\CodeIgniter.php(832): App\Controllers\Unidades->actualizar()
#5 C:\xampp\htdocs\punto_venta\system\CodeIgniter.php(419): CodeIgniter\CodeIgniter->runController(Object(App\Controllers\Unidades))
#6 C:\xampp\htdocs\punto_venta\system\CodeIgniter.php(326): CodeIgniter\CodeIgniter->handleRequest(NULL, Object(Config\Cache), false)
#7 C:\xampp\htdocs\punto_venta\public\index.php(37): CodeIgniter\CodeIgniter->run()
#8 {main}
CRITICAL - 2024-03-06 15:31:58 --> There is no data to update.
#0 C:\xampp\htdocs\punto_venta\system\BaseModel.php(1574): CodeIgniter\Database\Exceptions\DataException::forEmptyDataset('update')
#1 C:\xampp\htdocs\punto_venta\system\BaseModel.php(832): CodeIgniter\BaseModel->transformDataToArray(NULL, 'update')
#2 C:\xampp\htdocs\punto_venta\system\Model.php(651): CodeIgniter\BaseModel->update(Array, NULL)
#3 C:\xampp\htdocs\punto_venta\app\Controllers\Unidades.php(57): CodeIgniter\Model->update(Array)
#4 C:\xampp\htdocs\punto_venta\system\CodeIgniter.php(832): App\Controllers\Unidades->actualizar()
#5 C:\xampp\htdocs\punto_venta\system\CodeIgniter.php(419): CodeIgniter\CodeIgniter->runController(Object(App\Controllers\Unidades))
#6 C:\xampp\htdocs\punto_venta\system\CodeIgniter.php(326): CodeIgniter\CodeIgniter->handleRequest(NULL, Object(Config\Cache), false)
#7 C:\xampp\htdocs\punto_venta\public\index.php(37): CodeIgniter\CodeIgniter->run()
#8 {main}
CRITICAL - 2024-03-06 15:43:22 --> syntax error, unexpected token "=", expecting "]"
#0 C:\xampp\htdocs\punto_venta\system\Router\Router.php(175): CodeIgniter\Router\Router->autoRoute('unidades')
#1 C:\xampp\htdocs\punto_venta\system\CodeIgniter.php(726): CodeIgniter\Router\Router->handle('unidades')
#2 C:\xampp\htdocs\punto_venta\system\CodeIgniter.php(368): CodeIgniter\CodeIgniter->tryToRouteIt(Object(CodeIgniter\Router\RouteCollection))
#3 C:\xampp\htdocs\punto_venta\system\CodeIgniter.php(326): CodeIgniter\CodeIgniter->handleRequest(NULL, Object(Config\Cache), false)
#4 C:\xampp\htdocs\punto_venta\public\index.php(37): CodeIgniter\CodeIgniter->run()
#5 {main}
ERROR - 2024-03-06 15:44:15 --> ErrorException: pg_query(): Query failed: ERROR:  la columna «activo» es de tipo bit pero la expresión es de tipo integer
LINE 1: UPDATE &quot;pos&quot;.&quot;unidades&quot; SET &quot;activo&quot; = 0, &quot;fecha_edit&quot; = '20...
                                               ^
HINT:  Necesitará reescribir la expresión o aplicarle una conversión de tipo. in C:\xampp\htdocs\punto_venta\system\Database\Postgre\Connection.php:135
Stack trace:
#0 [internal function]: CodeIgniter\Debug\Exceptions->errorHandler(2, 'pg_query(): Que...', 'C:\\xampp\\htdocs...', 135)
#1 C:\xampp\htdocs\punto_venta\system\Database\Postgre\Connection.php(135): pg_query(Resource id #122, 'UPDATE "pos"."u...')
#2 C:\xampp\htdocs\punto_venta\system\Database\BaseConnection.php(670): CodeIgniter\Database\Postgre\Connection->execute('UPDATE "pos"."u...')
#3 C:\xampp\htdocs\punto_venta\system\Database\BaseConnection.php(598): CodeIgniter\Database\BaseConnection->simpleQuery('UPDATE "pos"."u...')
#4 C:\xampp\htdocs\punto_venta\system\Database\BaseBuilder.php(1913): CodeIgniter\Database\BaseConnection->query('UPDATE "pos"."u...', Array, false)
#5 C:\xampp\htdocs\punto_venta\system\Model.php(298): CodeIgniter\Database\BaseBuilder->update()
#6 C:\xampp\htdocs\punto_venta\system\BaseModel.php(865): CodeIgniter\Model->doUpdate(Array, Array)
#7 C:\xampp\htdocs\punto_venta\system\Model.php(651): CodeIgniter\BaseModel->update(Array, Array)
#8 C:\xampp\htdocs\punto_venta\app\Controllers\Unidades.php(63): CodeIgniter\Model->update('9', Array)
#9 C:\xampp\htdocs\punto_venta\system\CodeIgniter.php(832): App\Controllers\Unidades->eliminar('9')
#10 C:\xampp\htdocs\punto_venta\system\CodeIgniter.php(419): CodeIgniter\CodeIgniter->runController(Object(App\Controllers\Unidades))
#11 C:\xampp\htdocs\punto_venta\system\CodeIgniter.php(326): CodeIgniter\CodeIgniter->handleRequest(NULL, Object(Config\Cache), false)
#12 C:\xampp\htdocs\punto_venta\public\index.php(37): CodeIgniter\CodeIgniter->run()
#13 {main}
CRITICAL - 2024-03-06 15:44:15 --> pg_query(): Query failed: ERROR:  la columna «activo» es de tipo bit pero la expresión es de tipo integer
LINE 1: UPDATE &quot;pos&quot;.&quot;unidades&quot; SET &quot;activo&quot; = 0, &quot;fecha_edit&quot; = '20...
                                               ^
HINT:  Necesitará reescribir la expresión o aplicarle una conversión de tipo.
#0 [internal function]: CodeIgniter\Debug\Exceptions->errorHandler(2, 'pg_query(): Que...', 'C:\\xampp\\htdocs...', 135)
#1 C:\xampp\htdocs\punto_venta\system\Database\Postgre\Connection.php(135): pg_query(Resource id #122, 'UPDATE "pos"."u...')
#2 C:\xampp\htdocs\punto_venta\system\Database\BaseConnection.php(670): CodeIgniter\Database\Postgre\Connection->execute('UPDATE "pos"."u...')
#3 C:\xampp\htdocs\punto_venta\system\Database\BaseConnection.php(598): CodeIgniter\Database\BaseConnection->simpleQuery('UPDATE "pos"."u...')
#4 C:\xampp\htdocs\punto_venta\system\Database\BaseBuilder.php(1913): CodeIgniter\Database\BaseConnection->query('UPDATE "pos"."u...', Array, false)
#5 C:\xampp\htdocs\punto_venta\system\Model.php(298): CodeIgniter\Database\BaseBuilder->update()
#6 C:\xampp\htdocs\punto_venta\system\BaseModel.php(865): CodeIgniter\Model->doUpdate(Array, Array)
#7 C:\xampp\htdocs\punto_venta\system\Model.php(651): CodeIgniter\BaseModel->update(Array, Array)
#8 C:\xampp\htdocs\punto_venta\app\Controllers\Unidades.php(63): CodeIgniter\Model->update('9', Array)
#9 C:\xampp\htdocs\punto_venta\system\CodeIgniter.php(832): App\Controllers\Unidades->eliminar('9')
#10 C:\xampp\htdocs\punto_venta\system\CodeIgniter.php(419): CodeIgniter\CodeIgniter->runController(Object(App\Controllers\Unidades))
#11 C:\xampp\htdocs\punto_venta\system\CodeIgniter.php(326): CodeIgniter\CodeIgniter->handleRequest(NULL, Object(Config\Cache), false)
#12 C:\xampp\htdocs\punto_venta\public\index.php(37): CodeIgniter\CodeIgniter->run()
#13 {main}
