CRITICAL - 2023-09-25 22:09:53 --> The framework needs the following extension(s) installed and loaded: intl.
#0 C:\xampp\htdocs\visitas\system\CodeIgniter.php(219): CodeIgniter\Exceptions\FrameworkException::forMissingExtension('intl')
#1 C:\xampp\htdocs\visitas\system\CodeIgniter.php(177): CodeIgniter\CodeIgniter->resolvePlatformExtensions()
#2 C:\xampp\htdocs\visitas\system\bootstrap.php(146): CodeIgniter\CodeIgniter->initialize()
#3 C:\xampp\htdocs\visitas\public\index.php(28): require('C:\\xampp\\htdocs...')
#4 {main}
CRITICAL - 2023-09-25 22:10:20 --> The framework needs the following extension(s) installed and loaded: intl.
#0 C:\xampp\htdocs\visitas\system\CodeIgniter.php(219): CodeIgniter\Exceptions\FrameworkException::forMissingExtension('intl')
#1 C:\xampp\htdocs\visitas\system\CodeIgniter.php(177): CodeIgniter\CodeIgniter->resolvePlatformExtensions()
#2 C:\xampp\htdocs\visitas\system\bootstrap.php(146): CodeIgniter\CodeIgniter->initialize()
#3 C:\xampp\htdocs\visitas\public\index.php(28): require('C:\\xampp\\htdocs...')
#4 {main}
CRITICAL - 2023-09-25 22:10:22 --> The framework needs the following extension(s) installed and loaded: intl.
#0 C:\xampp\htdocs\visitas\system\CodeIgniter.php(219): CodeIgniter\Exceptions\FrameworkException::forMissingExtension('intl')
#1 C:\xampp\htdocs\visitas\system\CodeIgniter.php(177): CodeIgniter\CodeIgniter->resolvePlatformExtensions()
#2 C:\xampp\htdocs\visitas\system\bootstrap.php(146): CodeIgniter\CodeIgniter->initialize()
#3 C:\xampp\htdocs\visitas\public\index.php(28): require('C:\\xampp\\htdocs...')
#4 {main}
CRITICAL - 2023-09-25 22:10:29 --> The framework needs the following extension(s) installed and loaded: intl.
#0 C:\xampp\htdocs\visitas\system\CodeIgniter.php(219): CodeIgniter\Exceptions\FrameworkException::forMissingExtension('intl')
#1 C:\xampp\htdocs\visitas\system\CodeIgniter.php(177): CodeIgniter\CodeIgniter->resolvePlatformExtensions()
#2 C:\xampp\htdocs\visitas\system\bootstrap.php(146): CodeIgniter\CodeIgniter->initialize()
#3 C:\xampp\htdocs\visitas\public\index.php(28): require('C:\\xampp\\htdocs...')
#4 {main}
CRITICAL - 2023-09-25 22:10:41 --> The framework needs the following extension(s) installed and loaded: intl.
#0 C:\xampp\htdocs\visitas\system\CodeIgniter.php(219): CodeIgniter\Exceptions\FrameworkException::forMissingExtension('intl')
#1 C:\xampp\htdocs\visitas\system\CodeIgniter.php(177): CodeIgniter\CodeIgniter->resolvePlatformExtensions()
#2 C:\xampp\htdocs\visitas\system\bootstrap.php(146): CodeIgniter\CodeIgniter->initialize()
#3 C:\xampp\htdocs\visitas\public\index.php(28): require('C:\\xampp\\htdocs...')
#4 {main}
CRITICAL - 2023-09-25 22:14:49 --> The framework needs the following extension(s) installed and loaded: intl.
#0 C:\xampp\htdocs\visitas\system\CodeIgniter.php(219): CodeIgniter\Exceptions\FrameworkException::forMissingExtension('intl')
#1 C:\xampp\htdocs\visitas\system\CodeIgniter.php(177): CodeIgniter\CodeIgniter->resolvePlatformExtensions()
#2 C:\xampp\htdocs\visitas\system\bootstrap.php(146): CodeIgniter\CodeIgniter->initialize()
#3 C:\xampp\htdocs\visitas\public\index.php(28): require('C:\\xampp\\htdocs...')
#4 {main}
CRITICAL - 2023-09-25 22:14:52 --> The framework needs the following extension(s) installed and loaded: intl.
#0 C:\xampp\htdocs\visitas\system\CodeIgniter.php(219): CodeIgniter\Exceptions\FrameworkException::forMissingExtension('intl')
#1 C:\xampp\htdocs\visitas\system\CodeIgniter.php(177): CodeIgniter\CodeIgniter->resolvePlatformExtensions()
#2 C:\xampp\htdocs\visitas\system\bootstrap.php(146): CodeIgniter\CodeIgniter->initialize()
#3 C:\xampp\htdocs\visitas\public\index.php(28): require('C:\\xampp\\htdocs...')
#4 {main}
CRITICAL - 2023-09-25 22:14:53 --> The framework needs the following extension(s) installed and loaded: intl.
#0 C:\xampp\htdocs\visitas\system\CodeIgniter.php(219): CodeIgniter\Exceptions\FrameworkException::forMissingExtension('intl')
#1 C:\xampp\htdocs\visitas\system\CodeIgniter.php(177): CodeIgniter\CodeIgniter->resolvePlatformExtensions()
#2 C:\xampp\htdocs\visitas\system\bootstrap.php(146): CodeIgniter\CodeIgniter->initialize()
#3 C:\xampp\htdocs\visitas\public\index.php(28): require('C:\\xampp\\htdocs...')
#4 {main}
CRITICAL - 2023-09-25 22:22:16 --> The framework needs the following extension(s) installed and loaded: intl.
#0 C:\xampp\htdocs\visitas\system\CodeIgniter.php(219): CodeIgniter\Exceptions\FrameworkException::forMissingExtension('intl')
#1 C:\xampp\htdocs\visitas\system\CodeIgniter.php(177): CodeIgniter\CodeIgniter->resolvePlatformExtensions()
#2 C:\xampp\htdocs\visitas\system\bootstrap.php(146): CodeIgniter\CodeIgniter->initialize()
#3 C:\xampp\htdocs\visitas\public\index.php(28): require('C:\\xampp\\htdocs...')
#4 {main}
CRITICAL - 2023-09-25 22:22:18 --> The framework needs the following extension(s) installed and loaded: intl.
#0 C:\xampp\htdocs\visitas\system\CodeIgniter.php(219): CodeIgniter\Exceptions\FrameworkException::forMissingExtension('intl')
#1 C:\xampp\htdocs\visitas\system\CodeIgniter.php(177): CodeIgniter\CodeIgniter->resolvePlatformExtensions()
#2 C:\xampp\htdocs\visitas\system\bootstrap.php(146): CodeIgniter\CodeIgniter->initialize()
#3 C:\xampp\htdocs\visitas\public\index.php(28): require('C:\\xampp\\htdocs...')
#4 {main}
CRITICAL - 2023-09-25 22:22:26 --> The framework needs the following extension(s) installed and loaded: intl.
#0 C:\xampp\htdocs\visitas\system\CodeIgniter.php(219): CodeIgniter\Exceptions\FrameworkException::forMissingExtension('intl')
#1 C:\xampp\htdocs\visitas\system\CodeIgniter.php(177): CodeIgniter\CodeIgniter->resolvePlatformExtensions()
#2 C:\xampp\htdocs\visitas\system\bootstrap.php(146): CodeIgniter\CodeIgniter->initialize()
#3 C:\xampp\htdocs\visitas\public\index.php(28): require('C:\\xampp\\htdocs...')
#4 {main}
CRITICAL - 2023-09-25 22:24:04 --> The framework needs the following extension(s) installed and loaded: intl.
#0 C:\xampp\htdocs\visitas\system\CodeIgniter.php(219): CodeIgniter\Exceptions\FrameworkException::forMissingExtension('intl')
#1 C:\xampp\htdocs\visitas\system\CodeIgniter.php(177): CodeIgniter\CodeIgniter->resolvePlatformExtensions()
#2 C:\xampp\htdocs\visitas\system\bootstrap.php(146): CodeIgniter\CodeIgniter->initialize()
#3 C:\xampp\htdocs\visitas\public\index.php(28): require('C:\\xampp\\htdocs...')
#4 {main}
CRITICAL - 2023-09-25 22:24:07 --> The framework needs the following extension(s) installed and loaded: intl.
#0 C:\xampp\htdocs\visitas\system\CodeIgniter.php(219): CodeIgniter\Exceptions\FrameworkException::forMissingExtension('intl')
#1 C:\xampp\htdocs\visitas\system\CodeIgniter.php(177): CodeIgniter\CodeIgniter->resolvePlatformExtensions()
#2 C:\xampp\htdocs\visitas\system\bootstrap.php(146): CodeIgniter\CodeIgniter->initialize()
#3 C:\xampp\htdocs\visitas\public\index.php(28): require('C:\\xampp\\htdocs...')
#4 {main}
