CRITICAL - 2022-06-30 01:17:59 --> Invalid file: motivos/motivos.php
#0 C:\xampp\htdocs\visitas\system\View\View.php(198): CodeIgniter\Exceptions\FrameworkException::forInvalidFile('motivos/motivos...')
#1 C:\xampp\htdocs\visitas\system\Common.php(1089): CodeIgniter\View\View->render('motivos/motivos', Array, true)
#2 C:\xampp\htdocs\visitas\app\Controllers\Motivos.php(23): view('motivos/motivos', Array)
#3 C:\xampp\htdocs\visitas\system\CodeIgniter.php(832): App\Controllers\Motivos->index()
#4 C:\xampp\htdocs\visitas\system\CodeIgniter.php(419): CodeIgniter\CodeIgniter->runController(Object(App\Controllers\Motivos))
#5 C:\xampp\htdocs\visitas\system\CodeIgniter.php(326): CodeIgniter\CodeIgniter->handleRequest(NULL, Object(Config\Cache), false)
#6 C:\xampp\htdocs\visitas\public\index.php(37): CodeIgniter\CodeIgniter->run()
#7 {main}
CRITICAL - 2022-06-30 02:10:44 --> Undefined variable $titulo
#0 C:\xampp\htdocs\visitas\app\Views\visitantes\nuevo.php(4): CodeIgniter\Debug\Exceptions->errorHandler(2, 'Undefined varia...', 'C:\\xampp\\htdocs...', 4)
#1 C:\xampp\htdocs\visitas\system\View\View.php(210): include('C:\\xampp\\htdocs...')
#2 C:\xampp\htdocs\visitas\system\View\View.php(213): CodeIgniter\View\View->CodeIgniter\View\{closure}()
#3 C:\xampp\htdocs\visitas\system\Common.php(1089): CodeIgniter\View\View->render('visitantes/nuev...', Array, true)
#4 C:\xampp\htdocs\visitas\app\Controllers\Visitantes.php(41): view('visitantes/nuev...')
#5 C:\xampp\htdocs\visitas\system\CodeIgniter.php(832): App\Controllers\Visitantes->nuevo()
#6 C:\xampp\htdocs\visitas\system\CodeIgniter.php(419): CodeIgniter\CodeIgniter->runController(Object(App\Controllers\Visitantes))
#7 C:\xampp\htdocs\visitas\system\CodeIgniter.php(326): CodeIgniter\CodeIgniter->handleRequest(NULL, Object(Config\Cache), false)
#8 C:\xampp\htdocs\visitas\public\index.php(37): CodeIgniter\CodeIgniter->run()
#9 {main}
CRITICAL - 2022-06-30 02:11:46 --> Undefined variable $categorias
#0 C:\xampp\htdocs\visitas\app\Views\visitantes\nuevo.php(89): CodeIgniter\Debug\Exceptions->errorHandler(2, 'Undefined varia...', 'C:\\xampp\\htdocs...', 89)
#1 C:\xampp\htdocs\visitas\system\View\View.php(210): include('C:\\xampp\\htdocs...')
#2 C:\xampp\htdocs\visitas\system\View\View.php(213): CodeIgniter\View\View->CodeIgniter\View\{closure}()
#3 C:\xampp\htdocs\visitas\system\Common.php(1089): CodeIgniter\View\View->render('visitantes/nuev...', Array, true)
#4 C:\xampp\htdocs\visitas\app\Controllers\Visitantes.php(41): view('visitantes/nuev...')
#5 C:\xampp\htdocs\visitas\system\CodeIgniter.php(832): App\Controllers\Visitantes->nuevo()
#6 C:\xampp\htdocs\visitas\system\CodeIgniter.php(419): CodeIgniter\CodeIgniter->runController(Object(App\Controllers\Visitantes))
#7 C:\xampp\htdocs\visitas\system\CodeIgniter.php(326): CodeIgniter\CodeIgniter->handleRequest(NULL, Object(Config\Cache), false)
#8 C:\xampp\htdocs\visitas\public\index.php(37): CodeIgniter\CodeIgniter->run()
#9 {main}
CRITICAL - 2022-06-30 02:20:04 --> There is no data to insert.
#0 C:\xampp\htdocs\visitas\system\BaseModel.php(718): CodeIgniter\Database\Exceptions\DataException::forEmptyDataset('insert')
#1 C:\xampp\htdocs\visitas\system\Model.php(625): CodeIgniter\BaseModel->insert(Array, false)
#2 C:\xampp\htdocs\visitas\system\BaseModel.php(658): CodeIgniter\Model->insert(Array, false)
#3 C:\xampp\htdocs\visitas\app\Controllers\Visitantes.php(47): CodeIgniter\BaseModel->save(Array)
#4 C:\xampp\htdocs\visitas\system\CodeIgniter.php(832): App\Controllers\Visitantes->insertar()
#5 C:\xampp\htdocs\visitas\system\CodeIgniter.php(419): CodeIgniter\CodeIgniter->runController(Object(App\Controllers\Visitantes))
#6 C:\xampp\htdocs\visitas\system\CodeIgniter.php(326): CodeIgniter\CodeIgniter->handleRequest(NULL, Object(Config\Cache), false)
#7 C:\xampp\htdocs\visitas\public\index.php(37): CodeIgniter\CodeIgniter->run()
#8 {main}
ERROR - 2022-06-30 02:24:35 --> Unknown column 'updated_at' in 'field list'
CRITICAL - 2022-06-30 02:24:35 --> Unknown column 'updated_at' in 'field list'
#0 C:\xampp\htdocs\visitas\system\Database\MySQLi\Connection.php(292): mysqli->query('INSERT INTO `vi...', 0)
#1 C:\xampp\htdocs\visitas\system\Database\BaseConnection.php(670): CodeIgniter\Database\MySQLi\Connection->execute('INSERT INTO `vi...')
#2 C:\xampp\htdocs\visitas\system\Database\BaseConnection.php(598): CodeIgniter\Database\BaseConnection->simpleQuery('INSERT INTO `vi...')
#3 C:\xampp\htdocs\visitas\system\Database\BaseBuilder.php(1771): CodeIgniter\Database\BaseConnection->query('INSERT INTO `vi...', Array, false)
#4 C:\xampp\htdocs\visitas\system\Model.php(239): CodeIgniter\Database\BaseBuilder->insert()
#5 C:\xampp\htdocs\visitas\system\BaseModel.php(738): CodeIgniter\Model->doInsert(Array)
#6 C:\xampp\htdocs\visitas\system\Model.php(625): CodeIgniter\BaseModel->insert(Array, false)
#7 C:\xampp\htdocs\visitas\system\BaseModel.php(658): CodeIgniter\Model->insert(Array, false)
#8 C:\xampp\htdocs\visitas\app\Controllers\Visitantes.php(47): CodeIgniter\BaseModel->save(Array)
#9 C:\xampp\htdocs\visitas\system\CodeIgniter.php(832): App\Controllers\Visitantes->insertar()
#10 C:\xampp\htdocs\visitas\system\CodeIgniter.php(419): CodeIgniter\CodeIgniter->runController(Object(App\Controllers\Visitantes))
#11 C:\xampp\htdocs\visitas\system\CodeIgniter.php(326): CodeIgniter\CodeIgniter->handleRequest(NULL, Object(Config\Cache), false)
#12 C:\xampp\htdocs\visitas\public\index.php(37): CodeIgniter\CodeIgniter->run()
#13 {main}
CRITICAL - 2022-06-30 02:29:53 --> Undefined variable $datos
#0 C:\xampp\htdocs\visitas\app\Views\visitantes\nuevo.php(88): CodeIgniter\Debug\Exceptions->errorHandler(2, 'Undefined varia...', 'C:\\xampp\\htdocs...', 88)
#1 C:\xampp\htdocs\visitas\system\View\View.php(210): include('C:\\xampp\\htdocs...')
#2 C:\xampp\htdocs\visitas\system\View\View.php(213): CodeIgniter\View\View->CodeIgniter\View\{closure}()
#3 C:\xampp\htdocs\visitas\system\Common.php(1089): CodeIgniter\View\View->render('visitantes/nuev...', Array, true)
#4 C:\xampp\htdocs\visitas\app\Controllers\Visitantes.php(41): view('visitantes/nuev...')
#5 C:\xampp\htdocs\visitas\system\CodeIgniter.php(832): App\Controllers\Visitantes->nuevo()
#6 C:\xampp\htdocs\visitas\system\CodeIgniter.php(419): CodeIgniter\CodeIgniter->runController(Object(App\Controllers\Visitantes))
#7 C:\xampp\htdocs\visitas\system\CodeIgniter.php(326): CodeIgniter\CodeIgniter->handleRequest(NULL, Object(Config\Cache), false)
#8 C:\xampp\htdocs\visitas\public\index.php(37): CodeIgniter\CodeIgniter->run()
#9 {main}
CRITICAL - 2022-06-30 02:30:42 --> Undefined variable $datos
#0 C:\xampp\htdocs\visitas\app\Views\visitantes\nuevo.php(88): CodeIgniter\Debug\Exceptions->errorHandler(2, 'Undefined varia...', 'C:\\xampp\\htdocs...', 88)
#1 C:\xampp\htdocs\visitas\system\View\View.php(210): include('C:\\xampp\\htdocs...')
#2 C:\xampp\htdocs\visitas\system\View\View.php(213): CodeIgniter\View\View->CodeIgniter\View\{closure}()
#3 C:\xampp\htdocs\visitas\system\Common.php(1089): CodeIgniter\View\View->render('visitantes/nuev...', Array, true)
#4 C:\xampp\htdocs\visitas\app\Controllers\Visitantes.php(41): view('visitantes/nuev...')
#5 C:\xampp\htdocs\visitas\system\CodeIgniter.php(832): App\Controllers\Visitantes->nuevo()
#6 C:\xampp\htdocs\visitas\system\CodeIgniter.php(419): CodeIgniter\CodeIgniter->runController(Object(App\Controllers\Visitantes))
#7 C:\xampp\htdocs\visitas\system\CodeIgniter.php(326): CodeIgniter\CodeIgniter->handleRequest(NULL, Object(Config\Cache), false)
#8 C:\xampp\htdocs\visitas\public\index.php(37): CodeIgniter\CodeIgniter->run()
#9 {main}
CRITICAL - 2022-06-30 02:30:58 --> Undefined variable $datos
#0 C:\xampp\htdocs\visitas\app\Views\visitantes\nuevo.php(88): CodeIgniter\Debug\Exceptions->errorHandler(2, 'Undefined varia...', 'C:\\xampp\\htdocs...', 88)
#1 C:\xampp\htdocs\visitas\system\View\View.php(210): include('C:\\xampp\\htdocs...')
#2 C:\xampp\htdocs\visitas\system\View\View.php(213): CodeIgniter\View\View->CodeIgniter\View\{closure}()
#3 C:\xampp\htdocs\visitas\system\Common.php(1089): CodeIgniter\View\View->render('visitantes/nuev...', Array, true)
#4 C:\xampp\htdocs\visitas\app\Controllers\Visitantes.php(41): view('visitantes/nuev...')
#5 C:\xampp\htdocs\visitas\system\CodeIgniter.php(832): App\Controllers\Visitantes->nuevo()
#6 C:\xampp\htdocs\visitas\system\CodeIgniter.php(419): CodeIgniter\CodeIgniter->runController(Object(App\Controllers\Visitantes))
#7 C:\xampp\htdocs\visitas\system\CodeIgniter.php(326): CodeIgniter\CodeIgniter->handleRequest(NULL, Object(Config\Cache), false)
#8 C:\xampp\htdocs\visitas\public\index.php(37): CodeIgniter\CodeIgniter->run()
#9 {main}
CRITICAL - 2022-06-30 02:31:02 --> Undefined variable $datos
#0 C:\xampp\htdocs\visitas\app\Views\visitantes\nuevo.php(88): CodeIgniter\Debug\Exceptions->errorHandler(2, 'Undefined varia...', 'C:\\xampp\\htdocs...', 88)
#1 C:\xampp\htdocs\visitas\system\View\View.php(210): include('C:\\xampp\\htdocs...')
#2 C:\xampp\htdocs\visitas\system\View\View.php(213): CodeIgniter\View\View->CodeIgniter\View\{closure}()
#3 C:\xampp\htdocs\visitas\system\Common.php(1089): CodeIgniter\View\View->render('visitantes/nuev...', Array, true)
#4 C:\xampp\htdocs\visitas\app\Controllers\Visitantes.php(41): view('visitantes/nuev...')
#5 C:\xampp\htdocs\visitas\system\CodeIgniter.php(832): App\Controllers\Visitantes->nuevo()
#6 C:\xampp\htdocs\visitas\system\CodeIgniter.php(419): CodeIgniter\CodeIgniter->runController(Object(App\Controllers\Visitantes))
#7 C:\xampp\htdocs\visitas\system\CodeIgniter.php(326): CodeIgniter\CodeIgniter->handleRequest(NULL, Object(Config\Cache), false)
#8 C:\xampp\htdocs\visitas\public\index.php(37): CodeIgniter\CodeIgniter->run()
#9 {main}
CRITICAL - 2022-06-30 02:31:02 --> Undefined variable $datos
#0 C:\xampp\htdocs\visitas\app\Views\visitantes\nuevo.php(88): CodeIgniter\Debug\Exceptions->errorHandler(2, 'Undefined varia...', 'C:\\xampp\\htdocs...', 88)
#1 C:\xampp\htdocs\visitas\system\View\View.php(210): include('C:\\xampp\\htdocs...')
#2 C:\xampp\htdocs\visitas\system\View\View.php(213): CodeIgniter\View\View->CodeIgniter\View\{closure}()
#3 C:\xampp\htdocs\visitas\system\Common.php(1089): CodeIgniter\View\View->render('visitantes/nuev...', Array, true)
#4 C:\xampp\htdocs\visitas\app\Controllers\Visitantes.php(41): view('visitantes/nuev...')
#5 C:\xampp\htdocs\visitas\system\CodeIgniter.php(832): App\Controllers\Visitantes->nuevo()
#6 C:\xampp\htdocs\visitas\system\CodeIgniter.php(419): CodeIgniter\CodeIgniter->runController(Object(App\Controllers\Visitantes))
#7 C:\xampp\htdocs\visitas\system\CodeIgniter.php(326): CodeIgniter\CodeIgniter->handleRequest(NULL, Object(Config\Cache), false)
#8 C:\xampp\htdocs\visitas\public\index.php(37): CodeIgniter\CodeIgniter->run()
#9 {main}
CRITICAL - 2022-06-30 02:33:35 --> Undefined variable $datos
#0 C:\xampp\htdocs\visitas\app\Views\visitantes\nuevo.php(89): CodeIgniter\Debug\Exceptions->errorHandler(2, 'Undefined varia...', 'C:\\xampp\\htdocs...', 89)
#1 C:\xampp\htdocs\visitas\system\View\View.php(210): include('C:\\xampp\\htdocs...')
#2 C:\xampp\htdocs\visitas\system\View\View.php(213): CodeIgniter\View\View->CodeIgniter\View\{closure}()
#3 C:\xampp\htdocs\visitas\system\Common.php(1089): CodeIgniter\View\View->render('visitantes/nuev...', Array, true)
#4 C:\xampp\htdocs\visitas\app\Controllers\Visitantes.php(41): view('visitantes/nuev...')
#5 C:\xampp\htdocs\visitas\system\CodeIgniter.php(832): App\Controllers\Visitantes->nuevo()
#6 C:\xampp\htdocs\visitas\system\CodeIgniter.php(419): CodeIgniter\CodeIgniter->runController(Object(App\Controllers\Visitantes))
#7 C:\xampp\htdocs\visitas\system\CodeIgniter.php(326): CodeIgniter\CodeIgniter->handleRequest(NULL, Object(Config\Cache), false)
#8 C:\xampp\htdocs\visitas\public\index.php(37): CodeIgniter\CodeIgniter->run()
#9 {main}
CRITICAL - 2022-06-30 02:33:41 --> Undefined variable $datos
#0 C:\xampp\htdocs\visitas\app\Views\visitantes\nuevo.php(89): CodeIgniter\Debug\Exceptions->errorHandler(2, 'Undefined varia...', 'C:\\xampp\\htdocs...', 89)
#1 C:\xampp\htdocs\visitas\system\View\View.php(210): include('C:\\xampp\\htdocs...')
#2 C:\xampp\htdocs\visitas\system\View\View.php(213): CodeIgniter\View\View->CodeIgniter\View\{closure}()
#3 C:\xampp\htdocs\visitas\system\Common.php(1089): CodeIgniter\View\View->render('visitantes/nuev...', Array, true)
#4 C:\xampp\htdocs\visitas\app\Controllers\Visitantes.php(41): view('visitantes/nuev...')
#5 C:\xampp\htdocs\visitas\system\CodeIgniter.php(832): App\Controllers\Visitantes->nuevo()
#6 C:\xampp\htdocs\visitas\system\CodeIgniter.php(419): CodeIgniter\CodeIgniter->runController(Object(App\Controllers\Visitantes))
#7 C:\xampp\htdocs\visitas\system\CodeIgniter.php(326): CodeIgniter\CodeIgniter->handleRequest(NULL, Object(Config\Cache), false)
#8 C:\xampp\htdocs\visitas\public\index.php(37): CodeIgniter\CodeIgniter->run()
#9 {main}
