CRITICAL - 2023-09-28 10:30:11 --> require_once(header.php): Failed to open stream: No such file or directory
#0 C:\xampp\htdocs\visitas\app\Views\lista_visitas\lista_visitas.php(3): CodeIgniter\Debug\Exceptions->errorHandler(2, 'require_once(he...', 'C:\\xampp\\htdocs...', 3)
#1 C:\xampp\htdocs\visitas\app\Views\lista_visitas\lista_visitas.php(3): require_once()
#2 C:\xampp\htdocs\visitas\system\View\View.php(210): include('C:\\xampp\\htdocs...')
#3 C:\xampp\htdocs\visitas\system\View\View.php(213): CodeIgniter\View\View->CodeIgniter\View\{closure}()
#4 C:\xampp\htdocs\visitas\system\Common.php(1089): CodeIgniter\View\View->render('lista_visitas/l...', Array, true)
#5 C:\xampp\htdocs\visitas\app\Controllers\Lista_visitas.php(33): view('lista_visitas/l...')
#6 C:\xampp\htdocs\visitas\system\CodeIgniter.php(832): App\Controllers\Lista_visitas->index()
#7 C:\xampp\htdocs\visitas\system\CodeIgniter.php(419): CodeIgniter\CodeIgniter->runController(Object(App\Controllers\Lista_visitas))
#8 C:\xampp\htdocs\visitas\system\CodeIgniter.php(326): CodeIgniter\CodeIgniter->handleRequest(NULL, Object(Config\Cache), false)
#9 C:\xampp\htdocs\visitas\public\index.php(37): CodeIgniter\CodeIgniter->run()
#10 {main}
CRITICAL - 2023-09-28 10:30:16 --> require_once(header.php): Failed to open stream: No such file or directory
#0 C:\xampp\htdocs\visitas\app\Views\lista_visitas\lista_visitas.php(3): CodeIgniter\Debug\Exceptions->errorHandler(2, 'require_once(he...', 'C:\\xampp\\htdocs...', 3)
#1 C:\xampp\htdocs\visitas\app\Views\lista_visitas\lista_visitas.php(3): require_once()
#2 C:\xampp\htdocs\visitas\system\View\View.php(210): include('C:\\xampp\\htdocs...')
#3 C:\xampp\htdocs\visitas\system\View\View.php(213): CodeIgniter\View\View->CodeIgniter\View\{closure}()
#4 C:\xampp\htdocs\visitas\system\Common.php(1089): CodeIgniter\View\View->render('lista_visitas/l...', Array, true)
#5 C:\xampp\htdocs\visitas\app\Controllers\Lista_visitas.php(33): view('lista_visitas/l...')
#6 C:\xampp\htdocs\visitas\system\CodeIgniter.php(832): App\Controllers\Lista_visitas->index()
#7 C:\xampp\htdocs\visitas\system\CodeIgniter.php(419): CodeIgniter\CodeIgniter->runController(Object(App\Controllers\Lista_visitas))
#8 C:\xampp\htdocs\visitas\system\CodeIgniter.php(326): CodeIgniter\CodeIgniter->handleRequest(NULL, Object(Config\Cache), false)
#9 C:\xampp\htdocs\visitas\public\index.php(37): CodeIgniter\CodeIgniter->run()
#10 {main}
CRITICAL - 2023-09-28 10:31:27 --> require_once(header.php): Failed to open stream: No such file or directory
#0 C:\xampp\htdocs\visitas\app\Views\lista_visitas\lista_visitas.php(11): CodeIgniter\Debug\Exceptions->errorHandler(2, 'require_once(he...', 'C:\\xampp\\htdocs...', 11)
#1 C:\xampp\htdocs\visitas\app\Views\lista_visitas\lista_visitas.php(11): require_once()
#2 C:\xampp\htdocs\visitas\system\View\View.php(210): include('C:\\xampp\\htdocs...')
#3 C:\xampp\htdocs\visitas\system\View\View.php(213): CodeIgniter\View\View->CodeIgniter\View\{closure}()
#4 C:\xampp\htdocs\visitas\system\Common.php(1089): CodeIgniter\View\View->render('lista_visitas/l...', Array, true)
#5 C:\xampp\htdocs\visitas\app\Controllers\Lista_visitas.php(33): view('lista_visitas/l...')
#6 C:\xampp\htdocs\visitas\system\CodeIgniter.php(832): App\Controllers\Lista_visitas->index()
#7 C:\xampp\htdocs\visitas\system\CodeIgniter.php(419): CodeIgniter\CodeIgniter->runController(Object(App\Controllers\Lista_visitas))
#8 C:\xampp\htdocs\visitas\system\CodeIgniter.php(326): CodeIgniter\CodeIgniter->handleRequest(NULL, Object(Config\Cache), false)
#9 C:\xampp\htdocs\visitas\public\index.php(37): CodeIgniter\CodeIgniter->run()
#10 {main}
CRITICAL - 2023-09-28 10:31:28 --> require_once(header.php): Failed to open stream: No such file or directory
#0 C:\xampp\htdocs\visitas\app\Views\lista_visitas\lista_visitas.php(11): CodeIgniter\Debug\Exceptions->errorHandler(2, 'require_once(he...', 'C:\\xampp\\htdocs...', 11)
#1 C:\xampp\htdocs\visitas\app\Views\lista_visitas\lista_visitas.php(11): require_once()
#2 C:\xampp\htdocs\visitas\system\View\View.php(210): include('C:\\xampp\\htdocs...')
#3 C:\xampp\htdocs\visitas\system\View\View.php(213): CodeIgniter\View\View->CodeIgniter\View\{closure}()
#4 C:\xampp\htdocs\visitas\system\Common.php(1089): CodeIgniter\View\View->render('lista_visitas/l...', Array, true)
#5 C:\xampp\htdocs\visitas\app\Controllers\Lista_visitas.php(33): view('lista_visitas/l...')
#6 C:\xampp\htdocs\visitas\system\CodeIgniter.php(832): App\Controllers\Lista_visitas->index()
#7 C:\xampp\htdocs\visitas\system\CodeIgniter.php(419): CodeIgniter\CodeIgniter->runController(Object(App\Controllers\Lista_visitas))
#8 C:\xampp\htdocs\visitas\system\CodeIgniter.php(326): CodeIgniter\CodeIgniter->handleRequest(NULL, Object(Config\Cache), false)
#9 C:\xampp\htdocs\visitas\public\index.php(37): CodeIgniter\CodeIgniter->run()
#10 {main}
CRITICAL - 2023-09-28 10:31:28 --> require_once(header.php): Failed to open stream: No such file or directory
#0 C:\xampp\htdocs\visitas\app\Views\lista_visitas\lista_visitas.php(11): CodeIgniter\Debug\Exceptions->errorHandler(2, 'require_once(he...', 'C:\\xampp\\htdocs...', 11)
#1 C:\xampp\htdocs\visitas\app\Views\lista_visitas\lista_visitas.php(11): require_once()
#2 C:\xampp\htdocs\visitas\system\View\View.php(210): include('C:\\xampp\\htdocs...')
#3 C:\xampp\htdocs\visitas\system\View\View.php(213): CodeIgniter\View\View->CodeIgniter\View\{closure}()
#4 C:\xampp\htdocs\visitas\system\Common.php(1089): CodeIgniter\View\View->render('lista_visitas/l...', Array, true)
#5 C:\xampp\htdocs\visitas\app\Controllers\Lista_visitas.php(33): view('lista_visitas/l...')
#6 C:\xampp\htdocs\visitas\system\CodeIgniter.php(832): App\Controllers\Lista_visitas->index()
#7 C:\xampp\htdocs\visitas\system\CodeIgniter.php(419): CodeIgniter\CodeIgniter->runController(Object(App\Controllers\Lista_visitas))
#8 C:\xampp\htdocs\visitas\system\CodeIgniter.php(326): CodeIgniter\CodeIgniter->handleRequest(NULL, Object(Config\Cache), false)
#9 C:\xampp\htdocs\visitas\public\index.php(37): CodeIgniter\CodeIgniter->run()
#10 {main}
CRITICAL - 2023-09-28 10:31:29 --> require_once(header.php): Failed to open stream: No such file or directory
#0 C:\xampp\htdocs\visitas\app\Views\lista_visitas\lista_visitas.php(11): CodeIgniter\Debug\Exceptions->errorHandler(2, 'require_once(he...', 'C:\\xampp\\htdocs...', 11)
#1 C:\xampp\htdocs\visitas\app\Views\lista_visitas\lista_visitas.php(11): require_once()
#2 C:\xampp\htdocs\visitas\system\View\View.php(210): include('C:\\xampp\\htdocs...')
#3 C:\xampp\htdocs\visitas\system\View\View.php(213): CodeIgniter\View\View->CodeIgniter\View\{closure}()
#4 C:\xampp\htdocs\visitas\system\Common.php(1089): CodeIgniter\View\View->render('lista_visitas/l...', Array, true)
#5 C:\xampp\htdocs\visitas\app\Controllers\Lista_visitas.php(33): view('lista_visitas/l...')
#6 C:\xampp\htdocs\visitas\system\CodeIgniter.php(832): App\Controllers\Lista_visitas->index()
#7 C:\xampp\htdocs\visitas\system\CodeIgniter.php(419): CodeIgniter\CodeIgniter->runController(Object(App\Controllers\Lista_visitas))
#8 C:\xampp\htdocs\visitas\system\CodeIgniter.php(326): CodeIgniter\CodeIgniter->handleRequest(NULL, Object(Config\Cache), false)
#9 C:\xampp\htdocs\visitas\public\index.php(37): CodeIgniter\CodeIgniter->run()
#10 {main}
CRITICAL - 2023-09-28 10:31:29 --> require_once(header.php): Failed to open stream: No such file or directory
#0 C:\xampp\htdocs\visitas\app\Views\lista_visitas\lista_visitas.php(11): CodeIgniter\Debug\Exceptions->errorHandler(2, 'require_once(he...', 'C:\\xampp\\htdocs...', 11)
#1 C:\xampp\htdocs\visitas\app\Views\lista_visitas\lista_visitas.php(11): require_once()
#2 C:\xampp\htdocs\visitas\system\View\View.php(210): include('C:\\xampp\\htdocs...')
#3 C:\xampp\htdocs\visitas\system\View\View.php(213): CodeIgniter\View\View->CodeIgniter\View\{closure}()
#4 C:\xampp\htdocs\visitas\system\Common.php(1089): CodeIgniter\View\View->render('lista_visitas/l...', Array, true)
#5 C:\xampp\htdocs\visitas\app\Controllers\Lista_visitas.php(33): view('lista_visitas/l...')
#6 C:\xampp\htdocs\visitas\system\CodeIgniter.php(832): App\Controllers\Lista_visitas->index()
#7 C:\xampp\htdocs\visitas\system\CodeIgniter.php(419): CodeIgniter\CodeIgniter->runController(Object(App\Controllers\Lista_visitas))
#8 C:\xampp\htdocs\visitas\system\CodeIgniter.php(326): CodeIgniter\CodeIgniter->handleRequest(NULL, Object(Config\Cache), false)
#9 C:\xampp\htdocs\visitas\public\index.php(37): CodeIgniter\CodeIgniter->run()
#10 {main}
CRITICAL - 2023-09-28 10:33:11 --> require_once(header.php): Failed to open stream: No such file or directory
#0 C:\xampp\htdocs\visitas\app\Views\lista_visitas\lista_visitas.php(18): CodeIgniter\Debug\Exceptions->errorHandler(2, 'require_once(he...', 'C:\\xampp\\htdocs...', 18)
#1 C:\xampp\htdocs\visitas\app\Views\lista_visitas\lista_visitas.php(18): require_once()
#2 C:\xampp\htdocs\visitas\system\View\View.php(210): include('C:\\xampp\\htdocs...')
#3 C:\xampp\htdocs\visitas\system\View\View.php(213): CodeIgniter\View\View->CodeIgniter\View\{closure}()
#4 C:\xampp\htdocs\visitas\system\Common.php(1089): CodeIgniter\View\View->render('lista_visitas/l...', Array, true)
#5 C:\xampp\htdocs\visitas\app\Controllers\Lista_visitas.php(33): view('lista_visitas/l...')
#6 C:\xampp\htdocs\visitas\system\CodeIgniter.php(832): App\Controllers\Lista_visitas->index()
#7 C:\xampp\htdocs\visitas\system\CodeIgniter.php(419): CodeIgniter\CodeIgniter->runController(Object(App\Controllers\Lista_visitas))
#8 C:\xampp\htdocs\visitas\system\CodeIgniter.php(326): CodeIgniter\CodeIgniter->handleRequest(NULL, Object(Config\Cache), false)
#9 C:\xampp\htdocs\visitas\public\index.php(37): CodeIgniter\CodeIgniter->run()
#10 {main}
CRITICAL - 2023-09-28 10:33:12 --> require_once(header.php): Failed to open stream: No such file or directory
#0 C:\xampp\htdocs\visitas\app\Views\lista_visitas\lista_visitas.php(18): CodeIgniter\Debug\Exceptions->errorHandler(2, 'require_once(he...', 'C:\\xampp\\htdocs...', 18)
#1 C:\xampp\htdocs\visitas\app\Views\lista_visitas\lista_visitas.php(18): require_once()
#2 C:\xampp\htdocs\visitas\system\View\View.php(210): include('C:\\xampp\\htdocs...')
#3 C:\xampp\htdocs\visitas\system\View\View.php(213): CodeIgniter\View\View->CodeIgniter\View\{closure}()
#4 C:\xampp\htdocs\visitas\system\Common.php(1089): CodeIgniter\View\View->render('lista_visitas/l...', Array, true)
#5 C:\xampp\htdocs\visitas\app\Controllers\Lista_visitas.php(33): view('lista_visitas/l...')
#6 C:\xampp\htdocs\visitas\system\CodeIgniter.php(832): App\Controllers\Lista_visitas->index()
#7 C:\xampp\htdocs\visitas\system\CodeIgniter.php(419): CodeIgniter\CodeIgniter->runController(Object(App\Controllers\Lista_visitas))
#8 C:\xampp\htdocs\visitas\system\CodeIgniter.php(326): CodeIgniter\CodeIgniter->handleRequest(NULL, Object(Config\Cache), false)
#9 C:\xampp\htdocs\visitas\public\index.php(37): CodeIgniter\CodeIgniter->run()
#10 {main}
CRITICAL - 2023-09-28 10:33:42 --> require_once(header.php): Failed to open stream: No such file or directory
#0 C:\xampp\htdocs\visitas\app\Views\lista_visitas\lista_visitas.php(18): CodeIgniter\Debug\Exceptions->errorHandler(2, 'require_once(he...', 'C:\\xampp\\htdocs...', 18)
#1 C:\xampp\htdocs\visitas\app\Views\lista_visitas\lista_visitas.php(18): require_once()
#2 C:\xampp\htdocs\visitas\system\View\View.php(210): include('C:\\xampp\\htdocs...')
#3 C:\xampp\htdocs\visitas\system\View\View.php(213): CodeIgniter\View\View->CodeIgniter\View\{closure}()
#4 C:\xampp\htdocs\visitas\system\Common.php(1089): CodeIgniter\View\View->render('lista_visitas/l...', Array, true)
#5 C:\xampp\htdocs\visitas\app\Controllers\Lista_visitas.php(33): view('lista_visitas/l...')
#6 C:\xampp\htdocs\visitas\system\CodeIgniter.php(832): App\Controllers\Lista_visitas->index()
#7 C:\xampp\htdocs\visitas\system\CodeIgniter.php(419): CodeIgniter\CodeIgniter->runController(Object(App\Controllers\Lista_visitas))
#8 C:\xampp\htdocs\visitas\system\CodeIgniter.php(326): CodeIgniter\CodeIgniter->handleRequest(NULL, Object(Config\Cache), false)
#9 C:\xampp\htdocs\visitas\public\index.php(37): CodeIgniter\CodeIgniter->run()
#10 {main}
CRITICAL - 2023-09-28 10:51:25 --> Undefined variable $titulo
#0 C:\xampp\htdocs\visitas\app\Views\lista_visitas\lista_visitas.php(4): CodeIgniter\Debug\Exceptions->errorHandler(2, 'Undefined varia...', 'C:\\xampp\\htdocs...', 4)
#1 C:\xampp\htdocs\visitas\system\View\View.php(210): include('C:\\xampp\\htdocs...')
#2 C:\xampp\htdocs\visitas\system\View\View.php(213): CodeIgniter\View\View->CodeIgniter\View\{closure}()
#3 C:\xampp\htdocs\visitas\system\Common.php(1089): CodeIgniter\View\View->render('lista_visitas/l...', Array, true)
#4 C:\xampp\htdocs\visitas\app\Controllers\Lista_visitas.php(33): view('lista_visitas/l...')
#5 C:\xampp\htdocs\visitas\system\CodeIgniter.php(832): App\Controllers\Lista_visitas->index()
#6 C:\xampp\htdocs\visitas\system\CodeIgniter.php(419): CodeIgniter\CodeIgniter->runController(Object(App\Controllers\Lista_visitas))
#7 C:\xampp\htdocs\visitas\system\CodeIgniter.php(326): CodeIgniter\CodeIgniter->handleRequest(NULL, Object(Config\Cache), false)
#8 C:\xampp\htdocs\visitas\public\index.php(37): CodeIgniter\CodeIgniter->run()
#9 {main}
CRITICAL - 2023-09-28 10:54:18 --> Undefined variable $titulo
#0 C:\xampp\htdocs\visitas\app\Views\lista_visitas\lista_visitas.php(4): CodeIgniter\Debug\Exceptions->errorHandler(2, 'Undefined varia...', 'C:\\xampp\\htdocs...', 4)
#1 C:\xampp\htdocs\visitas\system\View\View.php(210): include('C:\\xampp\\htdocs...')
#2 C:\xampp\htdocs\visitas\system\View\View.php(213): CodeIgniter\View\View->CodeIgniter\View\{closure}()
#3 C:\xampp\htdocs\visitas\system\Common.php(1089): CodeIgniter\View\View->render('lista_visitas/l...', Array, true)
#4 C:\xampp\htdocs\visitas\app\Controllers\Lista_visitas.php(33): view('lista_visitas/l...')
#5 C:\xampp\htdocs\visitas\system\CodeIgniter.php(832): App\Controllers\Lista_visitas->index()
#6 C:\xampp\htdocs\visitas\system\CodeIgniter.php(419): CodeIgniter\CodeIgniter->runController(Object(App\Controllers\Lista_visitas))
#7 C:\xampp\htdocs\visitas\system\CodeIgniter.php(326): CodeIgniter\CodeIgniter->handleRequest(NULL, Object(Config\Cache), false)
#8 C:\xampp\htdocs\visitas\public\index.php(37): CodeIgniter\CodeIgniter->run()
#9 {main}
CRITICAL - 2023-09-28 10:58:08 --> Undefined variable $titulo
#0 C:\xampp\htdocs\visitas\app\Views\lista_visitas\lista_visitas.php(4): CodeIgniter\Debug\Exceptions->errorHandler(2, 'Undefined varia...', 'C:\\xampp\\htdocs...', 4)
#1 C:\xampp\htdocs\visitas\system\View\View.php(210): include('C:\\xampp\\htdocs...')
#2 C:\xampp\htdocs\visitas\system\View\View.php(213): CodeIgniter\View\View->CodeIgniter\View\{closure}()
#3 C:\xampp\htdocs\visitas\system\Common.php(1089): CodeIgniter\View\View->render('lista_visitas/l...', Array, true)
#4 C:\xampp\htdocs\visitas\app\Controllers\Lista_visitas.php(33): view('lista_visitas/l...')
#5 C:\xampp\htdocs\visitas\system\CodeIgniter.php(832): App\Controllers\Lista_visitas->index()
#6 C:\xampp\htdocs\visitas\system\CodeIgniter.php(419): CodeIgniter\CodeIgniter->runController(Object(App\Controllers\Lista_visitas))
#7 C:\xampp\htdocs\visitas\system\CodeIgniter.php(326): CodeIgniter\CodeIgniter->handleRequest(NULL, Object(Config\Cache), false)
#8 C:\xampp\htdocs\visitas\public\index.php(37): CodeIgniter\CodeIgniter->run()
#9 {main}
CRITICAL - 2023-09-28 10:58:09 --> Undefined variable $titulo
#0 C:\xampp\htdocs\visitas\app\Views\lista_visitas\lista_visitas.php(4): CodeIgniter\Debug\Exceptions->errorHandler(2, 'Undefined varia...', 'C:\\xampp\\htdocs...', 4)
#1 C:\xampp\htdocs\visitas\system\View\View.php(210): include('C:\\xampp\\htdocs...')
#2 C:\xampp\htdocs\visitas\system\View\View.php(213): CodeIgniter\View\View->CodeIgniter\View\{closure}()
#3 C:\xampp\htdocs\visitas\system\Common.php(1089): CodeIgniter\View\View->render('lista_visitas/l...', Array, true)
#4 C:\xampp\htdocs\visitas\app\Controllers\Lista_visitas.php(33): view('lista_visitas/l...')
#5 C:\xampp\htdocs\visitas\system\CodeIgniter.php(832): App\Controllers\Lista_visitas->index()
#6 C:\xampp\htdocs\visitas\system\CodeIgniter.php(419): CodeIgniter\CodeIgniter->runController(Object(App\Controllers\Lista_visitas))
#7 C:\xampp\htdocs\visitas\system\CodeIgniter.php(326): CodeIgniter\CodeIgniter->handleRequest(NULL, Object(Config\Cache), false)
#8 C:\xampp\htdocs\visitas\public\index.php(37): CodeIgniter\CodeIgniter->run()
#9 {main}
CRITICAL - 2023-09-28 11:06:35 --> Undefined variable $titulo
#0 C:\xampp\htdocs\visitas\app\Views\lista_visitas\lista_visitas.php(4): CodeIgniter\Debug\Exceptions->errorHandler(2, 'Undefined varia...', 'C:\\xampp\\htdocs...', 4)
#1 C:\xampp\htdocs\visitas\system\View\View.php(210): include('C:\\xampp\\htdocs...')
#2 C:\xampp\htdocs\visitas\system\View\View.php(213): CodeIgniter\View\View->CodeIgniter\View\{closure}()
#3 C:\xampp\htdocs\visitas\system\Common.php(1089): CodeIgniter\View\View->render('lista_visitas/l...', Array, true)
#4 C:\xampp\htdocs\visitas\app\Controllers\Lista_visitas.php(33): view('lista_visitas/l...')
#5 C:\xampp\htdocs\visitas\system\CodeIgniter.php(832): App\Controllers\Lista_visitas->index()
#6 C:\xampp\htdocs\visitas\system\CodeIgniter.php(419): CodeIgniter\CodeIgniter->runController(Object(App\Controllers\Lista_visitas))
#7 C:\xampp\htdocs\visitas\system\CodeIgniter.php(326): CodeIgniter\CodeIgniter->handleRequest(NULL, Object(Config\Cache), false)
#8 C:\xampp\htdocs\visitas\public\index.php(37): CodeIgniter\CodeIgniter->run()
#9 {main}
CRITICAL - 2023-09-28 11:06:47 --> Undefined variable $titulo
#0 C:\xampp\htdocs\visitas\app\Views\lista_visitas\lista_visitas.php(4): CodeIgniter\Debug\Exceptions->errorHandler(2, 'Undefined varia...', 'C:\\xampp\\htdocs...', 4)
#1 C:\xampp\htdocs\visitas\system\View\View.php(210): include('C:\\xampp\\htdocs...')
#2 C:\xampp\htdocs\visitas\system\View\View.php(213): CodeIgniter\View\View->CodeIgniter\View\{closure}()
#3 C:\xampp\htdocs\visitas\system\Common.php(1089): CodeIgniter\View\View->render('lista_visitas/l...', Array, true)
#4 C:\xampp\htdocs\visitas\app\Controllers\Lista_visitas.php(33): view('lista_visitas/l...')
#5 C:\xampp\htdocs\visitas\system\CodeIgniter.php(832): App\Controllers\Lista_visitas->index()
#6 C:\xampp\htdocs\visitas\system\CodeIgniter.php(419): CodeIgniter\CodeIgniter->runController(Object(App\Controllers\Lista_visitas))
#7 C:\xampp\htdocs\visitas\system\CodeIgniter.php(326): CodeIgniter\CodeIgniter->handleRequest(NULL, Object(Config\Cache), false)
#8 C:\xampp\htdocs\visitas\public\index.php(37): CodeIgniter\CodeIgniter->run()
#9 {main}
CRITICAL - 2023-09-28 11:08:12 --> Undefined variable $titulo
#0 C:\xampp\htdocs\visitas\app\Views\lista_visitas\lista_visitas.php(4): CodeIgniter\Debug\Exceptions->errorHandler(2, 'Undefined varia...', 'C:\\xampp\\htdocs...', 4)
#1 C:\xampp\htdocs\visitas\system\View\View.php(210): include('C:\\xampp\\htdocs...')
#2 C:\xampp\htdocs\visitas\system\View\View.php(213): CodeIgniter\View\View->CodeIgniter\View\{closure}()
#3 C:\xampp\htdocs\visitas\system\Common.php(1089): CodeIgniter\View\View->render('lista_visitas/l...', Array, true)
#4 C:\xampp\htdocs\visitas\app\Controllers\Lista_visitas.php(35): view('lista_visitas/l...')
#5 C:\xampp\htdocs\visitas\system\CodeIgniter.php(832): App\Controllers\Lista_visitas->index()
#6 C:\xampp\htdocs\visitas\system\CodeIgniter.php(419): CodeIgniter\CodeIgniter->runController(Object(App\Controllers\Lista_visitas))
#7 C:\xampp\htdocs\visitas\system\CodeIgniter.php(326): CodeIgniter\CodeIgniter->handleRequest(NULL, Object(Config\Cache), false)
#8 C:\xampp\htdocs\visitas\public\index.php(37): CodeIgniter\CodeIgniter->run()
#9 {main}
CRITICAL - 2023-09-28 11:08:15 --> Undefined variable $titulo
#0 C:\xampp\htdocs\visitas\app\Views\lista_visitas\lista_visitas.php(4): CodeIgniter\Debug\Exceptions->errorHandler(2, 'Undefined varia...', 'C:\\xampp\\htdocs...', 4)
#1 C:\xampp\htdocs\visitas\system\View\View.php(210): include('C:\\xampp\\htdocs...')
#2 C:\xampp\htdocs\visitas\system\View\View.php(213): CodeIgniter\View\View->CodeIgniter\View\{closure}()
#3 C:\xampp\htdocs\visitas\system\Common.php(1089): CodeIgniter\View\View->render('lista_visitas/l...', Array, true)
#4 C:\xampp\htdocs\visitas\app\Controllers\Lista_visitas.php(35): view('lista_visitas/l...')
#5 C:\xampp\htdocs\visitas\system\CodeIgniter.php(832): App\Controllers\Lista_visitas->index()
#6 C:\xampp\htdocs\visitas\system\CodeIgniter.php(419): CodeIgniter\CodeIgniter->runController(Object(App\Controllers\Lista_visitas))
#7 C:\xampp\htdocs\visitas\system\CodeIgniter.php(326): CodeIgniter\CodeIgniter->handleRequest(NULL, Object(Config\Cache), false)
#8 C:\xampp\htdocs\visitas\public\index.php(37): CodeIgniter\CodeIgniter->run()
#9 {main}
CRITICAL - 2023-09-28 11:09:14 --> Undefined variable $titulo
#0 C:\xampp\htdocs\visitas\app\Views\lista_visitas\lista_visitas.php(4): CodeIgniter\Debug\Exceptions->errorHandler(2, 'Undefined varia...', 'C:\\xampp\\htdocs...', 4)
#1 C:\xampp\htdocs\visitas\system\View\View.php(210): include('C:\\xampp\\htdocs...')
#2 C:\xampp\htdocs\visitas\system\View\View.php(213): CodeIgniter\View\View->CodeIgniter\View\{closure}()
#3 C:\xampp\htdocs\visitas\system\Common.php(1089): CodeIgniter\View\View->render('lista_visitas/l...', Array, true)
#4 C:\xampp\htdocs\visitas\app\Controllers\Lista_visitas.php(20): view('lista_visitas/l...')
#5 C:\xampp\htdocs\visitas\system\CodeIgniter.php(832): App\Controllers\Lista_visitas->index()
#6 C:\xampp\htdocs\visitas\system\CodeIgniter.php(419): CodeIgniter\CodeIgniter->runController(Object(App\Controllers\Lista_visitas))
#7 C:\xampp\htdocs\visitas\system\CodeIgniter.php(326): CodeIgniter\CodeIgniter->handleRequest(NULL, Object(Config\Cache), false)
#8 C:\xampp\htdocs\visitas\public\index.php(37): CodeIgniter\CodeIgniter->run()
#9 {main}
CRITICAL - 2023-09-28 11:09:24 --> Undefined variable $titulo
#0 C:\xampp\htdocs\visitas\app\Views\lista_visitas\lista_visitas.php(4): CodeIgniter\Debug\Exceptions->errorHandler(2, 'Undefined varia...', 'C:\\xampp\\htdocs...', 4)
#1 C:\xampp\htdocs\visitas\system\View\View.php(210): include('C:\\xampp\\htdocs...')
#2 C:\xampp\htdocs\visitas\system\View\View.php(213): CodeIgniter\View\View->CodeIgniter\View\{closure}()
#3 C:\xampp\htdocs\visitas\system\Common.php(1089): CodeIgniter\View\View->render('lista_visitas/l...', Array, true)
#4 C:\xampp\htdocs\visitas\app\Controllers\Lista_visitas.php(20): view('lista_visitas/l...')
#5 C:\xampp\htdocs\visitas\system\CodeIgniter.php(832): App\Controllers\Lista_visitas->index()
#6 C:\xampp\htdocs\visitas\system\CodeIgniter.php(419): CodeIgniter\CodeIgniter->runController(Object(App\Controllers\Lista_visitas))
#7 C:\xampp\htdocs\visitas\system\CodeIgniter.php(326): CodeIgniter\CodeIgniter->handleRequest(NULL, Object(Config\Cache), false)
#8 C:\xampp\htdocs\visitas\public\index.php(37): CodeIgniter\CodeIgniter->run()
#9 {main}
CRITICAL - 2023-09-28 11:09:27 --> Undefined variable $titulo
#0 C:\xampp\htdocs\visitas\app\Views\lista_visitas\lista_visitas.php(4): CodeIgniter\Debug\Exceptions->errorHandler(2, 'Undefined varia...', 'C:\\xampp\\htdocs...', 4)
#1 C:\xampp\htdocs\visitas\system\View\View.php(210): include('C:\\xampp\\htdocs...')
#2 C:\xampp\htdocs\visitas\system\View\View.php(213): CodeIgniter\View\View->CodeIgniter\View\{closure}()
#3 C:\xampp\htdocs\visitas\system\Common.php(1089): CodeIgniter\View\View->render('lista_visitas/l...', Array, true)
#4 C:\xampp\htdocs\visitas\app\Controllers\Lista_visitas.php(20): view('lista_visitas/l...')
#5 C:\xampp\htdocs\visitas\system\CodeIgniter.php(832): App\Controllers\Lista_visitas->index()
#6 C:\xampp\htdocs\visitas\system\CodeIgniter.php(419): CodeIgniter\CodeIgniter->runController(Object(App\Controllers\Lista_visitas))
#7 C:\xampp\htdocs\visitas\system\CodeIgniter.php(326): CodeIgniter\CodeIgniter->handleRequest(NULL, Object(Config\Cache), false)
#8 C:\xampp\htdocs\visitas\public\index.php(37): CodeIgniter\CodeIgniter->run()
#9 {main}
