ERROR - 2022-08-09 00:36:52 --> ErrorException: pg_query(): Query failed: ERROR:  no existe la columna «activo»
LINE 3: WHERE &quot;activo&quot; = '1'
              ^ in C:\xampp\htdocs\visitas\system\Database\Postgre\Connection.php:135
Stack trace:
#0 [internal function]: CodeIgniter\Debug\Exceptions->errorHandler(2, 'pg_query(): Que...', 'C:\\xampp\\htdocs...', 135)
#1 C:\xampp\htdocs\visitas\system\Database\Postgre\Connection.php(135): pg_query(Object(PgSql\Connection), 'SELECT *\nFROM v...')
#2 C:\xampp\htdocs\visitas\system\Database\BaseConnection.php(670): CodeIgniter\Database\Postgre\Connection->execute('SELECT *\nFROM v...')
#3 C:\xampp\htdocs\visitas\system\Database\BaseConnection.php(598): CodeIgniter\Database\BaseConnection->simpleQuery('SELECT *\nFROM v...')
#4 C:\xampp\htdocs\visitas\system\Database\BaseBuilder.php(1455): CodeIgniter\Database\BaseConnection->query('SELECT *\nFROM v...', Array, false)
#5 C:\xampp\htdocs\visitas\system\Model.php(183): CodeIgniter\Database\BaseBuilder->get()
#6 C:\xampp\htdocs\visitas\system\BaseModel.php(584): CodeIgniter\Model->doFindAll(0, 0)
#7 C:\xampp\htdocs\visitas\app\Controllers\Visitantes.php(39): CodeIgniter\BaseModel->findAll()
#8 C:\xampp\htdocs\visitas\system\CodeIgniter.php(832): App\Controllers\Visitantes->nuevo()
#9 C:\xampp\htdocs\visitas\system\CodeIgniter.php(419): CodeIgniter\CodeIgniter->runController(Object(App\Controllers\Visitantes))
#10 C:\xampp\htdocs\visitas\system\CodeIgniter.php(326): CodeIgniter\CodeIgniter->handleRequest(NULL, Object(Config\Cache), false)
#11 C:\xampp\htdocs\visitas\public\index.php(37): CodeIgniter\CodeIgniter->run()
#12 {main}
CRITICAL - 2022-08-09 00:36:52 --> pg_query(): Query failed: ERROR:  no existe la columna «activo»
LINE 3: WHERE &quot;activo&quot; = '1'
              ^
#0 [internal function]: CodeIgniter\Debug\Exceptions->errorHandler(2, 'pg_query(): Que...', 'C:\\xampp\\htdocs...', 135)
#1 C:\xampp\htdocs\visitas\system\Database\Postgre\Connection.php(135): pg_query(Object(PgSql\Connection), 'SELECT *\nFROM v...')
#2 C:\xampp\htdocs\visitas\system\Database\BaseConnection.php(670): CodeIgniter\Database\Postgre\Connection->execute('SELECT *\nFROM v...')
#3 C:\xampp\htdocs\visitas\system\Database\BaseConnection.php(598): CodeIgniter\Database\BaseConnection->simpleQuery('SELECT *\nFROM v...')
#4 C:\xampp\htdocs\visitas\system\Database\BaseBuilder.php(1455): CodeIgniter\Database\BaseConnection->query('SELECT *\nFROM v...', Array, false)
#5 C:\xampp\htdocs\visitas\system\Model.php(183): CodeIgniter\Database\BaseBuilder->get()
#6 C:\xampp\htdocs\visitas\system\BaseModel.php(584): CodeIgniter\Model->doFindAll(0, 0)
#7 C:\xampp\htdocs\visitas\app\Controllers\Visitantes.php(39): CodeIgniter\BaseModel->findAll()
#8 C:\xampp\htdocs\visitas\system\CodeIgniter.php(832): App\Controllers\Visitantes->nuevo()
#9 C:\xampp\htdocs\visitas\system\CodeIgniter.php(419): CodeIgniter\CodeIgniter->runController(Object(App\Controllers\Visitantes))
#10 C:\xampp\htdocs\visitas\system\CodeIgniter.php(326): CodeIgniter\CodeIgniter->handleRequest(NULL, Object(Config\Cache), false)
#11 C:\xampp\htdocs\visitas\public\index.php(37): CodeIgniter\CodeIgniter->run()
#12 {main}
ERROR - 2022-08-09 00:36:54 --> ErrorException: pg_query(): Query failed: ERROR:  no existe la columna «activo»
LINE 3: WHERE &quot;activo&quot; = '1'
              ^ in C:\xampp\htdocs\visitas\system\Database\Postgre\Connection.php:135
Stack trace:
#0 [internal function]: CodeIgniter\Debug\Exceptions->errorHandler(2, 'pg_query(): Que...', 'C:\\xampp\\htdocs...', 135)
#1 C:\xampp\htdocs\visitas\system\Database\Postgre\Connection.php(135): pg_query(Object(PgSql\Connection), 'SELECT *\nFROM v...')
#2 C:\xampp\htdocs\visitas\system\Database\BaseConnection.php(670): CodeIgniter\Database\Postgre\Connection->execute('SELECT *\nFROM v...')
#3 C:\xampp\htdocs\visitas\system\Database\BaseConnection.php(598): CodeIgniter\Database\BaseConnection->simpleQuery('SELECT *\nFROM v...')
#4 C:\xampp\htdocs\visitas\system\Database\BaseBuilder.php(1455): CodeIgniter\Database\BaseConnection->query('SELECT *\nFROM v...', Array, false)
#5 C:\xampp\htdocs\visitas\system\Model.php(183): CodeIgniter\Database\BaseBuilder->get()
#6 C:\xampp\htdocs\visitas\system\BaseModel.php(584): CodeIgniter\Model->doFindAll(0, 0)
#7 C:\xampp\htdocs\visitas\app\Controllers\Visitantes.php(39): CodeIgniter\BaseModel->findAll()
#8 C:\xampp\htdocs\visitas\system\CodeIgniter.php(832): App\Controllers\Visitantes->nuevo()
#9 C:\xampp\htdocs\visitas\system\CodeIgniter.php(419): CodeIgniter\CodeIgniter->runController(Object(App\Controllers\Visitantes))
#10 C:\xampp\htdocs\visitas\system\CodeIgniter.php(326): CodeIgniter\CodeIgniter->handleRequest(NULL, Object(Config\Cache), false)
#11 C:\xampp\htdocs\visitas\public\index.php(37): CodeIgniter\CodeIgniter->run()
#12 {main}
CRITICAL - 2022-08-09 00:36:54 --> pg_query(): Query failed: ERROR:  no existe la columna «activo»
LINE 3: WHERE &quot;activo&quot; = '1'
              ^
#0 [internal function]: CodeIgniter\Debug\Exceptions->errorHandler(2, 'pg_query(): Que...', 'C:\\xampp\\htdocs...', 135)
#1 C:\xampp\htdocs\visitas\system\Database\Postgre\Connection.php(135): pg_query(Object(PgSql\Connection), 'SELECT *\nFROM v...')
#2 C:\xampp\htdocs\visitas\system\Database\BaseConnection.php(670): CodeIgniter\Database\Postgre\Connection->execute('SELECT *\nFROM v...')
#3 C:\xampp\htdocs\visitas\system\Database\BaseConnection.php(598): CodeIgniter\Database\BaseConnection->simpleQuery('SELECT *\nFROM v...')
#4 C:\xampp\htdocs\visitas\system\Database\BaseBuilder.php(1455): CodeIgniter\Database\BaseConnection->query('SELECT *\nFROM v...', Array, false)
#5 C:\xampp\htdocs\visitas\system\Model.php(183): CodeIgniter\Database\BaseBuilder->get()
#6 C:\xampp\htdocs\visitas\system\BaseModel.php(584): CodeIgniter\Model->doFindAll(0, 0)
#7 C:\xampp\htdocs\visitas\app\Controllers\Visitantes.php(39): CodeIgniter\BaseModel->findAll()
#8 C:\xampp\htdocs\visitas\system\CodeIgniter.php(832): App\Controllers\Visitantes->nuevo()
#9 C:\xampp\htdocs\visitas\system\CodeIgniter.php(419): CodeIgniter\CodeIgniter->runController(Object(App\Controllers\Visitantes))
#10 C:\xampp\htdocs\visitas\system\CodeIgniter.php(326): CodeIgniter\CodeIgniter->handleRequest(NULL, Object(Config\Cache), false)
#11 C:\xampp\htdocs\visitas\public\index.php(37): CodeIgniter\CodeIgniter->run()
#12 {main}
ERROR - 2022-08-09 00:37:28 --> ErrorException: pg_query(): Query failed: ERROR:  no existe la columna «activo»
LINE 3: WHERE &quot;activo&quot; = '1'
              ^ in C:\xampp\htdocs\visitas\system\Database\Postgre\Connection.php:135
Stack trace:
#0 [internal function]: CodeIgniter\Debug\Exceptions->errorHandler(2, 'pg_query(): Que...', 'C:\\xampp\\htdocs...', 135)
#1 C:\xampp\htdocs\visitas\system\Database\Postgre\Connection.php(135): pg_query(Object(PgSql\Connection), 'SELECT *\nFROM v...')
#2 C:\xampp\htdocs\visitas\system\Database\BaseConnection.php(670): CodeIgniter\Database\Postgre\Connection->execute('SELECT *\nFROM v...')
#3 C:\xampp\htdocs\visitas\system\Database\BaseConnection.php(598): CodeIgniter\Database\BaseConnection->simpleQuery('SELECT *\nFROM v...')
#4 C:\xampp\htdocs\visitas\system\Database\BaseBuilder.php(1455): CodeIgniter\Database\BaseConnection->query('SELECT *\nFROM v...', Array, false)
#5 C:\xampp\htdocs\visitas\system\Model.php(183): CodeIgniter\Database\BaseBuilder->get()
#6 C:\xampp\htdocs\visitas\system\BaseModel.php(584): CodeIgniter\Model->doFindAll(0, 0)
#7 C:\xampp\htdocs\visitas\app\Controllers\Visitantes.php(39): CodeIgniter\BaseModel->findAll()
#8 C:\xampp\htdocs\visitas\system\CodeIgniter.php(832): App\Controllers\Visitantes->nuevo()
#9 C:\xampp\htdocs\visitas\system\CodeIgniter.php(419): CodeIgniter\CodeIgniter->runController(Object(App\Controllers\Visitantes))
#10 C:\xampp\htdocs\visitas\system\CodeIgniter.php(326): CodeIgniter\CodeIgniter->handleRequest(NULL, Object(Config\Cache), false)
#11 C:\xampp\htdocs\visitas\public\index.php(37): CodeIgniter\CodeIgniter->run()
#12 {main}
CRITICAL - 2022-08-09 00:37:28 --> pg_query(): Query failed: ERROR:  no existe la columna «activo»
LINE 3: WHERE &quot;activo&quot; = '1'
              ^
#0 [internal function]: CodeIgniter\Debug\Exceptions->errorHandler(2, 'pg_query(): Que...', 'C:\\xampp\\htdocs...', 135)
#1 C:\xampp\htdocs\visitas\system\Database\Postgre\Connection.php(135): pg_query(Object(PgSql\Connection), 'SELECT *\nFROM v...')
#2 C:\xampp\htdocs\visitas\system\Database\BaseConnection.php(670): CodeIgniter\Database\Postgre\Connection->execute('SELECT *\nFROM v...')
#3 C:\xampp\htdocs\visitas\system\Database\BaseConnection.php(598): CodeIgniter\Database\BaseConnection->simpleQuery('SELECT *\nFROM v...')
#4 C:\xampp\htdocs\visitas\system\Database\BaseBuilder.php(1455): CodeIgniter\Database\BaseConnection->query('SELECT *\nFROM v...', Array, false)
#5 C:\xampp\htdocs\visitas\system\Model.php(183): CodeIgniter\Database\BaseBuilder->get()
#6 C:\xampp\htdocs\visitas\system\BaseModel.php(584): CodeIgniter\Model->doFindAll(0, 0)
#7 C:\xampp\htdocs\visitas\app\Controllers\Visitantes.php(39): CodeIgniter\BaseModel->findAll()
#8 C:\xampp\htdocs\visitas\system\CodeIgniter.php(832): App\Controllers\Visitantes->nuevo()
#9 C:\xampp\htdocs\visitas\system\CodeIgniter.php(419): CodeIgniter\CodeIgniter->runController(Object(App\Controllers\Visitantes))
#10 C:\xampp\htdocs\visitas\system\CodeIgniter.php(326): CodeIgniter\CodeIgniter->handleRequest(NULL, Object(Config\Cache), false)
#11 C:\xampp\htdocs\visitas\public\index.php(37): CodeIgniter\CodeIgniter->run()
#12 {main}
ERROR - 2022-08-09 00:37:30 --> ErrorException: pg_query(): Query failed: ERROR:  no existe la columna «activo»
LINE 3: WHERE &quot;activo&quot; = '1'
              ^ in C:\xampp\htdocs\visitas\system\Database\Postgre\Connection.php:135
Stack trace:
#0 [internal function]: CodeIgniter\Debug\Exceptions->errorHandler(2, 'pg_query(): Que...', 'C:\\xampp\\htdocs...', 135)
#1 C:\xampp\htdocs\visitas\system\Database\Postgre\Connection.php(135): pg_query(Object(PgSql\Connection), 'SELECT *\nFROM v...')
#2 C:\xampp\htdocs\visitas\system\Database\BaseConnection.php(670): CodeIgniter\Database\Postgre\Connection->execute('SELECT *\nFROM v...')
#3 C:\xampp\htdocs\visitas\system\Database\BaseConnection.php(598): CodeIgniter\Database\BaseConnection->simpleQuery('SELECT *\nFROM v...')
#4 C:\xampp\htdocs\visitas\system\Database\BaseBuilder.php(1455): CodeIgniter\Database\BaseConnection->query('SELECT *\nFROM v...', Array, false)
#5 C:\xampp\htdocs\visitas\system\Model.php(183): CodeIgniter\Database\BaseBuilder->get()
#6 C:\xampp\htdocs\visitas\system\BaseModel.php(584): CodeIgniter\Model->doFindAll(0, 0)
#7 C:\xampp\htdocs\visitas\app\Controllers\Visitantes.php(39): CodeIgniter\BaseModel->findAll()
#8 C:\xampp\htdocs\visitas\system\CodeIgniter.php(832): App\Controllers\Visitantes->nuevo()
#9 C:\xampp\htdocs\visitas\system\CodeIgniter.php(419): CodeIgniter\CodeIgniter->runController(Object(App\Controllers\Visitantes))
#10 C:\xampp\htdocs\visitas\system\CodeIgniter.php(326): CodeIgniter\CodeIgniter->handleRequest(NULL, Object(Config\Cache), false)
#11 C:\xampp\htdocs\visitas\public\index.php(37): CodeIgniter\CodeIgniter->run()
#12 {main}
CRITICAL - 2022-08-09 00:37:30 --> pg_query(): Query failed: ERROR:  no existe la columna «activo»
LINE 3: WHERE &quot;activo&quot; = '1'
              ^
#0 [internal function]: CodeIgniter\Debug\Exceptions->errorHandler(2, 'pg_query(): Que...', 'C:\\xampp\\htdocs...', 135)
#1 C:\xampp\htdocs\visitas\system\Database\Postgre\Connection.php(135): pg_query(Object(PgSql\Connection), 'SELECT *\nFROM v...')
#2 C:\xampp\htdocs\visitas\system\Database\BaseConnection.php(670): CodeIgniter\Database\Postgre\Connection->execute('SELECT *\nFROM v...')
#3 C:\xampp\htdocs\visitas\system\Database\BaseConnection.php(598): CodeIgniter\Database\BaseConnection->simpleQuery('SELECT *\nFROM v...')
#4 C:\xampp\htdocs\visitas\system\Database\BaseBuilder.php(1455): CodeIgniter\Database\BaseConnection->query('SELECT *\nFROM v...', Array, false)
#5 C:\xampp\htdocs\visitas\system\Model.php(183): CodeIgniter\Database\BaseBuilder->get()
#6 C:\xampp\htdocs\visitas\system\BaseModel.php(584): CodeIgniter\Model->doFindAll(0, 0)
#7 C:\xampp\htdocs\visitas\app\Controllers\Visitantes.php(39): CodeIgniter\BaseModel->findAll()
#8 C:\xampp\htdocs\visitas\system\CodeIgniter.php(832): App\Controllers\Visitantes->nuevo()
#9 C:\xampp\htdocs\visitas\system\CodeIgniter.php(419): CodeIgniter\CodeIgniter->runController(Object(App\Controllers\Visitantes))
#10 C:\xampp\htdocs\visitas\system\CodeIgniter.php(326): CodeIgniter\CodeIgniter->handleRequest(NULL, Object(Config\Cache), false)
#11 C:\xampp\htdocs\visitas\public\index.php(37): CodeIgniter\CodeIgniter->run()
#12 {main}
ERROR - 2022-08-09 00:39:09 --> ErrorException: pg_query(): Query failed: ERROR:  no existe la columna «activo»
LINE 3: WHERE &quot;activo&quot; = '1'
              ^ in C:\xampp\htdocs\visitas\system\Database\Postgre\Connection.php:135
Stack trace:
#0 [internal function]: CodeIgniter\Debug\Exceptions->errorHandler(2, 'pg_query(): Que...', 'C:\\xampp\\htdocs...', 135)
#1 C:\xampp\htdocs\visitas\system\Database\Postgre\Connection.php(135): pg_query(Object(PgSql\Connection), 'SELECT *\nFROM v...')
#2 C:\xampp\htdocs\visitas\system\Database\BaseConnection.php(670): CodeIgniter\Database\Postgre\Connection->execute('SELECT *\nFROM v...')
#3 C:\xampp\htdocs\visitas\system\Database\BaseConnection.php(598): CodeIgniter\Database\BaseConnection->simpleQuery('SELECT *\nFROM v...')
#4 C:\xampp\htdocs\visitas\system\Database\BaseBuilder.php(1455): CodeIgniter\Database\BaseConnection->query('SELECT *\nFROM v...', Array, false)
#5 C:\xampp\htdocs\visitas\system\Model.php(183): CodeIgniter\Database\BaseBuilder->get()
#6 C:\xampp\htdocs\visitas\system\BaseModel.php(584): CodeIgniter\Model->doFindAll(0, 0)
#7 C:\xampp\htdocs\visitas\app\Controllers\Visitantes.php(39): CodeIgniter\BaseModel->findAll()
#8 C:\xampp\htdocs\visitas\system\CodeIgniter.php(832): App\Controllers\Visitantes->nuevo()
#9 C:\xampp\htdocs\visitas\system\CodeIgniter.php(419): CodeIgniter\CodeIgniter->runController(Object(App\Controllers\Visitantes))
#10 C:\xampp\htdocs\visitas\system\CodeIgniter.php(326): CodeIgniter\CodeIgniter->handleRequest(NULL, Object(Config\Cache), false)
#11 C:\xampp\htdocs\visitas\public\index.php(37): CodeIgniter\CodeIgniter->run()
#12 {main}
CRITICAL - 2022-08-09 00:39:09 --> pg_query(): Query failed: ERROR:  no existe la columna «activo»
LINE 3: WHERE &quot;activo&quot; = '1'
              ^
#0 [internal function]: CodeIgniter\Debug\Exceptions->errorHandler(2, 'pg_query(): Que...', 'C:\\xampp\\htdocs...', 135)
#1 C:\xampp\htdocs\visitas\system\Database\Postgre\Connection.php(135): pg_query(Object(PgSql\Connection), 'SELECT *\nFROM v...')
#2 C:\xampp\htdocs\visitas\system\Database\BaseConnection.php(670): CodeIgniter\Database\Postgre\Connection->execute('SELECT *\nFROM v...')
#3 C:\xampp\htdocs\visitas\system\Database\BaseConnection.php(598): CodeIgniter\Database\BaseConnection->simpleQuery('SELECT *\nFROM v...')
#4 C:\xampp\htdocs\visitas\system\Database\BaseBuilder.php(1455): CodeIgniter\Database\BaseConnection->query('SELECT *\nFROM v...', Array, false)
#5 C:\xampp\htdocs\visitas\system\Model.php(183): CodeIgniter\Database\BaseBuilder->get()
#6 C:\xampp\htdocs\visitas\system\BaseModel.php(584): CodeIgniter\Model->doFindAll(0, 0)
#7 C:\xampp\htdocs\visitas\app\Controllers\Visitantes.php(39): CodeIgniter\BaseModel->findAll()
#8 C:\xampp\htdocs\visitas\system\CodeIgniter.php(832): App\Controllers\Visitantes->nuevo()
#9 C:\xampp\htdocs\visitas\system\CodeIgniter.php(419): CodeIgniter\CodeIgniter->runController(Object(App\Controllers\Visitantes))
#10 C:\xampp\htdocs\visitas\system\CodeIgniter.php(326): CodeIgniter\CodeIgniter->handleRequest(NULL, Object(Config\Cache), false)
#11 C:\xampp\htdocs\visitas\public\index.php(37): CodeIgniter\CodeIgniter->run()
#12 {main}
ERROR - 2022-08-09 00:39:10 --> ErrorException: pg_query(): Query failed: ERROR:  no existe la columna «activo»
LINE 3: WHERE &quot;activo&quot; = '1'
              ^ in C:\xampp\htdocs\visitas\system\Database\Postgre\Connection.php:135
Stack trace:
#0 [internal function]: CodeIgniter\Debug\Exceptions->errorHandler(2, 'pg_query(): Que...', 'C:\\xampp\\htdocs...', 135)
#1 C:\xampp\htdocs\visitas\system\Database\Postgre\Connection.php(135): pg_query(Object(PgSql\Connection), 'SELECT *\nFROM v...')
#2 C:\xampp\htdocs\visitas\system\Database\BaseConnection.php(670): CodeIgniter\Database\Postgre\Connection->execute('SELECT *\nFROM v...')
#3 C:\xampp\htdocs\visitas\system\Database\BaseConnection.php(598): CodeIgniter\Database\BaseConnection->simpleQuery('SELECT *\nFROM v...')
#4 C:\xampp\htdocs\visitas\system\Database\BaseBuilder.php(1455): CodeIgniter\Database\BaseConnection->query('SELECT *\nFROM v...', Array, false)
#5 C:\xampp\htdocs\visitas\system\Model.php(183): CodeIgniter\Database\BaseBuilder->get()
#6 C:\xampp\htdocs\visitas\system\BaseModel.php(584): CodeIgniter\Model->doFindAll(0, 0)
#7 C:\xampp\htdocs\visitas\app\Controllers\Visitantes.php(39): CodeIgniter\BaseModel->findAll()
#8 C:\xampp\htdocs\visitas\system\CodeIgniter.php(832): App\Controllers\Visitantes->nuevo()
#9 C:\xampp\htdocs\visitas\system\CodeIgniter.php(419): CodeIgniter\CodeIgniter->runController(Object(App\Controllers\Visitantes))
#10 C:\xampp\htdocs\visitas\system\CodeIgniter.php(326): CodeIgniter\CodeIgniter->handleRequest(NULL, Object(Config\Cache), false)
#11 C:\xampp\htdocs\visitas\public\index.php(37): CodeIgniter\CodeIgniter->run()
#12 {main}
CRITICAL - 2022-08-09 00:39:10 --> pg_query(): Query failed: ERROR:  no existe la columna «activo»
LINE 3: WHERE &quot;activo&quot; = '1'
              ^
#0 [internal function]: CodeIgniter\Debug\Exceptions->errorHandler(2, 'pg_query(): Que...', 'C:\\xampp\\htdocs...', 135)
#1 C:\xampp\htdocs\visitas\system\Database\Postgre\Connection.php(135): pg_query(Object(PgSql\Connection), 'SELECT *\nFROM v...')
#2 C:\xampp\htdocs\visitas\system\Database\BaseConnection.php(670): CodeIgniter\Database\Postgre\Connection->execute('SELECT *\nFROM v...')
#3 C:\xampp\htdocs\visitas\system\Database\BaseConnection.php(598): CodeIgniter\Database\BaseConnection->simpleQuery('SELECT *\nFROM v...')
#4 C:\xampp\htdocs\visitas\system\Database\BaseBuilder.php(1455): CodeIgniter\Database\BaseConnection->query('SELECT *\nFROM v...', Array, false)
#5 C:\xampp\htdocs\visitas\system\Model.php(183): CodeIgniter\Database\BaseBuilder->get()
#6 C:\xampp\htdocs\visitas\system\BaseModel.php(584): CodeIgniter\Model->doFindAll(0, 0)
#7 C:\xampp\htdocs\visitas\app\Controllers\Visitantes.php(39): CodeIgniter\BaseModel->findAll()
#8 C:\xampp\htdocs\visitas\system\CodeIgniter.php(832): App\Controllers\Visitantes->nuevo()
#9 C:\xampp\htdocs\visitas\system\CodeIgniter.php(419): CodeIgniter\CodeIgniter->runController(Object(App\Controllers\Visitantes))
#10 C:\xampp\htdocs\visitas\system\CodeIgniter.php(326): CodeIgniter\CodeIgniter->handleRequest(NULL, Object(Config\Cache), false)
#11 C:\xampp\htdocs\visitas\public\index.php(37): CodeIgniter\CodeIgniter->run()
#12 {main}
ERROR - 2022-08-09 00:39:11 --> ErrorException: pg_query(): Query failed: ERROR:  no existe la columna «activo»
LINE 3: WHERE &quot;activo&quot; = '1'
              ^ in C:\xampp\htdocs\visitas\system\Database\Postgre\Connection.php:135
Stack trace:
#0 [internal function]: CodeIgniter\Debug\Exceptions->errorHandler(2, 'pg_query(): Que...', 'C:\\xampp\\htdocs...', 135)
#1 C:\xampp\htdocs\visitas\system\Database\Postgre\Connection.php(135): pg_query(Object(PgSql\Connection), 'SELECT *\nFROM v...')
#2 C:\xampp\htdocs\visitas\system\Database\BaseConnection.php(670): CodeIgniter\Database\Postgre\Connection->execute('SELECT *\nFROM v...')
#3 C:\xampp\htdocs\visitas\system\Database\BaseConnection.php(598): CodeIgniter\Database\BaseConnection->simpleQuery('SELECT *\nFROM v...')
#4 C:\xampp\htdocs\visitas\system\Database\BaseBuilder.php(1455): CodeIgniter\Database\BaseConnection->query('SELECT *\nFROM v...', Array, false)
#5 C:\xampp\htdocs\visitas\system\Model.php(183): CodeIgniter\Database\BaseBuilder->get()
#6 C:\xampp\htdocs\visitas\system\BaseModel.php(584): CodeIgniter\Model->doFindAll(0, 0)
#7 C:\xampp\htdocs\visitas\app\Controllers\Visitantes.php(39): CodeIgniter\BaseModel->findAll()
#8 C:\xampp\htdocs\visitas\system\CodeIgniter.php(832): App\Controllers\Visitantes->nuevo()
#9 C:\xampp\htdocs\visitas\system\CodeIgniter.php(419): CodeIgniter\CodeIgniter->runController(Object(App\Controllers\Visitantes))
#10 C:\xampp\htdocs\visitas\system\CodeIgniter.php(326): CodeIgniter\CodeIgniter->handleRequest(NULL, Object(Config\Cache), false)
#11 C:\xampp\htdocs\visitas\public\index.php(37): CodeIgniter\CodeIgniter->run()
#12 {main}
CRITICAL - 2022-08-09 00:39:11 --> pg_query(): Query failed: ERROR:  no existe la columna «activo»
LINE 3: WHERE &quot;activo&quot; = '1'
              ^
#0 [internal function]: CodeIgniter\Debug\Exceptions->errorHandler(2, 'pg_query(): Que...', 'C:\\xampp\\htdocs...', 135)
#1 C:\xampp\htdocs\visitas\system\Database\Postgre\Connection.php(135): pg_query(Object(PgSql\Connection), 'SELECT *\nFROM v...')
#2 C:\xampp\htdocs\visitas\system\Database\BaseConnection.php(670): CodeIgniter\Database\Postgre\Connection->execute('SELECT *\nFROM v...')
#3 C:\xampp\htdocs\visitas\system\Database\BaseConnection.php(598): CodeIgniter\Database\BaseConnection->simpleQuery('SELECT *\nFROM v...')
#4 C:\xampp\htdocs\visitas\system\Database\BaseBuilder.php(1455): CodeIgniter\Database\BaseConnection->query('SELECT *\nFROM v...', Array, false)
#5 C:\xampp\htdocs\visitas\system\Model.php(183): CodeIgniter\Database\BaseBuilder->get()
#6 C:\xampp\htdocs\visitas\system\BaseModel.php(584): CodeIgniter\Model->doFindAll(0, 0)
#7 C:\xampp\htdocs\visitas\app\Controllers\Visitantes.php(39): CodeIgniter\BaseModel->findAll()
#8 C:\xampp\htdocs\visitas\system\CodeIgniter.php(832): App\Controllers\Visitantes->nuevo()
#9 C:\xampp\htdocs\visitas\system\CodeIgniter.php(419): CodeIgniter\CodeIgniter->runController(Object(App\Controllers\Visitantes))
#10 C:\xampp\htdocs\visitas\system\CodeIgniter.php(326): CodeIgniter\CodeIgniter->handleRequest(NULL, Object(Config\Cache), false)
#11 C:\xampp\htdocs\visitas\public\index.php(37): CodeIgniter\CodeIgniter->run()
#12 {main}
ERROR - 2022-08-09 00:39:46 --> ErrorException: pg_query(): Query failed: ERROR:  no existe la columna «activo»
LINE 3: WHERE &quot;activo&quot; = '1'
              ^ in C:\xampp\htdocs\visitas\system\Database\Postgre\Connection.php:135
Stack trace:
#0 [internal function]: CodeIgniter\Debug\Exceptions->errorHandler(2, 'pg_query(): Que...', 'C:\\xampp\\htdocs...', 135)
#1 C:\xampp\htdocs\visitas\system\Database\Postgre\Connection.php(135): pg_query(Object(PgSql\Connection), 'SELECT *\nFROM v...')
#2 C:\xampp\htdocs\visitas\system\Database\BaseConnection.php(670): CodeIgniter\Database\Postgre\Connection->execute('SELECT *\nFROM v...')
#3 C:\xampp\htdocs\visitas\system\Database\BaseConnection.php(598): CodeIgniter\Database\BaseConnection->simpleQuery('SELECT *\nFROM v...')
#4 C:\xampp\htdocs\visitas\system\Database\BaseBuilder.php(1455): CodeIgniter\Database\BaseConnection->query('SELECT *\nFROM v...', Array, false)
#5 C:\xampp\htdocs\visitas\system\Model.php(183): CodeIgniter\Database\BaseBuilder->get()
#6 C:\xampp\htdocs\visitas\system\BaseModel.php(584): CodeIgniter\Model->doFindAll(0, 0)
#7 C:\xampp\htdocs\visitas\app\Controllers\Visitantes.php(39): CodeIgniter\BaseModel->findAll()
#8 C:\xampp\htdocs\visitas\system\CodeIgniter.php(832): App\Controllers\Visitantes->nuevo()
#9 C:\xampp\htdocs\visitas\system\CodeIgniter.php(419): CodeIgniter\CodeIgniter->runController(Object(App\Controllers\Visitantes))
#10 C:\xampp\htdocs\visitas\system\CodeIgniter.php(326): CodeIgniter\CodeIgniter->handleRequest(NULL, Object(Config\Cache), false)
#11 C:\xampp\htdocs\visitas\public\index.php(37): CodeIgniter\CodeIgniter->run()
#12 {main}
CRITICAL - 2022-08-09 00:39:46 --> pg_query(): Query failed: ERROR:  no existe la columna «activo»
LINE 3: WHERE &quot;activo&quot; = '1'
              ^
#0 [internal function]: CodeIgniter\Debug\Exceptions->errorHandler(2, 'pg_query(): Que...', 'C:\\xampp\\htdocs...', 135)
#1 C:\xampp\htdocs\visitas\system\Database\Postgre\Connection.php(135): pg_query(Object(PgSql\Connection), 'SELECT *\nFROM v...')
#2 C:\xampp\htdocs\visitas\system\Database\BaseConnection.php(670): CodeIgniter\Database\Postgre\Connection->execute('SELECT *\nFROM v...')
#3 C:\xampp\htdocs\visitas\system\Database\BaseConnection.php(598): CodeIgniter\Database\BaseConnection->simpleQuery('SELECT *\nFROM v...')
#4 C:\xampp\htdocs\visitas\system\Database\BaseBuilder.php(1455): CodeIgniter\Database\BaseConnection->query('SELECT *\nFROM v...', Array, false)
#5 C:\xampp\htdocs\visitas\system\Model.php(183): CodeIgniter\Database\BaseBuilder->get()
#6 C:\xampp\htdocs\visitas\system\BaseModel.php(584): CodeIgniter\Model->doFindAll(0, 0)
#7 C:\xampp\htdocs\visitas\app\Controllers\Visitantes.php(39): CodeIgniter\BaseModel->findAll()
#8 C:\xampp\htdocs\visitas\system\CodeIgniter.php(832): App\Controllers\Visitantes->nuevo()
#9 C:\xampp\htdocs\visitas\system\CodeIgniter.php(419): CodeIgniter\CodeIgniter->runController(Object(App\Controllers\Visitantes))
#10 C:\xampp\htdocs\visitas\system\CodeIgniter.php(326): CodeIgniter\CodeIgniter->handleRequest(NULL, Object(Config\Cache), false)
#11 C:\xampp\htdocs\visitas\public\index.php(37): CodeIgniter\CodeIgniter->run()
#12 {main}
ERROR - 2022-08-09 00:39:47 --> ErrorException: pg_query(): Query failed: ERROR:  no existe la columna «activo»
LINE 3: WHERE &quot;activo&quot; = '1'
              ^ in C:\xampp\htdocs\visitas\system\Database\Postgre\Connection.php:135
Stack trace:
#0 [internal function]: CodeIgniter\Debug\Exceptions->errorHandler(2, 'pg_query(): Que...', 'C:\\xampp\\htdocs...', 135)
#1 C:\xampp\htdocs\visitas\system\Database\Postgre\Connection.php(135): pg_query(Object(PgSql\Connection), 'SELECT *\nFROM v...')
#2 C:\xampp\htdocs\visitas\system\Database\BaseConnection.php(670): CodeIgniter\Database\Postgre\Connection->execute('SELECT *\nFROM v...')
#3 C:\xampp\htdocs\visitas\system\Database\BaseConnection.php(598): CodeIgniter\Database\BaseConnection->simpleQuery('SELECT *\nFROM v...')
#4 C:\xampp\htdocs\visitas\system\Database\BaseBuilder.php(1455): CodeIgniter\Database\BaseConnection->query('SELECT *\nFROM v...', Array, false)
#5 C:\xampp\htdocs\visitas\system\Model.php(183): CodeIgniter\Database\BaseBuilder->get()
#6 C:\xampp\htdocs\visitas\system\BaseModel.php(584): CodeIgniter\Model->doFindAll(0, 0)
#7 C:\xampp\htdocs\visitas\app\Controllers\Visitantes.php(39): CodeIgniter\BaseModel->findAll()
#8 C:\xampp\htdocs\visitas\system\CodeIgniter.php(832): App\Controllers\Visitantes->nuevo()
#9 C:\xampp\htdocs\visitas\system\CodeIgniter.php(419): CodeIgniter\CodeIgniter->runController(Object(App\Controllers\Visitantes))
#10 C:\xampp\htdocs\visitas\system\CodeIgniter.php(326): CodeIgniter\CodeIgniter->handleRequest(NULL, Object(Config\Cache), false)
#11 C:\xampp\htdocs\visitas\public\index.php(37): CodeIgniter\CodeIgniter->run()
#12 {main}
CRITICAL - 2022-08-09 00:39:47 --> pg_query(): Query failed: ERROR:  no existe la columna «activo»
LINE 3: WHERE &quot;activo&quot; = '1'
              ^
#0 [internal function]: CodeIgniter\Debug\Exceptions->errorHandler(2, 'pg_query(): Que...', 'C:\\xampp\\htdocs...', 135)
#1 C:\xampp\htdocs\visitas\system\Database\Postgre\Connection.php(135): pg_query(Object(PgSql\Connection), 'SELECT *\nFROM v...')
#2 C:\xampp\htdocs\visitas\system\Database\BaseConnection.php(670): CodeIgniter\Database\Postgre\Connection->execute('SELECT *\nFROM v...')
#3 C:\xampp\htdocs\visitas\system\Database\BaseConnection.php(598): CodeIgniter\Database\BaseConnection->simpleQuery('SELECT *\nFROM v...')
#4 C:\xampp\htdocs\visitas\system\Database\BaseBuilder.php(1455): CodeIgniter\Database\BaseConnection->query('SELECT *\nFROM v...', Array, false)
#5 C:\xampp\htdocs\visitas\system\Model.php(183): CodeIgniter\Database\BaseBuilder->get()
#6 C:\xampp\htdocs\visitas\system\BaseModel.php(584): CodeIgniter\Model->doFindAll(0, 0)
#7 C:\xampp\htdocs\visitas\app\Controllers\Visitantes.php(39): CodeIgniter\BaseModel->findAll()
#8 C:\xampp\htdocs\visitas\system\CodeIgniter.php(832): App\Controllers\Visitantes->nuevo()
#9 C:\xampp\htdocs\visitas\system\CodeIgniter.php(419): CodeIgniter\CodeIgniter->runController(Object(App\Controllers\Visitantes))
#10 C:\xampp\htdocs\visitas\system\CodeIgniter.php(326): CodeIgniter\CodeIgniter->handleRequest(NULL, Object(Config\Cache), false)
#11 C:\xampp\htdocs\visitas\public\index.php(37): CodeIgniter\CodeIgniter->run()
#12 {main}
ERROR - 2022-08-09 00:42:25 --> ErrorException: pg_query(): Query failed: ERROR:  no existe la columna «activo»
LINE 3: WHERE &quot;activo&quot; = '1'
              ^ in C:\xampp\htdocs\visitas\system\Database\Postgre\Connection.php:135
Stack trace:
#0 [internal function]: CodeIgniter\Debug\Exceptions->errorHandler(2, 'pg_query(): Que...', 'C:\\xampp\\htdocs...', 135)
#1 C:\xampp\htdocs\visitas\system\Database\Postgre\Connection.php(135): pg_query(Object(PgSql\Connection), 'SELECT *\nFROM v...')
#2 C:\xampp\htdocs\visitas\system\Database\BaseConnection.php(670): CodeIgniter\Database\Postgre\Connection->execute('SELECT *\nFROM v...')
#3 C:\xampp\htdocs\visitas\system\Database\BaseConnection.php(598): CodeIgniter\Database\BaseConnection->simpleQuery('SELECT *\nFROM v...')
#4 C:\xampp\htdocs\visitas\system\Database\BaseBuilder.php(1455): CodeIgniter\Database\BaseConnection->query('SELECT *\nFROM v...', Array, false)
#5 C:\xampp\htdocs\visitas\system\Model.php(183): CodeIgniter\Database\BaseBuilder->get()
#6 C:\xampp\htdocs\visitas\system\BaseModel.php(584): CodeIgniter\Model->doFindAll(0, 0)
#7 C:\xampp\htdocs\visitas\app\Controllers\Visitantes.php(39): CodeIgniter\BaseModel->findAll()
#8 C:\xampp\htdocs\visitas\system\CodeIgniter.php(832): App\Controllers\Visitantes->nuevo()
#9 C:\xampp\htdocs\visitas\system\CodeIgniter.php(419): CodeIgniter\CodeIgniter->runController(Object(App\Controllers\Visitantes))
#10 C:\xampp\htdocs\visitas\system\CodeIgniter.php(326): CodeIgniter\CodeIgniter->handleRequest(NULL, Object(Config\Cache), false)
#11 C:\xampp\htdocs\visitas\public\index.php(37): CodeIgniter\CodeIgniter->run()
#12 {main}
CRITICAL - 2022-08-09 00:42:25 --> pg_query(): Query failed: ERROR:  no existe la columna «activo»
LINE 3: WHERE &quot;activo&quot; = '1'
              ^
#0 [internal function]: CodeIgniter\Debug\Exceptions->errorHandler(2, 'pg_query(): Que...', 'C:\\xampp\\htdocs...', 135)
#1 C:\xampp\htdocs\visitas\system\Database\Postgre\Connection.php(135): pg_query(Object(PgSql\Connection), 'SELECT *\nFROM v...')
#2 C:\xampp\htdocs\visitas\system\Database\BaseConnection.php(670): CodeIgniter\Database\Postgre\Connection->execute('SELECT *\nFROM v...')
#3 C:\xampp\htdocs\visitas\system\Database\BaseConnection.php(598): CodeIgniter\Database\BaseConnection->simpleQuery('SELECT *\nFROM v...')
#4 C:\xampp\htdocs\visitas\system\Database\BaseBuilder.php(1455): CodeIgniter\Database\BaseConnection->query('SELECT *\nFROM v...', Array, false)
#5 C:\xampp\htdocs\visitas\system\Model.php(183): CodeIgniter\Database\BaseBuilder->get()
#6 C:\xampp\htdocs\visitas\system\BaseModel.php(584): CodeIgniter\Model->doFindAll(0, 0)
#7 C:\xampp\htdocs\visitas\app\Controllers\Visitantes.php(39): CodeIgniter\BaseModel->findAll()
#8 C:\xampp\htdocs\visitas\system\CodeIgniter.php(832): App\Controllers\Visitantes->nuevo()
#9 C:\xampp\htdocs\visitas\system\CodeIgniter.php(419): CodeIgniter\CodeIgniter->runController(Object(App\Controllers\Visitantes))
#10 C:\xampp\htdocs\visitas\system\CodeIgniter.php(326): CodeIgniter\CodeIgniter->handleRequest(NULL, Object(Config\Cache), false)
#11 C:\xampp\htdocs\visitas\public\index.php(37): CodeIgniter\CodeIgniter->run()
#12 {main}
ERROR - 2022-08-09 00:42:27 --> ErrorException: pg_query(): Query failed: ERROR:  no existe la columna «activo»
LINE 3: WHERE &quot;activo&quot; = '1'
              ^ in C:\xampp\htdocs\visitas\system\Database\Postgre\Connection.php:135
Stack trace:
#0 [internal function]: CodeIgniter\Debug\Exceptions->errorHandler(2, 'pg_query(): Que...', 'C:\\xampp\\htdocs...', 135)
#1 C:\xampp\htdocs\visitas\system\Database\Postgre\Connection.php(135): pg_query(Object(PgSql\Connection), 'SELECT *\nFROM v...')
#2 C:\xampp\htdocs\visitas\system\Database\BaseConnection.php(670): CodeIgniter\Database\Postgre\Connection->execute('SELECT *\nFROM v...')
#3 C:\xampp\htdocs\visitas\system\Database\BaseConnection.php(598): CodeIgniter\Database\BaseConnection->simpleQuery('SELECT *\nFROM v...')
#4 C:\xampp\htdocs\visitas\system\Database\BaseBuilder.php(1455): CodeIgniter\Database\BaseConnection->query('SELECT *\nFROM v...', Array, false)
#5 C:\xampp\htdocs\visitas\system\Model.php(183): CodeIgniter\Database\BaseBuilder->get()
#6 C:\xampp\htdocs\visitas\system\BaseModel.php(584): CodeIgniter\Model->doFindAll(0, 0)
#7 C:\xampp\htdocs\visitas\app\Controllers\Visitantes.php(39): CodeIgniter\BaseModel->findAll()
#8 C:\xampp\htdocs\visitas\system\CodeIgniter.php(832): App\Controllers\Visitantes->nuevo()
#9 C:\xampp\htdocs\visitas\system\CodeIgniter.php(419): CodeIgniter\CodeIgniter->runController(Object(App\Controllers\Visitantes))
#10 C:\xampp\htdocs\visitas\system\CodeIgniter.php(326): CodeIgniter\CodeIgniter->handleRequest(NULL, Object(Config\Cache), false)
#11 C:\xampp\htdocs\visitas\public\index.php(37): CodeIgniter\CodeIgniter->run()
#12 {main}
CRITICAL - 2022-08-09 00:42:27 --> pg_query(): Query failed: ERROR:  no existe la columna «activo»
LINE 3: WHERE &quot;activo&quot; = '1'
              ^
#0 [internal function]: CodeIgniter\Debug\Exceptions->errorHandler(2, 'pg_query(): Que...', 'C:\\xampp\\htdocs...', 135)
#1 C:\xampp\htdocs\visitas\system\Database\Postgre\Connection.php(135): pg_query(Object(PgSql\Connection), 'SELECT *\nFROM v...')
#2 C:\xampp\htdocs\visitas\system\Database\BaseConnection.php(670): CodeIgniter\Database\Postgre\Connection->execute('SELECT *\nFROM v...')
#3 C:\xampp\htdocs\visitas\system\Database\BaseConnection.php(598): CodeIgniter\Database\BaseConnection->simpleQuery('SELECT *\nFROM v...')
#4 C:\xampp\htdocs\visitas\system\Database\BaseBuilder.php(1455): CodeIgniter\Database\BaseConnection->query('SELECT *\nFROM v...', Array, false)
#5 C:\xampp\htdocs\visitas\system\Model.php(183): CodeIgniter\Database\BaseBuilder->get()
#6 C:\xampp\htdocs\visitas\system\BaseModel.php(584): CodeIgniter\Model->doFindAll(0, 0)
#7 C:\xampp\htdocs\visitas\app\Controllers\Visitantes.php(39): CodeIgniter\BaseModel->findAll()
#8 C:\xampp\htdocs\visitas\system\CodeIgniter.php(832): App\Controllers\Visitantes->nuevo()
#9 C:\xampp\htdocs\visitas\system\CodeIgniter.php(419): CodeIgniter\CodeIgniter->runController(Object(App\Controllers\Visitantes))
#10 C:\xampp\htdocs\visitas\system\CodeIgniter.php(326): CodeIgniter\CodeIgniter->handleRequest(NULL, Object(Config\Cache), false)
#11 C:\xampp\htdocs\visitas\public\index.php(37): CodeIgniter\CodeIgniter->run()
#12 {main}
CRITICAL - 2022-08-09 00:44:06 --> Cannot use empty array elements in arrays
#0 [internal function]: CodeIgniter\Debug\Exceptions->shutdownHandler()
#1 {main}
ERROR - 2022-08-09 00:44:19 --> ErrorException: pg_query(): Query failed: ERROR:  no existe la columna «activo»
LINE 3: WHERE &quot;activo&quot; = '1'
              ^ in C:\xampp\htdocs\visitas\system\Database\Postgre\Connection.php:135
Stack trace:
#0 [internal function]: CodeIgniter\Debug\Exceptions->errorHandler(2, 'pg_query(): Que...', 'C:\\xampp\\htdocs...', 135)
#1 C:\xampp\htdocs\visitas\system\Database\Postgre\Connection.php(135): pg_query(Object(PgSql\Connection), 'SELECT *\nFROM v...')
#2 C:\xampp\htdocs\visitas\system\Database\BaseConnection.php(670): CodeIgniter\Database\Postgre\Connection->execute('SELECT *\nFROM v...')
#3 C:\xampp\htdocs\visitas\system\Database\BaseConnection.php(598): CodeIgniter\Database\BaseConnection->simpleQuery('SELECT *\nFROM v...')
#4 C:\xampp\htdocs\visitas\system\Database\BaseBuilder.php(1455): CodeIgniter\Database\BaseConnection->query('SELECT *\nFROM v...', Array, false)
#5 C:\xampp\htdocs\visitas\system\Model.php(183): CodeIgniter\Database\BaseBuilder->get()
#6 C:\xampp\htdocs\visitas\system\BaseModel.php(584): CodeIgniter\Model->doFindAll(0, 0)
#7 C:\xampp\htdocs\visitas\app\Controllers\Visitantes.php(39): CodeIgniter\BaseModel->findAll()
#8 C:\xampp\htdocs\visitas\system\CodeIgniter.php(832): App\Controllers\Visitantes->nuevo()
#9 C:\xampp\htdocs\visitas\system\CodeIgniter.php(419): CodeIgniter\CodeIgniter->runController(Object(App\Controllers\Visitantes))
#10 C:\xampp\htdocs\visitas\system\CodeIgniter.php(326): CodeIgniter\CodeIgniter->handleRequest(NULL, Object(Config\Cache), false)
#11 C:\xampp\htdocs\visitas\public\index.php(37): CodeIgniter\CodeIgniter->run()
#12 {main}
CRITICAL - 2022-08-09 00:44:19 --> pg_query(): Query failed: ERROR:  no existe la columna «activo»
LINE 3: WHERE &quot;activo&quot; = '1'
              ^
#0 [internal function]: CodeIgniter\Debug\Exceptions->errorHandler(2, 'pg_query(): Que...', 'C:\\xampp\\htdocs...', 135)
#1 C:\xampp\htdocs\visitas\system\Database\Postgre\Connection.php(135): pg_query(Object(PgSql\Connection), 'SELECT *\nFROM v...')
#2 C:\xampp\htdocs\visitas\system\Database\BaseConnection.php(670): CodeIgniter\Database\Postgre\Connection->execute('SELECT *\nFROM v...')
#3 C:\xampp\htdocs\visitas\system\Database\BaseConnection.php(598): CodeIgniter\Database\BaseConnection->simpleQuery('SELECT *\nFROM v...')
#4 C:\xampp\htdocs\visitas\system\Database\BaseBuilder.php(1455): CodeIgniter\Database\BaseConnection->query('SELECT *\nFROM v...', Array, false)
#5 C:\xampp\htdocs\visitas\system\Model.php(183): CodeIgniter\Database\BaseBuilder->get()
#6 C:\xampp\htdocs\visitas\system\BaseModel.php(584): CodeIgniter\Model->doFindAll(0, 0)
#7 C:\xampp\htdocs\visitas\app\Controllers\Visitantes.php(39): CodeIgniter\BaseModel->findAll()
#8 C:\xampp\htdocs\visitas\system\CodeIgniter.php(832): App\Controllers\Visitantes->nuevo()
#9 C:\xampp\htdocs\visitas\system\CodeIgniter.php(419): CodeIgniter\CodeIgniter->runController(Object(App\Controllers\Visitantes))
#10 C:\xampp\htdocs\visitas\system\CodeIgniter.php(326): CodeIgniter\CodeIgniter->handleRequest(NULL, Object(Config\Cache), false)
#11 C:\xampp\htdocs\visitas\public\index.php(37): CodeIgniter\CodeIgniter->run()
#12 {main}
CRITICAL - 2022-08-09 00:45:17 --> Undefined array key "id"
#0 C:\xampp\htdocs\visitas\app\Views\generos\generos.php(26): CodeIgniter\Debug\Exceptions->errorHandler(2, 'Undefined array...', 'C:\\xampp\\htdocs...', 26)
#1 C:\xampp\htdocs\visitas\system\View\View.php(210): include('C:\\xampp\\htdocs...')
#2 C:\xampp\htdocs\visitas\system\View\View.php(213): CodeIgniter\View\View->CodeIgniter\View\{closure}()
#3 C:\xampp\htdocs\visitas\system\Common.php(1089): CodeIgniter\View\View->render('generos/generos', Array, true)
#4 C:\xampp\htdocs\visitas\app\Controllers\Generos.php(24): view('generos/generos', Array)
#5 C:\xampp\htdocs\visitas\system\CodeIgniter.php(832): App\Controllers\Generos->index()
#6 C:\xampp\htdocs\visitas\system\CodeIgniter.php(419): CodeIgniter\CodeIgniter->runController(Object(App\Controllers\Generos))
#7 C:\xampp\htdocs\visitas\system\CodeIgniter.php(326): CodeIgniter\CodeIgniter->handleRequest(NULL, Object(Config\Cache), false)
#8 C:\xampp\htdocs\visitas\public\index.php(37): CodeIgniter\CodeIgniter->run()
#9 {main}
CRITICAL - 2022-08-09 00:46:10 --> Undefined array key "id"
#0 C:\xampp\htdocs\visitas\app\Views\generos\generos.php(28): CodeIgniter\Debug\Exceptions->errorHandler(2, 'Undefined array...', 'C:\\xampp\\htdocs...', 28)
#1 C:\xampp\htdocs\visitas\system\View\View.php(210): include('C:\\xampp\\htdocs...')
#2 C:\xampp\htdocs\visitas\system\View\View.php(213): CodeIgniter\View\View->CodeIgniter\View\{closure}()
#3 C:\xampp\htdocs\visitas\system\Common.php(1089): CodeIgniter\View\View->render('generos/generos', Array, true)
#4 C:\xampp\htdocs\visitas\app\Controllers\Generos.php(24): view('generos/generos', Array)
#5 C:\xampp\htdocs\visitas\system\CodeIgniter.php(832): App\Controllers\Generos->index()
#6 C:\xampp\htdocs\visitas\system\CodeIgniter.php(419): CodeIgniter\CodeIgniter->runController(Object(App\Controllers\Generos))
#7 C:\xampp\htdocs\visitas\system\CodeIgniter.php(326): CodeIgniter\CodeIgniter->handleRequest(NULL, Object(Config\Cache), false)
#8 C:\xampp\htdocs\visitas\public\index.php(37): CodeIgniter\CodeIgniter->run()
#9 {main}
CRITICAL - 2022-08-09 00:46:45 --> Undefined array key "id"
#0 C:\xampp\htdocs\visitas\app\Views\generos\generos.php(28): CodeIgniter\Debug\Exceptions->errorHandler(2, 'Undefined array...', 'C:\\xampp\\htdocs...', 28)
#1 C:\xampp\htdocs\visitas\system\View\View.php(210): include('C:\\xampp\\htdocs...')
#2 C:\xampp\htdocs\visitas\system\View\View.php(213): CodeIgniter\View\View->CodeIgniter\View\{closure}()
#3 C:\xampp\htdocs\visitas\system\Common.php(1089): CodeIgniter\View\View->render('generos/generos', Array, true)
#4 C:\xampp\htdocs\visitas\app\Controllers\Generos.php(24): view('generos/generos', Array)
#5 C:\xampp\htdocs\visitas\system\CodeIgniter.php(832): App\Controllers\Generos->index()
#6 C:\xampp\htdocs\visitas\system\CodeIgniter.php(419): CodeIgniter\CodeIgniter->runController(Object(App\Controllers\Generos))
#7 C:\xampp\htdocs\visitas\system\CodeIgniter.php(326): CodeIgniter\CodeIgniter->handleRequest(NULL, Object(Config\Cache), false)
#8 C:\xampp\htdocs\visitas\public\index.php(37): CodeIgniter\CodeIgniter->run()
#9 {main}
CRITICAL - 2022-08-09 00:47:36 --> Undefined array key "id"
#0 C:\xampp\htdocs\visitas\app\Views\generos\generos.php(28): CodeIgniter\Debug\Exceptions->errorHandler(2, 'Undefined array...', 'C:\\xampp\\htdocs...', 28)
#1 C:\xampp\htdocs\visitas\system\View\View.php(210): include('C:\\xampp\\htdocs...')
#2 C:\xampp\htdocs\visitas\system\View\View.php(213): CodeIgniter\View\View->CodeIgniter\View\{closure}()
#3 C:\xampp\htdocs\visitas\system\Common.php(1089): CodeIgniter\View\View->render('generos/generos', Array, true)
#4 C:\xampp\htdocs\visitas\app\Controllers\Generos.php(24): view('generos/generos', Array)
#5 C:\xampp\htdocs\visitas\system\CodeIgniter.php(832): App\Controllers\Generos->index()
#6 C:\xampp\htdocs\visitas\system\CodeIgniter.php(419): CodeIgniter\CodeIgniter->runController(Object(App\Controllers\Generos))
#7 C:\xampp\htdocs\visitas\system\CodeIgniter.php(326): CodeIgniter\CodeIgniter->handleRequest(NULL, Object(Config\Cache), false)
#8 C:\xampp\htdocs\visitas\public\index.php(37): CodeIgniter\CodeIgniter->run()
#9 {main}
CRITICAL - 2022-08-09 00:47:36 --> Undefined array key "id"
#0 C:\xampp\htdocs\visitas\app\Views\generos\generos.php(28): CodeIgniter\Debug\Exceptions->errorHandler(2, 'Undefined array...', 'C:\\xampp\\htdocs...', 28)
#1 C:\xampp\htdocs\visitas\system\View\View.php(210): include('C:\\xampp\\htdocs...')
#2 C:\xampp\htdocs\visitas\system\View\View.php(213): CodeIgniter\View\View->CodeIgniter\View\{closure}()
#3 C:\xampp\htdocs\visitas\system\Common.php(1089): CodeIgniter\View\View->render('generos/generos', Array, true)
#4 C:\xampp\htdocs\visitas\app\Controllers\Generos.php(24): view('generos/generos', Array)
#5 C:\xampp\htdocs\visitas\system\CodeIgniter.php(832): App\Controllers\Generos->index()
#6 C:\xampp\htdocs\visitas\system\CodeIgniter.php(419): CodeIgniter\CodeIgniter->runController(Object(App\Controllers\Generos))
#7 C:\xampp\htdocs\visitas\system\CodeIgniter.php(326): CodeIgniter\CodeIgniter->handleRequest(NULL, Object(Config\Cache), false)
#8 C:\xampp\htdocs\visitas\public\index.php(37): CodeIgniter\CodeIgniter->run()
#9 {main}
CRITICAL - 2022-08-09 00:49:17 --> Undefined array key "fecha"
#0 C:\xampp\htdocs\visitas\app\Views\generos\generos.php(26): CodeIgniter\Debug\Exceptions->errorHandler(2, 'Undefined array...', 'C:\\xampp\\htdocs...', 26)
#1 C:\xampp\htdocs\visitas\system\View\View.php(210): include('C:\\xampp\\htdocs...')
#2 C:\xampp\htdocs\visitas\system\View\View.php(213): CodeIgniter\View\View->CodeIgniter\View\{closure}()
#3 C:\xampp\htdocs\visitas\system\Common.php(1089): CodeIgniter\View\View->render('generos/generos', Array, true)
#4 C:\xampp\htdocs\visitas\app\Controllers\Generos.php(23): view('generos/generos', Array)
#5 C:\xampp\htdocs\visitas\system\CodeIgniter.php(832): App\Controllers\Generos->index()
#6 C:\xampp\htdocs\visitas\system\CodeIgniter.php(419): CodeIgniter\CodeIgniter->runController(Object(App\Controllers\Generos))
#7 C:\xampp\htdocs\visitas\system\CodeIgniter.php(326): CodeIgniter\CodeIgniter->handleRequest(NULL, Object(Config\Cache), false)
#8 C:\xampp\htdocs\visitas\public\index.php(37): CodeIgniter\CodeIgniter->run()
#9 {main}
CRITICAL - 2022-08-09 00:49:51 --> Undefined array key "generos"
#0 C:\xampp\htdocs\visitas\app\Views\generos\generos.php(27): CodeIgniter\Debug\Exceptions->errorHandler(2, 'Undefined array...', 'C:\\xampp\\htdocs...', 27)
#1 C:\xampp\htdocs\visitas\system\View\View.php(210): include('C:\\xampp\\htdocs...')
#2 C:\xampp\htdocs\visitas\system\View\View.php(213): CodeIgniter\View\View->CodeIgniter\View\{closure}()
#3 C:\xampp\htdocs\visitas\system\Common.php(1089): CodeIgniter\View\View->render('generos/generos', Array, true)
#4 C:\xampp\htdocs\visitas\app\Controllers\Generos.php(23): view('generos/generos', Array)
#5 C:\xampp\htdocs\visitas\system\CodeIgniter.php(832): App\Controllers\Generos->index()
#6 C:\xampp\htdocs\visitas\system\CodeIgniter.php(419): CodeIgniter\CodeIgniter->runController(Object(App\Controllers\Generos))
#7 C:\xampp\htdocs\visitas\system\CodeIgniter.php(326): CodeIgniter\CodeIgniter->handleRequest(NULL, Object(Config\Cache), false)
#8 C:\xampp\htdocs\visitas\public\index.php(37): CodeIgniter\CodeIgniter->run()
#9 {main}
CRITICAL - 2022-08-09 00:50:05 --> Undefined array key "fecha"
#0 C:\xampp\htdocs\visitas\app\Views\visitantes\nuevo.php(61): CodeIgniter\Debug\Exceptions->errorHandler(2, 'Undefined array...', 'C:\\xampp\\htdocs...', 61)
#1 C:\xampp\htdocs\visitas\system\View\View.php(210): include('C:\\xampp\\htdocs...')
#2 C:\xampp\htdocs\visitas\system\View\View.php(213): CodeIgniter\View\View->CodeIgniter\View\{closure}()
#3 C:\xampp\htdocs\visitas\system\Common.php(1089): CodeIgniter\View\View->render('visitantes/nuev...', Array, true)
#4 C:\xampp\htdocs\visitas\app\Controllers\Visitantes.php(46): view('visitantes/nuev...', Array)
#5 C:\xampp\htdocs\visitas\system\CodeIgniter.php(832): App\Controllers\Visitantes->nuevo()
#6 C:\xampp\htdocs\visitas\system\CodeIgniter.php(419): CodeIgniter\CodeIgniter->runController(Object(App\Controllers\Visitantes))
#7 C:\xampp\htdocs\visitas\system\CodeIgniter.php(326): CodeIgniter\CodeIgniter->handleRequest(NULL, Object(Config\Cache), false)
#8 C:\xampp\htdocs\visitas\public\index.php(37): CodeIgniter\CodeIgniter->run()
#9 {main}
