ERROR - 2022-08-18 09:49:24 --> ErrorException: pg_query(): Query failed: ERROR:  el valor «3200050527» está fuera de rango para el tipo integer
LINE 3: WHERE &quot;numero_identificador&quot; = '3200050527'
                                       ^ in C:\xampp\htdocs\visitas\system\Database\Postgre\Connection.php:135
Stack trace:
#0 [internal function]: CodeIgniter\Debug\Exceptions->errorHandler(2, 'pg_query(): Que...', 'C:\\xampp\\htdocs...', 135)
#1 C:\xampp\htdocs\visitas\system\Database\Postgre\Connection.php(135): pg_query(Object(PgSql\Connection), 'SELECT *\nFROM "...')
#2 C:\xampp\htdocs\visitas\system\Database\BaseConnection.php(670): CodeIgniter\Database\Postgre\Connection->execute('SELECT *\nFROM "...')
#3 C:\xampp\htdocs\visitas\system\Database\BaseConnection.php(598): CodeIgniter\Database\BaseConnection->simpleQuery('SELECT *\nFROM "...')
#4 C:\xampp\htdocs\visitas\system\Database\BaseBuilder.php(1455): CodeIgniter\Database\BaseConnection->query('SELECT *\nFROM "...', Array, false)
#5 C:\xampp\htdocs\visitas\system\Model.php(145): CodeIgniter\Database\BaseBuilder->get()
#6 C:\xampp\htdocs\visitas\system\BaseModel.php(523): CodeIgniter\Model->doFind(false, NULL)
#7 C:\xampp\htdocs\visitas\app\Controllers\Visitantes.php(88): CodeIgniter\BaseModel->find()
#8 C:\xampp\htdocs\visitas\system\CodeIgniter.php(832): App\Controllers\Visitantes->buscar()
#9 C:\xampp\htdocs\visitas\system\CodeIgniter.php(419): CodeIgniter\CodeIgniter->runController(Object(App\Controllers\Visitantes))
#10 C:\xampp\htdocs\visitas\system\CodeIgniter.php(326): CodeIgniter\CodeIgniter->handleRequest(NULL, Object(Config\Cache), false)
#11 C:\xampp\htdocs\visitas\public\index.php(37): CodeIgniter\CodeIgniter->run()
#12 {main}
CRITICAL - 2022-08-18 09:49:24 --> Call to a member function getResult() on bool
#0 C:\xampp\htdocs\visitas\system\BaseModel.php(523): CodeIgniter\Model->doFind(false, NULL)
#1 C:\xampp\htdocs\visitas\app\Controllers\Visitantes.php(88): CodeIgniter\BaseModel->find()
#2 C:\xampp\htdocs\visitas\system\CodeIgniter.php(832): App\Controllers\Visitantes->buscar()
#3 C:\xampp\htdocs\visitas\system\CodeIgniter.php(419): CodeIgniter\CodeIgniter->runController(Object(App\Controllers\Visitantes))
#4 C:\xampp\htdocs\visitas\system\CodeIgniter.php(326): CodeIgniter\CodeIgniter->handleRequest(NULL, Object(Config\Cache), false)
#5 C:\xampp\htdocs\visitas\public\index.php(37): CodeIgniter\CodeIgniter->run()
#6 {main}
