ERROR - 2024-03-11 15:23:00 --> ErrorException: pg_query(): Query failed: ERROR:  literal de array mal formado: «2024-03-11 15:23:00»
LINE 1: ...'Gramaje', &quot;nombre_corto&quot; = 'Gr.', &quot;fecha_edit&quot; = '2024-03-1...
                                                             ^
DETAIL:  El valor de array debe comenzar con «{» o información de dimensión. in C:\xampp\htdocs\punto_venta\system\Database\Postgre\Connection.php:135
Stack trace:
#0 [internal function]: CodeIgniter\Debug\Exceptions->errorHandler(2, 'pg_query(): Que...', 'C:\\xampp\\htdocs...', 135)
#1 C:\xampp\htdocs\punto_venta\system\Database\Postgre\Connection.php(135): pg_query(Resource id #122, 'UPDATE "pos"."u...')
#2 C:\xampp\htdocs\punto_venta\system\Database\BaseConnection.php(670): CodeIgniter\Database\Postgre\Connection->execute('UPDATE "pos"."u...')
#3 C:\xampp\htdocs\punto_venta\system\Database\BaseConnection.php(598): CodeIgniter\Database\BaseConnection->simpleQuery('UPDATE "pos"."u...')
#4 C:\xampp\htdocs\punto_venta\system\Database\BaseBuilder.php(1913): CodeIgniter\Database\BaseConnection->query('UPDATE "pos"."u...', Array, false)
#5 C:\xampp\htdocs\punto_venta\system\Model.php(298): CodeIgniter\Database\BaseBuilder->update()
#6 C:\xampp\htdocs\punto_venta\system\BaseModel.php(865): CodeIgniter\Model->doUpdate(Array, Array)
#7 C:\xampp\htdocs\punto_venta\system\Model.php(651): CodeIgniter\BaseModel->update(Array, Array)
#8 C:\xampp\htdocs\punto_venta\app\Controllers\Unidades.php(67): CodeIgniter\Model->update('11', Array)
#9 C:\xampp\htdocs\punto_venta\system\CodeIgniter.php(832): App\Controllers\Unidades->actualizar()
#10 C:\xampp\htdocs\punto_venta\system\CodeIgniter.php(419): CodeIgniter\CodeIgniter->runController(Object(App\Controllers\Unidades))
#11 C:\xampp\htdocs\punto_venta\system\CodeIgniter.php(326): CodeIgniter\CodeIgniter->handleRequest(NULL, Object(Config\Cache), false)
#12 C:\xampp\htdocs\punto_venta\public\index.php(37): CodeIgniter\CodeIgniter->run()
#13 {main}
CRITICAL - 2024-03-11 15:23:00 --> pg_query(): Query failed: ERROR:  literal de array mal formado: «2024-03-11 15:23:00»
LINE 1: ...'Gramaje', &quot;nombre_corto&quot; = 'Gr.', &quot;fecha_edit&quot; = '2024-03-1...
                                                             ^
DETAIL:  El valor de array debe comenzar con «{» o información de dimensión.
#0 [internal function]: CodeIgniter\Debug\Exceptions->errorHandler(2, 'pg_query(): Que...', 'C:\\xampp\\htdocs...', 135)
#1 C:\xampp\htdocs\punto_venta\system\Database\Postgre\Connection.php(135): pg_query(Resource id #122, 'UPDATE "pos"."u...')
#2 C:\xampp\htdocs\punto_venta\system\Database\BaseConnection.php(670): CodeIgniter\Database\Postgre\Connection->execute('UPDATE "pos"."u...')
#3 C:\xampp\htdocs\punto_venta\system\Database\BaseConnection.php(598): CodeIgniter\Database\BaseConnection->simpleQuery('UPDATE "pos"."u...')
#4 C:\xampp\htdocs\punto_venta\system\Database\BaseBuilder.php(1913): CodeIgniter\Database\BaseConnection->query('UPDATE "pos"."u...', Array, false)
#5 C:\xampp\htdocs\punto_venta\system\Model.php(298): CodeIgniter\Database\BaseBuilder->update()
#6 C:\xampp\htdocs\punto_venta\system\BaseModel.php(865): CodeIgniter\Model->doUpdate(Array, Array)
#7 C:\xampp\htdocs\punto_venta\system\Model.php(651): CodeIgniter\BaseModel->update(Array, Array)
#8 C:\xampp\htdocs\punto_venta\app\Controllers\Unidades.php(67): CodeIgniter\Model->update('11', Array)
#9 C:\xampp\htdocs\punto_venta\system\CodeIgniter.php(832): App\Controllers\Unidades->actualizar()
#10 C:\xampp\htdocs\punto_venta\system\CodeIgniter.php(419): CodeIgniter\CodeIgniter->runController(Object(App\Controllers\Unidades))
#11 C:\xampp\htdocs\punto_venta\system\CodeIgniter.php(326): CodeIgniter\CodeIgniter->handleRequest(NULL, Object(Config\Cache), false)
#12 C:\xampp\htdocs\punto_venta\public\index.php(37): CodeIgniter\CodeIgniter->run()
#13 {main}
ERROR - 2024-03-11 15:23:17 --> ErrorException: pg_query(): Query failed: ERROR:  literal de array mal formado: «2024-03-11 15:23:16»
LINE 1: ...'Gramaje', &quot;nombre_corto&quot; = 'Gr.', &quot;fecha_edit&quot; = '2024-03-1...
                                                             ^
DETAIL:  El valor de array debe comenzar con «{» o información de dimensión. in C:\xampp\htdocs\punto_venta\system\Database\Postgre\Connection.php:135
Stack trace:
#0 [internal function]: CodeIgniter\Debug\Exceptions->errorHandler(2, 'pg_query(): Que...', 'C:\\xampp\\htdocs...', 135)
#1 C:\xampp\htdocs\punto_venta\system\Database\Postgre\Connection.php(135): pg_query(Resource id #122, 'UPDATE "pos"."u...')
#2 C:\xampp\htdocs\punto_venta\system\Database\BaseConnection.php(670): CodeIgniter\Database\Postgre\Connection->execute('UPDATE "pos"."u...')
#3 C:\xampp\htdocs\punto_venta\system\Database\BaseConnection.php(598): CodeIgniter\Database\BaseConnection->simpleQuery('UPDATE "pos"."u...')
#4 C:\xampp\htdocs\punto_venta\system\Database\BaseBuilder.php(1913): CodeIgniter\Database\BaseConnection->query('UPDATE "pos"."u...', Array, false)
#5 C:\xampp\htdocs\punto_venta\system\Model.php(298): CodeIgniter\Database\BaseBuilder->update()
#6 C:\xampp\htdocs\punto_venta\system\BaseModel.php(865): CodeIgniter\Model->doUpdate(Array, Array)
#7 C:\xampp\htdocs\punto_venta\system\Model.php(651): CodeIgniter\BaseModel->update(Array, Array)
#8 C:\xampp\htdocs\punto_venta\app\Controllers\Unidades.php(67): CodeIgniter\Model->update('11', Array)
#9 C:\xampp\htdocs\punto_venta\system\CodeIgniter.php(832): App\Controllers\Unidades->actualizar()
#10 C:\xampp\htdocs\punto_venta\system\CodeIgniter.php(419): CodeIgniter\CodeIgniter->runController(Object(App\Controllers\Unidades))
#11 C:\xampp\htdocs\punto_venta\system\CodeIgniter.php(326): CodeIgniter\CodeIgniter->handleRequest(NULL, Object(Config\Cache), false)
#12 C:\xampp\htdocs\punto_venta\public\index.php(37): CodeIgniter\CodeIgniter->run()
#13 {main}
CRITICAL - 2024-03-11 15:23:17 --> pg_query(): Query failed: ERROR:  literal de array mal formado: «2024-03-11 15:23:16»
LINE 1: ...'Gramaje', &quot;nombre_corto&quot; = 'Gr.', &quot;fecha_edit&quot; = '2024-03-1...
                                                             ^
DETAIL:  El valor de array debe comenzar con «{» o información de dimensión.
#0 [internal function]: CodeIgniter\Debug\Exceptions->errorHandler(2, 'pg_query(): Que...', 'C:\\xampp\\htdocs...', 135)
#1 C:\xampp\htdocs\punto_venta\system\Database\Postgre\Connection.php(135): pg_query(Resource id #122, 'UPDATE "pos"."u...')
#2 C:\xampp\htdocs\punto_venta\system\Database\BaseConnection.php(670): CodeIgniter\Database\Postgre\Connection->execute('UPDATE "pos"."u...')
#3 C:\xampp\htdocs\punto_venta\system\Database\BaseConnection.php(598): CodeIgniter\Database\BaseConnection->simpleQuery('UPDATE "pos"."u...')
#4 C:\xampp\htdocs\punto_venta\system\Database\BaseBuilder.php(1913): CodeIgniter\Database\BaseConnection->query('UPDATE "pos"."u...', Array, false)
#5 C:\xampp\htdocs\punto_venta\system\Model.php(298): CodeIgniter\Database\BaseBuilder->update()
#6 C:\xampp\htdocs\punto_venta\system\BaseModel.php(865): CodeIgniter\Model->doUpdate(Array, Array)
#7 C:\xampp\htdocs\punto_venta\system\Model.php(651): CodeIgniter\BaseModel->update(Array, Array)
#8 C:\xampp\htdocs\punto_venta\app\Controllers\Unidades.php(67): CodeIgniter\Model->update('11', Array)
#9 C:\xampp\htdocs\punto_venta\system\CodeIgniter.php(832): App\Controllers\Unidades->actualizar()
#10 C:\xampp\htdocs\punto_venta\system\CodeIgniter.php(419): CodeIgniter\CodeIgniter->runController(Object(App\Controllers\Unidades))
#11 C:\xampp\htdocs\punto_venta\system\CodeIgniter.php(326): CodeIgniter\CodeIgniter->handleRequest(NULL, Object(Config\Cache), false)
#12 C:\xampp\htdocs\punto_venta\public\index.php(37): CodeIgniter\CodeIgniter->run()
#13 {main}
ERROR - 2024-03-11 15:24:32 --> ErrorException: pg_query(): Query failed: ERROR:  literal de array mal formado: «2024-03-11 15:24:32»
LINE 1: ...it&quot;) VALUES ('Pies', 'Pi', '2024-03-11 15:24:32', '2024-03-1...
                                                             ^
DETAIL:  El valor de array debe comenzar con «{» o información de dimensión. in C:\xampp\htdocs\punto_venta\system\Database\Postgre\Connection.php:135
Stack trace:
#0 [internal function]: CodeIgniter\Debug\Exceptions->errorHandler(2, 'pg_query(): Que...', 'C:\\xampp\\htdocs...', 135)
#1 C:\xampp\htdocs\punto_venta\system\Database\Postgre\Connection.php(135): pg_query(Resource id #122, 'INSERT INTO "po...')
#2 C:\xampp\htdocs\punto_venta\system\Database\BaseConnection.php(670): CodeIgniter\Database\Postgre\Connection->execute('INSERT INTO "po...')
#3 C:\xampp\htdocs\punto_venta\system\Database\BaseConnection.php(598): CodeIgniter\Database\BaseConnection->simpleQuery('INSERT INTO "po...')
#4 C:\xampp\htdocs\punto_venta\system\Database\BaseBuilder.php(1771): CodeIgniter\Database\BaseConnection->query('INSERT INTO "po...', Array, false)
#5 C:\xampp\htdocs\punto_venta\system\Model.php(239): CodeIgniter\Database\BaseBuilder->insert()
#6 C:\xampp\htdocs\punto_venta\system\BaseModel.php(738): CodeIgniter\Model->doInsert(Array)
#7 C:\xampp\htdocs\punto_venta\system\Model.php(625): CodeIgniter\BaseModel->insert(Array, false)
#8 C:\xampp\htdocs\punto_venta\system\BaseModel.php(658): CodeIgniter\Model->insert(Array, false)
#9 C:\xampp\htdocs\punto_venta\app\Controllers\Unidades.php(50): CodeIgniter\BaseModel->save(Array)
#10 C:\xampp\htdocs\punto_venta\system\CodeIgniter.php(832): App\Controllers\Unidades->insertar()
#11 C:\xampp\htdocs\punto_venta\system\CodeIgniter.php(419): CodeIgniter\CodeIgniter->runController(Object(App\Controllers\Unidades))
#12 C:\xampp\htdocs\punto_venta\system\CodeIgniter.php(326): CodeIgniter\CodeIgniter->handleRequest(NULL, Object(Config\Cache), false)
#13 C:\xampp\htdocs\punto_venta\public\index.php(37): CodeIgniter\CodeIgniter->run()
#14 {main}
CRITICAL - 2024-03-11 15:24:32 --> pg_query(): Query failed: ERROR:  literal de array mal formado: «2024-03-11 15:24:32»
LINE 1: ...it&quot;) VALUES ('Pies', 'Pi', '2024-03-11 15:24:32', '2024-03-1...
                                                             ^
DETAIL:  El valor de array debe comenzar con «{» o información de dimensión.
#0 [internal function]: CodeIgniter\Debug\Exceptions->errorHandler(2, 'pg_query(): Que...', 'C:\\xampp\\htdocs...', 135)
#1 C:\xampp\htdocs\punto_venta\system\Database\Postgre\Connection.php(135): pg_query(Resource id #122, 'INSERT INTO "po...')
#2 C:\xampp\htdocs\punto_venta\system\Database\BaseConnection.php(670): CodeIgniter\Database\Postgre\Connection->execute('INSERT INTO "po...')
#3 C:\xampp\htdocs\punto_venta\system\Database\BaseConnection.php(598): CodeIgniter\Database\BaseConnection->simpleQuery('INSERT INTO "po...')
#4 C:\xampp\htdocs\punto_venta\system\Database\BaseBuilder.php(1771): CodeIgniter\Database\BaseConnection->query('INSERT INTO "po...', Array, false)
#5 C:\xampp\htdocs\punto_venta\system\Model.php(239): CodeIgniter\Database\BaseBuilder->insert()
#6 C:\xampp\htdocs\punto_venta\system\BaseModel.php(738): CodeIgniter\Model->doInsert(Array)
#7 C:\xampp\htdocs\punto_venta\system\Model.php(625): CodeIgniter\BaseModel->insert(Array, false)
#8 C:\xampp\htdocs\punto_venta\system\BaseModel.php(658): CodeIgniter\Model->insert(Array, false)
#9 C:\xampp\htdocs\punto_venta\app\Controllers\Unidades.php(50): CodeIgniter\BaseModel->save(Array)
#10 C:\xampp\htdocs\punto_venta\system\CodeIgniter.php(832): App\Controllers\Unidades->insertar()
#11 C:\xampp\htdocs\punto_venta\system\CodeIgniter.php(419): CodeIgniter\CodeIgniter->runController(Object(App\Controllers\Unidades))
#12 C:\xampp\htdocs\punto_venta\system\CodeIgniter.php(326): CodeIgniter\CodeIgniter->handleRequest(NULL, Object(Config\Cache), false)
#13 C:\xampp\htdocs\punto_venta\public\index.php(37): CodeIgniter\CodeIgniter->run()
#14 {main}
ERROR - 2024-03-11 15:26:47 --> ErrorException: pg_query(): Query failed: ERROR:  literal de array mal formado: «2024-03-11 15:26:47»
LINE 1: ...fecha_alta&quot;, &quot;fecha_edit&quot;) VALUES ('Pies', 'Pie', '2024-03-1...
                                                             ^
DETAIL:  El valor de array debe comenzar con «{» o información de dimensión. in C:\xampp\htdocs\punto_venta\system\Database\Postgre\Connection.php:135
Stack trace:
#0 [internal function]: CodeIgniter\Debug\Exceptions->errorHandler(2, 'pg_query(): Que...', 'C:\\xampp\\htdocs...', 135)
#1 C:\xampp\htdocs\punto_venta\system\Database\Postgre\Connection.php(135): pg_query(Resource id #122, 'INSERT INTO "po...')
#2 C:\xampp\htdocs\punto_venta\system\Database\BaseConnection.php(670): CodeIgniter\Database\Postgre\Connection->execute('INSERT INTO "po...')
#3 C:\xampp\htdocs\punto_venta\system\Database\BaseConnection.php(598): CodeIgniter\Database\BaseConnection->simpleQuery('INSERT INTO "po...')
#4 C:\xampp\htdocs\punto_venta\system\Database\BaseBuilder.php(1771): CodeIgniter\Database\BaseConnection->query('INSERT INTO "po...', Array, false)
#5 C:\xampp\htdocs\punto_venta\system\Model.php(239): CodeIgniter\Database\BaseBuilder->insert()
#6 C:\xampp\htdocs\punto_venta\system\BaseModel.php(738): CodeIgniter\Model->doInsert(Array)
#7 C:\xampp\htdocs\punto_venta\system\Model.php(625): CodeIgniter\BaseModel->insert(Array, false)
#8 C:\xampp\htdocs\punto_venta\system\BaseModel.php(658): CodeIgniter\Model->insert(Array, false)
#9 C:\xampp\htdocs\punto_venta\app\Controllers\Unidades.php(50): CodeIgniter\BaseModel->save(Array)
#10 C:\xampp\htdocs\punto_venta\system\CodeIgniter.php(832): App\Controllers\Unidades->insertar()
#11 C:\xampp\htdocs\punto_venta\system\CodeIgniter.php(419): CodeIgniter\CodeIgniter->runController(Object(App\Controllers\Unidades))
#12 C:\xampp\htdocs\punto_venta\system\CodeIgniter.php(326): CodeIgniter\CodeIgniter->handleRequest(NULL, Object(Config\Cache), false)
#13 C:\xampp\htdocs\punto_venta\public\index.php(37): CodeIgniter\CodeIgniter->run()
#14 {main}
CRITICAL - 2024-03-11 15:26:47 --> pg_query(): Query failed: ERROR:  literal de array mal formado: «2024-03-11 15:26:47»
LINE 1: ...fecha_alta&quot;, &quot;fecha_edit&quot;) VALUES ('Pies', 'Pie', '2024-03-1...
                                                             ^
DETAIL:  El valor de array debe comenzar con «{» o información de dimensión.
#0 [internal function]: CodeIgniter\Debug\Exceptions->errorHandler(2, 'pg_query(): Que...', 'C:\\xampp\\htdocs...', 135)
#1 C:\xampp\htdocs\punto_venta\system\Database\Postgre\Connection.php(135): pg_query(Resource id #122, 'INSERT INTO "po...')
#2 C:\xampp\htdocs\punto_venta\system\Database\BaseConnection.php(670): CodeIgniter\Database\Postgre\Connection->execute('INSERT INTO "po...')
#3 C:\xampp\htdocs\punto_venta\system\Database\BaseConnection.php(598): CodeIgniter\Database\BaseConnection->simpleQuery('INSERT INTO "po...')
#4 C:\xampp\htdocs\punto_venta\system\Database\BaseBuilder.php(1771): CodeIgniter\Database\BaseConnection->query('INSERT INTO "po...', Array, false)
#5 C:\xampp\htdocs\punto_venta\system\Model.php(239): CodeIgniter\Database\BaseBuilder->insert()
#6 C:\xampp\htdocs\punto_venta\system\BaseModel.php(738): CodeIgniter\Model->doInsert(Array)
#7 C:\xampp\htdocs\punto_venta\system\Model.php(625): CodeIgniter\BaseModel->insert(Array, false)
#8 C:\xampp\htdocs\punto_venta\system\BaseModel.php(658): CodeIgniter\Model->insert(Array, false)
#9 C:\xampp\htdocs\punto_venta\app\Controllers\Unidades.php(50): CodeIgniter\BaseModel->save(Array)
#10 C:\xampp\htdocs\punto_venta\system\CodeIgniter.php(832): App\Controllers\Unidades->insertar()
#11 C:\xampp\htdocs\punto_venta\system\CodeIgniter.php(419): CodeIgniter\CodeIgniter->runController(Object(App\Controllers\Unidades))
#12 C:\xampp\htdocs\punto_venta\system\CodeIgniter.php(326): CodeIgniter\CodeIgniter->handleRequest(NULL, Object(Config\Cache), false)
#13 C:\xampp\htdocs\punto_venta\public\index.php(37): CodeIgniter\CodeIgniter->run()
#14 {main}
ERROR - 2024-03-11 15:28:52 --> ErrorException: pg_query(): Query failed: ERROR:  literal de array mal formado: «2024-03-11 15:28:52»
LINE 1: ...fecha_alta&quot;, &quot;fecha_edit&quot;) VALUES ('asdf', 'asd', '2024-03-1...
                                                             ^
DETAIL:  El valor de array debe comenzar con «{» o información de dimensión. in C:\xampp\htdocs\punto_venta\system\Database\Postgre\Connection.php:135
Stack trace:
#0 [internal function]: CodeIgniter\Debug\Exceptions->errorHandler(2, 'pg_query(): Que...', 'C:\\xampp\\htdocs...', 135)
#1 C:\xampp\htdocs\punto_venta\system\Database\Postgre\Connection.php(135): pg_query(Resource id #122, 'INSERT INTO "po...')
#2 C:\xampp\htdocs\punto_venta\system\Database\BaseConnection.php(670): CodeIgniter\Database\Postgre\Connection->execute('INSERT INTO "po...')
#3 C:\xampp\htdocs\punto_venta\system\Database\BaseConnection.php(598): CodeIgniter\Database\BaseConnection->simpleQuery('INSERT INTO "po...')
#4 C:\xampp\htdocs\punto_venta\system\Database\BaseBuilder.php(1771): CodeIgniter\Database\BaseConnection->query('INSERT INTO "po...', Array, false)
#5 C:\xampp\htdocs\punto_venta\system\Model.php(239): CodeIgniter\Database\BaseBuilder->insert()
#6 C:\xampp\htdocs\punto_venta\system\BaseModel.php(738): CodeIgniter\Model->doInsert(Array)
#7 C:\xampp\htdocs\punto_venta\system\Model.php(625): CodeIgniter\BaseModel->insert(Array, false)
#8 C:\xampp\htdocs\punto_venta\system\BaseModel.php(658): CodeIgniter\Model->insert(Array, false)
#9 C:\xampp\htdocs\punto_venta\app\Controllers\Unidades.php(50): CodeIgniter\BaseModel->save(Array)
#10 C:\xampp\htdocs\punto_venta\system\CodeIgniter.php(832): App\Controllers\Unidades->insertar()
#11 C:\xampp\htdocs\punto_venta\system\CodeIgniter.php(419): CodeIgniter\CodeIgniter->runController(Object(App\Controllers\Unidades))
#12 C:\xampp\htdocs\punto_venta\system\CodeIgniter.php(326): CodeIgniter\CodeIgniter->handleRequest(NULL, Object(Config\Cache), false)
#13 C:\xampp\htdocs\punto_venta\public\index.php(37): CodeIgniter\CodeIgniter->run()
#14 {main}
CRITICAL - 2024-03-11 15:28:52 --> pg_query(): Query failed: ERROR:  literal de array mal formado: «2024-03-11 15:28:52»
LINE 1: ...fecha_alta&quot;, &quot;fecha_edit&quot;) VALUES ('asdf', 'asd', '2024-03-1...
                                                             ^
DETAIL:  El valor de array debe comenzar con «{» o información de dimensión.
#0 [internal function]: CodeIgniter\Debug\Exceptions->errorHandler(2, 'pg_query(): Que...', 'C:\\xampp\\htdocs...', 135)
#1 C:\xampp\htdocs\punto_venta\system\Database\Postgre\Connection.php(135): pg_query(Resource id #122, 'INSERT INTO "po...')
#2 C:\xampp\htdocs\punto_venta\system\Database\BaseConnection.php(670): CodeIgniter\Database\Postgre\Connection->execute('INSERT INTO "po...')
#3 C:\xampp\htdocs\punto_venta\system\Database\BaseConnection.php(598): CodeIgniter\Database\BaseConnection->simpleQuery('INSERT INTO "po...')
#4 C:\xampp\htdocs\punto_venta\system\Database\BaseBuilder.php(1771): CodeIgniter\Database\BaseConnection->query('INSERT INTO "po...', Array, false)
#5 C:\xampp\htdocs\punto_venta\system\Model.php(239): CodeIgniter\Database\BaseBuilder->insert()
#6 C:\xampp\htdocs\punto_venta\system\BaseModel.php(738): CodeIgniter\Model->doInsert(Array)
#7 C:\xampp\htdocs\punto_venta\system\Model.php(625): CodeIgniter\BaseModel->insert(Array, false)
#8 C:\xampp\htdocs\punto_venta\system\BaseModel.php(658): CodeIgniter\Model->insert(Array, false)
#9 C:\xampp\htdocs\punto_venta\app\Controllers\Unidades.php(50): CodeIgniter\BaseModel->save(Array)
#10 C:\xampp\htdocs\punto_venta\system\CodeIgniter.php(832): App\Controllers\Unidades->insertar()
#11 C:\xampp\htdocs\punto_venta\system\CodeIgniter.php(419): CodeIgniter\CodeIgniter->runController(Object(App\Controllers\Unidades))
#12 C:\xampp\htdocs\punto_venta\system\CodeIgniter.php(326): CodeIgniter\CodeIgniter->handleRequest(NULL, Object(Config\Cache), false)
#13 C:\xampp\htdocs\punto_venta\public\index.php(37): CodeIgniter\CodeIgniter->run()
#14 {main}
ERROR - 2024-03-11 15:46:41 --> ErrorException: pg_query(): Query failed: ERROR:  literal de array mal formado: «2024-03-11 15:46:40»
LINE 1: ...a_alta&quot;, &quot;fecha_edit&quot;) VALUES ('Kilogramo', 'Kg', '2024-03-1...
                                                             ^
DETAIL:  El valor de array debe comenzar con «{» o información de dimensión. in C:\xampp\htdocs\punto_venta\system\Database\Postgre\Connection.php:135
Stack trace:
#0 [internal function]: CodeIgniter\Debug\Exceptions->errorHandler(2, 'pg_query(): Que...', 'C:\\xampp\\htdocs...', 135)
#1 C:\xampp\htdocs\punto_venta\system\Database\Postgre\Connection.php(135): pg_query(Resource id #122, 'INSERT INTO "po...')
#2 C:\xampp\htdocs\punto_venta\system\Database\BaseConnection.php(670): CodeIgniter\Database\Postgre\Connection->execute('INSERT INTO "po...')
#3 C:\xampp\htdocs\punto_venta\system\Database\BaseConnection.php(598): CodeIgniter\Database\BaseConnection->simpleQuery('INSERT INTO "po...')
#4 C:\xampp\htdocs\punto_venta\system\Database\BaseBuilder.php(1771): CodeIgniter\Database\BaseConnection->query('INSERT INTO "po...', Array, false)
#5 C:\xampp\htdocs\punto_venta\system\Model.php(239): CodeIgniter\Database\BaseBuilder->insert()
#6 C:\xampp\htdocs\punto_venta\system\BaseModel.php(738): CodeIgniter\Model->doInsert(Array)
#7 C:\xampp\htdocs\punto_venta\system\Model.php(625): CodeIgniter\BaseModel->insert(Array, false)
#8 C:\xampp\htdocs\punto_venta\system\BaseModel.php(658): CodeIgniter\Model->insert(Array, false)
#9 C:\xampp\htdocs\punto_venta\app\Controllers\Unidades.php(50): CodeIgniter\BaseModel->save(Array)
#10 C:\xampp\htdocs\punto_venta\system\CodeIgniter.php(832): App\Controllers\Unidades->insertar()
#11 C:\xampp\htdocs\punto_venta\system\CodeIgniter.php(419): CodeIgniter\CodeIgniter->runController(Object(App\Controllers\Unidades))
#12 C:\xampp\htdocs\punto_venta\system\CodeIgniter.php(326): CodeIgniter\CodeIgniter->handleRequest(NULL, Object(Config\Cache), false)
#13 C:\xampp\htdocs\punto_venta\public\index.php(37): CodeIgniter\CodeIgniter->run()
#14 {main}
CRITICAL - 2024-03-11 15:46:41 --> pg_query(): Query failed: ERROR:  literal de array mal formado: «2024-03-11 15:46:40»
LINE 1: ...a_alta&quot;, &quot;fecha_edit&quot;) VALUES ('Kilogramo', 'Kg', '2024-03-1...
                                                             ^
DETAIL:  El valor de array debe comenzar con «{» o información de dimensión.
#0 [internal function]: CodeIgniter\Debug\Exceptions->errorHandler(2, 'pg_query(): Que...', 'C:\\xampp\\htdocs...', 135)
#1 C:\xampp\htdocs\punto_venta\system\Database\Postgre\Connection.php(135): pg_query(Resource id #122, 'INSERT INTO "po...')
#2 C:\xampp\htdocs\punto_venta\system\Database\BaseConnection.php(670): CodeIgniter\Database\Postgre\Connection->execute('INSERT INTO "po...')
#3 C:\xampp\htdocs\punto_venta\system\Database\BaseConnection.php(598): CodeIgniter\Database\BaseConnection->simpleQuery('INSERT INTO "po...')
#4 C:\xampp\htdocs\punto_venta\system\Database\BaseBuilder.php(1771): CodeIgniter\Database\BaseConnection->query('INSERT INTO "po...', Array, false)
#5 C:\xampp\htdocs\punto_venta\system\Model.php(239): CodeIgniter\Database\BaseBuilder->insert()
#6 C:\xampp\htdocs\punto_venta\system\BaseModel.php(738): CodeIgniter\Model->doInsert(Array)
#7 C:\xampp\htdocs\punto_venta\system\Model.php(625): CodeIgniter\BaseModel->insert(Array, false)
#8 C:\xampp\htdocs\punto_venta\system\BaseModel.php(658): CodeIgniter\Model->insert(Array, false)
#9 C:\xampp\htdocs\punto_venta\app\Controllers\Unidades.php(50): CodeIgniter\BaseModel->save(Array)
#10 C:\xampp\htdocs\punto_venta\system\CodeIgniter.php(832): App\Controllers\Unidades->insertar()
#11 C:\xampp\htdocs\punto_venta\system\CodeIgniter.php(419): CodeIgniter\CodeIgniter->runController(Object(App\Controllers\Unidades))
#12 C:\xampp\htdocs\punto_venta\system\CodeIgniter.php(326): CodeIgniter\CodeIgniter->handleRequest(NULL, Object(Config\Cache), false)
#13 C:\xampp\htdocs\punto_venta\public\index.php(37): CodeIgniter\CodeIgniter->run()
#14 {main}
ERROR - 2024-03-11 15:52:51 --> ErrorException: pg_query(): Query failed: ERROR:  literal de array mal formado: «2024-03-11 15:52:51»
LINE 1: ...a_alta&quot;, &quot;fecha_edit&quot;) VALUES ('Kilogramo', 'Kg', '2024-03-1...
                                                             ^
DETAIL:  El valor de array debe comenzar con «{» o información de dimensión. in C:\xampp\htdocs\punto_venta\system\Database\Postgre\Connection.php:135
Stack trace:
#0 [internal function]: CodeIgniter\Debug\Exceptions->errorHandler(2, 'pg_query(): Que...', 'C:\\xampp\\htdocs...', 135)
#1 C:\xampp\htdocs\punto_venta\system\Database\Postgre\Connection.php(135): pg_query(Resource id #122, 'INSERT INTO "po...')
#2 C:\xampp\htdocs\punto_venta\system\Database\BaseConnection.php(670): CodeIgniter\Database\Postgre\Connection->execute('INSERT INTO "po...')
#3 C:\xampp\htdocs\punto_venta\system\Database\BaseConnection.php(598): CodeIgniter\Database\BaseConnection->simpleQuery('INSERT INTO "po...')
#4 C:\xampp\htdocs\punto_venta\system\Database\BaseBuilder.php(1771): CodeIgniter\Database\BaseConnection->query('INSERT INTO "po...', Array, false)
#5 C:\xampp\htdocs\punto_venta\system\Model.php(239): CodeIgniter\Database\BaseBuilder->insert()
#6 C:\xampp\htdocs\punto_venta\system\BaseModel.php(738): CodeIgniter\Model->doInsert(Array)
#7 C:\xampp\htdocs\punto_venta\system\Model.php(625): CodeIgniter\BaseModel->insert(Array, false)
#8 C:\xampp\htdocs\punto_venta\system\BaseModel.php(658): CodeIgniter\Model->insert(Array, false)
#9 C:\xampp\htdocs\punto_venta\app\Controllers\Unidades.php(50): CodeIgniter\BaseModel->save(Array)
#10 C:\xampp\htdocs\punto_venta\system\CodeIgniter.php(832): App\Controllers\Unidades->insertar()
#11 C:\xampp\htdocs\punto_venta\system\CodeIgniter.php(419): CodeIgniter\CodeIgniter->runController(Object(App\Controllers\Unidades))
#12 C:\xampp\htdocs\punto_venta\system\CodeIgniter.php(326): CodeIgniter\CodeIgniter->handleRequest(NULL, Object(Config\Cache), false)
#13 C:\xampp\htdocs\punto_venta\public\index.php(37): CodeIgniter\CodeIgniter->run()
#14 {main}
CRITICAL - 2024-03-11 15:52:51 --> pg_query(): Query failed: ERROR:  literal de array mal formado: «2024-03-11 15:52:51»
LINE 1: ...a_alta&quot;, &quot;fecha_edit&quot;) VALUES ('Kilogramo', 'Kg', '2024-03-1...
                                                             ^
DETAIL:  El valor de array debe comenzar con «{» o información de dimensión.
#0 [internal function]: CodeIgniter\Debug\Exceptions->errorHandler(2, 'pg_query(): Que...', 'C:\\xampp\\htdocs...', 135)
#1 C:\xampp\htdocs\punto_venta\system\Database\Postgre\Connection.php(135): pg_query(Resource id #122, 'INSERT INTO "po...')
#2 C:\xampp\htdocs\punto_venta\system\Database\BaseConnection.php(670): CodeIgniter\Database\Postgre\Connection->execute('INSERT INTO "po...')
#3 C:\xampp\htdocs\punto_venta\system\Database\BaseConnection.php(598): CodeIgniter\Database\BaseConnection->simpleQuery('INSERT INTO "po...')
#4 C:\xampp\htdocs\punto_venta\system\Database\BaseBuilder.php(1771): CodeIgniter\Database\BaseConnection->query('INSERT INTO "po...', Array, false)
#5 C:\xampp\htdocs\punto_venta\system\Model.php(239): CodeIgniter\Database\BaseBuilder->insert()
#6 C:\xampp\htdocs\punto_venta\system\BaseModel.php(738): CodeIgniter\Model->doInsert(Array)
#7 C:\xampp\htdocs\punto_venta\system\Model.php(625): CodeIgniter\BaseModel->insert(Array, false)
#8 C:\xampp\htdocs\punto_venta\system\BaseModel.php(658): CodeIgniter\Model->insert(Array, false)
#9 C:\xampp\htdocs\punto_venta\app\Controllers\Unidades.php(50): CodeIgniter\BaseModel->save(Array)
#10 C:\xampp\htdocs\punto_venta\system\CodeIgniter.php(832): App\Controllers\Unidades->insertar()
#11 C:\xampp\htdocs\punto_venta\system\CodeIgniter.php(419): CodeIgniter\CodeIgniter->runController(Object(App\Controllers\Unidades))
#12 C:\xampp\htdocs\punto_venta\system\CodeIgniter.php(326): CodeIgniter\CodeIgniter->handleRequest(NULL, Object(Config\Cache), false)
#13 C:\xampp\htdocs\punto_venta\public\index.php(37): CodeIgniter\CodeIgniter->run()
#14 {main}
ERROR - 2024-03-11 15:56:41 --> ErrorException: pg_query(): Query failed: ERROR:  literal de array mal formado: «2024-03-11 15:56:41»
LINE 1: ...a_alta&quot;, &quot;fecha_edit&quot;) VALUES ('Kilogramo', 'Kg', '2024-03-1...
                                                             ^
DETAIL:  El valor de array debe comenzar con «{» o información de dimensión. in C:\xampp\htdocs\punto_venta\system\Database\Postgre\Connection.php:135
Stack trace:
#0 [internal function]: CodeIgniter\Debug\Exceptions->errorHandler(2, 'pg_query(): Que...', 'C:\\xampp\\htdocs...', 135)
#1 C:\xampp\htdocs\punto_venta\system\Database\Postgre\Connection.php(135): pg_query(Resource id #122, 'INSERT INTO "po...')
#2 C:\xampp\htdocs\punto_venta\system\Database\BaseConnection.php(670): CodeIgniter\Database\Postgre\Connection->execute('INSERT INTO "po...')
#3 C:\xampp\htdocs\punto_venta\system\Database\BaseConnection.php(598): CodeIgniter\Database\BaseConnection->simpleQuery('INSERT INTO "po...')
#4 C:\xampp\htdocs\punto_venta\system\Database\BaseBuilder.php(1771): CodeIgniter\Database\BaseConnection->query('INSERT INTO "po...', Array, false)
#5 C:\xampp\htdocs\punto_venta\system\Model.php(239): CodeIgniter\Database\BaseBuilder->insert()
#6 C:\xampp\htdocs\punto_venta\system\BaseModel.php(738): CodeIgniter\Model->doInsert(Array)
#7 C:\xampp\htdocs\punto_venta\system\Model.php(625): CodeIgniter\BaseModel->insert(Array, false)
#8 C:\xampp\htdocs\punto_venta\system\BaseModel.php(658): CodeIgniter\Model->insert(Array, false)
#9 C:\xampp\htdocs\punto_venta\app\Controllers\Unidades.php(50): CodeIgniter\BaseModel->save(Array)
#10 C:\xampp\htdocs\punto_venta\system\CodeIgniter.php(832): App\Controllers\Unidades->insertar()
#11 C:\xampp\htdocs\punto_venta\system\CodeIgniter.php(419): CodeIgniter\CodeIgniter->runController(Object(App\Controllers\Unidades))
#12 C:\xampp\htdocs\punto_venta\system\CodeIgniter.php(326): CodeIgniter\CodeIgniter->handleRequest(NULL, Object(Config\Cache), false)
#13 C:\xampp\htdocs\punto_venta\public\index.php(37): CodeIgniter\CodeIgniter->run()
#14 {main}
CRITICAL - 2024-03-11 15:56:41 --> pg_query(): Query failed: ERROR:  literal de array mal formado: «2024-03-11 15:56:41»
LINE 1: ...a_alta&quot;, &quot;fecha_edit&quot;) VALUES ('Kilogramo', 'Kg', '2024-03-1...
                                                             ^
DETAIL:  El valor de array debe comenzar con «{» o información de dimensión.
#0 [internal function]: CodeIgniter\Debug\Exceptions->errorHandler(2, 'pg_query(): Que...', 'C:\\xampp\\htdocs...', 135)
#1 C:\xampp\htdocs\punto_venta\system\Database\Postgre\Connection.php(135): pg_query(Resource id #122, 'INSERT INTO "po...')
#2 C:\xampp\htdocs\punto_venta\system\Database\BaseConnection.php(670): CodeIgniter\Database\Postgre\Connection->execute('INSERT INTO "po...')
#3 C:\xampp\htdocs\punto_venta\system\Database\BaseConnection.php(598): CodeIgniter\Database\BaseConnection->simpleQuery('INSERT INTO "po...')
#4 C:\xampp\htdocs\punto_venta\system\Database\BaseBuilder.php(1771): CodeIgniter\Database\BaseConnection->query('INSERT INTO "po...', Array, false)
#5 C:\xampp\htdocs\punto_venta\system\Model.php(239): CodeIgniter\Database\BaseBuilder->insert()
#6 C:\xampp\htdocs\punto_venta\system\BaseModel.php(738): CodeIgniter\Model->doInsert(Array)
#7 C:\xampp\htdocs\punto_venta\system\Model.php(625): CodeIgniter\BaseModel->insert(Array, false)
#8 C:\xampp\htdocs\punto_venta\system\BaseModel.php(658): CodeIgniter\Model->insert(Array, false)
#9 C:\xampp\htdocs\punto_venta\app\Controllers\Unidades.php(50): CodeIgniter\BaseModel->save(Array)
#10 C:\xampp\htdocs\punto_venta\system\CodeIgniter.php(832): App\Controllers\Unidades->insertar()
#11 C:\xampp\htdocs\punto_venta\system\CodeIgniter.php(419): CodeIgniter\CodeIgniter->runController(Object(App\Controllers\Unidades))
#12 C:\xampp\htdocs\punto_venta\system\CodeIgniter.php(326): CodeIgniter\CodeIgniter->handleRequest(NULL, Object(Config\Cache), false)
#13 C:\xampp\htdocs\punto_venta\public\index.php(37): CodeIgniter\CodeIgniter->run()
#14 {main}
ERROR - 2024-03-11 15:59:36 --> ErrorException: pg_query(): Query failed: ERROR:  literal de array mal formado: «2024-03-11 15:59:36»
LINE 1: ...a_alta&quot;, &quot;fecha_edit&quot;) VALUES ('Kilogramo', 'Kg', '2024-03-1...
                                                             ^
DETAIL:  El valor de array debe comenzar con «{» o información de dimensión. in C:\xampp\htdocs\punto_venta\system\Database\Postgre\Connection.php:135
Stack trace:
#0 [internal function]: CodeIgniter\Debug\Exceptions->errorHandler(2, 'pg_query(): Que...', 'C:\\xampp\\htdocs...', 135)
#1 C:\xampp\htdocs\punto_venta\system\Database\Postgre\Connection.php(135): pg_query(Resource id #122, 'INSERT INTO "po...')
#2 C:\xampp\htdocs\punto_venta\system\Database\BaseConnection.php(670): CodeIgniter\Database\Postgre\Connection->execute('INSERT INTO "po...')
#3 C:\xampp\htdocs\punto_venta\system\Database\BaseConnection.php(598): CodeIgniter\Database\BaseConnection->simpleQuery('INSERT INTO "po...')
#4 C:\xampp\htdocs\punto_venta\system\Database\BaseBuilder.php(1771): CodeIgniter\Database\BaseConnection->query('INSERT INTO "po...', Array, false)
#5 C:\xampp\htdocs\punto_venta\system\Model.php(239): CodeIgniter\Database\BaseBuilder->insert()
#6 C:\xampp\htdocs\punto_venta\system\BaseModel.php(738): CodeIgniter\Model->doInsert(Array)
#7 C:\xampp\htdocs\punto_venta\system\Model.php(625): CodeIgniter\BaseModel->insert(Array, false)
#8 C:\xampp\htdocs\punto_venta\system\BaseModel.php(658): CodeIgniter\Model->insert(Array, false)
#9 C:\xampp\htdocs\punto_venta\app\Controllers\Unidades.php(50): CodeIgniter\BaseModel->save(Array)
#10 C:\xampp\htdocs\punto_venta\system\CodeIgniter.php(832): App\Controllers\Unidades->insertar()
#11 C:\xampp\htdocs\punto_venta\system\CodeIgniter.php(419): CodeIgniter\CodeIgniter->runController(Object(App\Controllers\Unidades))
#12 C:\xampp\htdocs\punto_venta\system\CodeIgniter.php(326): CodeIgniter\CodeIgniter->handleRequest(NULL, Object(Config\Cache), false)
#13 C:\xampp\htdocs\punto_venta\public\index.php(37): CodeIgniter\CodeIgniter->run()
#14 {main}
CRITICAL - 2024-03-11 15:59:36 --> pg_query(): Query failed: ERROR:  literal de array mal formado: «2024-03-11 15:59:36»
LINE 1: ...a_alta&quot;, &quot;fecha_edit&quot;) VALUES ('Kilogramo', 'Kg', '2024-03-1...
                                                             ^
DETAIL:  El valor de array debe comenzar con «{» o información de dimensión.
#0 [internal function]: CodeIgniter\Debug\Exceptions->errorHandler(2, 'pg_query(): Que...', 'C:\\xampp\\htdocs...', 135)
#1 C:\xampp\htdocs\punto_venta\system\Database\Postgre\Connection.php(135): pg_query(Resource id #122, 'INSERT INTO "po...')
#2 C:\xampp\htdocs\punto_venta\system\Database\BaseConnection.php(670): CodeIgniter\Database\Postgre\Connection->execute('INSERT INTO "po...')
#3 C:\xampp\htdocs\punto_venta\system\Database\BaseConnection.php(598): CodeIgniter\Database\BaseConnection->simpleQuery('INSERT INTO "po...')
#4 C:\xampp\htdocs\punto_venta\system\Database\BaseBuilder.php(1771): CodeIgniter\Database\BaseConnection->query('INSERT INTO "po...', Array, false)
#5 C:\xampp\htdocs\punto_venta\system\Model.php(239): CodeIgniter\Database\BaseBuilder->insert()
#6 C:\xampp\htdocs\punto_venta\system\BaseModel.php(738): CodeIgniter\Model->doInsert(Array)
#7 C:\xampp\htdocs\punto_venta\system\Model.php(625): CodeIgniter\BaseModel->insert(Array, false)
#8 C:\xampp\htdocs\punto_venta\system\BaseModel.php(658): CodeIgniter\Model->insert(Array, false)
#9 C:\xampp\htdocs\punto_venta\app\Controllers\Unidades.php(50): CodeIgniter\BaseModel->save(Array)
#10 C:\xampp\htdocs\punto_venta\system\CodeIgniter.php(832): App\Controllers\Unidades->insertar()
#11 C:\xampp\htdocs\punto_venta\system\CodeIgniter.php(419): CodeIgniter\CodeIgniter->runController(Object(App\Controllers\Unidades))
#12 C:\xampp\htdocs\punto_venta\system\CodeIgniter.php(326): CodeIgniter\CodeIgniter->handleRequest(NULL, Object(Config\Cache), false)
#13 C:\xampp\htdocs\punto_venta\public\index.php(37): CodeIgniter\CodeIgniter->run()
#14 {main}
