ERROR - 2024-03-15 10:57:54 --> ErrorException: pg_query(): Query failed: ERROR:  el operador no existe: bit = integer
LINE 3: WHERE &quot;activo&quot; = 1
                       ^
HINT:  Ningún operador coincide en el nombre y tipos de argumentos. Puede ser necesario agregar conversión explícita de tipos. in C:\xampp\htdocs\punto_venta\system\Database\Postgre\Connection.php:135
Stack trace:
#0 [internal function]: CodeIgniter\Debug\Exceptions->errorHandler(2, 'pg_query(): Que...', 'C:\\xampp\\htdocs...', 135)
#1 C:\xampp\htdocs\punto_venta\system\Database\Postgre\Connection.php(135): pg_query(Resource id #124, 'SELECT *\nFROM "...')
#2 C:\xampp\htdocs\punto_venta\system\Database\BaseConnection.php(670): CodeIgniter\Database\Postgre\Connection->execute('SELECT *\nFROM "...')
#3 C:\xampp\htdocs\punto_venta\system\Database\BaseConnection.php(598): CodeIgniter\Database\BaseConnection->simpleQuery('SELECT *\nFROM "...')
#4 C:\xampp\htdocs\punto_venta\system\Database\BaseBuilder.php(1455): CodeIgniter\Database\BaseConnection->query('SELECT *\nFROM "...', Array, false)
#5 C:\xampp\htdocs\punto_venta\system\Model.php(183): CodeIgniter\Database\BaseBuilder->get()
#6 C:\xampp\htdocs\punto_venta\system\BaseModel.php(584): CodeIgniter\Model->doFindAll(0, 0)
#7 C:\xampp\htdocs\punto_venta\app\Controllers\Productos.php(44): CodeIgniter\BaseModel->findAll()
#8 C:\xampp\htdocs\punto_venta\system\CodeIgniter.php(832): App\Controllers\productos->nuevo()
#9 C:\xampp\htdocs\punto_venta\system\CodeIgniter.php(419): CodeIgniter\CodeIgniter->runController(Object(App\Controllers\productos))
#10 C:\xampp\htdocs\punto_venta\system\CodeIgniter.php(326): CodeIgniter\CodeIgniter->handleRequest(NULL, Object(Config\Cache), false)
#11 C:\xampp\htdocs\punto_venta\public\index.php(37): CodeIgniter\CodeIgniter->run()
#12 {main}
CRITICAL - 2024-03-15 10:57:54 --> pg_query(): Query failed: ERROR:  el operador no existe: bit = integer
LINE 3: WHERE &quot;activo&quot; = 1
                       ^
HINT:  Ningún operador coincide en el nombre y tipos de argumentos. Puede ser necesario agregar conversión explícita de tipos.
#0 [internal function]: CodeIgniter\Debug\Exceptions->errorHandler(2, 'pg_query(): Que...', 'C:\\xampp\\htdocs...', 135)
#1 C:\xampp\htdocs\punto_venta\system\Database\Postgre\Connection.php(135): pg_query(Resource id #124, 'SELECT *\nFROM "...')
#2 C:\xampp\htdocs\punto_venta\system\Database\BaseConnection.php(670): CodeIgniter\Database\Postgre\Connection->execute('SELECT *\nFROM "...')
#3 C:\xampp\htdocs\punto_venta\system\Database\BaseConnection.php(598): CodeIgniter\Database\BaseConnection->simpleQuery('SELECT *\nFROM "...')
#4 C:\xampp\htdocs\punto_venta\system\Database\BaseBuilder.php(1455): CodeIgniter\Database\BaseConnection->query('SELECT *\nFROM "...', Array, false)
#5 C:\xampp\htdocs\punto_venta\system\Model.php(183): CodeIgniter\Database\BaseBuilder->get()
#6 C:\xampp\htdocs\punto_venta\system\BaseModel.php(584): CodeIgniter\Model->doFindAll(0, 0)
#7 C:\xampp\htdocs\punto_venta\app\Controllers\Productos.php(44): CodeIgniter\BaseModel->findAll()
#8 C:\xampp\htdocs\punto_venta\system\CodeIgniter.php(832): App\Controllers\productos->nuevo()
#9 C:\xampp\htdocs\punto_venta\system\CodeIgniter.php(419): CodeIgniter\CodeIgniter->runController(Object(App\Controllers\productos))
#10 C:\xampp\htdocs\punto_venta\system\CodeIgniter.php(326): CodeIgniter\CodeIgniter->handleRequest(NULL, Object(Config\Cache), false)
#11 C:\xampp\htdocs\punto_venta\public\index.php(37): CodeIgniter\CodeIgniter->run()
#12 {main}
