ERROR - 2022-07-30 20:42:13 --> ErrorException: pg_query(): Query failed: ERROR:  no existe la columna «activo»
LINE 3: WHERE &quot;activo&quot; = '1'
              ^ in C:\xampp\htdocs\visitas\system\Database\Postgre\Connection.php:135
Stack trace:
#0 [internal function]: CodeIgniter\Debug\Exceptions->errorHandler(2, 'pg_query(): Que...', 'C:\\xampp\\htdocs...', 135)
#1 C:\xampp\htdocs\visitas\system\Database\Postgre\Connection.php(135): pg_query(Object(PgSql\Connection), 'SELECT *\nFROM "...')
#2 C:\xampp\htdocs\visitas\system\Database\BaseConnection.php(670): CodeIgniter\Database\Postgre\Connection->execute('SELECT *\nFROM "...')
#3 C:\xampp\htdocs\visitas\system\Database\BaseConnection.php(598): CodeIgniter\Database\BaseConnection->simpleQuery('SELECT *\nFROM "...')
#4 C:\xampp\htdocs\visitas\system\Database\BaseBuilder.php(1455): CodeIgniter\Database\BaseConnection->query('SELECT *\nFROM "...', Array, false)
#5 C:\xampp\htdocs\visitas\system\Model.php(183): CodeIgniter\Database\BaseBuilder->get()
#6 C:\xampp\htdocs\visitas\system\BaseModel.php(584): CodeIgniter\Model->doFindAll(0, 0)
#7 C:\xampp\htdocs\visitas\app\Controllers\Visitantes.php(27): CodeIgniter\BaseModel->findAll()
#8 C:\xampp\htdocs\visitas\system\CodeIgniter.php(832): App\Controllers\Visitantes->index()
#9 C:\xampp\htdocs\visitas\system\CodeIgniter.php(419): CodeIgniter\CodeIgniter->runController(Object(App\Controllers\Visitantes))
#10 C:\xampp\htdocs\visitas\system\CodeIgniter.php(326): CodeIgniter\CodeIgniter->handleRequest(NULL, Object(Config\Cache), false)
#11 C:\xampp\htdocs\visitas\public\index.php(37): CodeIgniter\CodeIgniter->run()
#12 {main}
CRITICAL - 2022-07-30 20:42:13 --> pg_query(): Query failed: ERROR:  no existe la columna «activo»
LINE 3: WHERE &quot;activo&quot; = '1'
              ^
#0 [internal function]: CodeIgniter\Debug\Exceptions->errorHandler(2, 'pg_query(): Que...', 'C:\\xampp\\htdocs...', 135)
#1 C:\xampp\htdocs\visitas\system\Database\Postgre\Connection.php(135): pg_query(Object(PgSql\Connection), 'SELECT *\nFROM "...')
#2 C:\xampp\htdocs\visitas\system\Database\BaseConnection.php(670): CodeIgniter\Database\Postgre\Connection->execute('SELECT *\nFROM "...')
#3 C:\xampp\htdocs\visitas\system\Database\BaseConnection.php(598): CodeIgniter\Database\BaseConnection->simpleQuery('SELECT *\nFROM "...')
#4 C:\xampp\htdocs\visitas\system\Database\BaseBuilder.php(1455): CodeIgniter\Database\BaseConnection->query('SELECT *\nFROM "...', Array, false)
#5 C:\xampp\htdocs\visitas\system\Model.php(183): CodeIgniter\Database\BaseBuilder->get()
#6 C:\xampp\htdocs\visitas\system\BaseModel.php(584): CodeIgniter\Model->doFindAll(0, 0)
#7 C:\xampp\htdocs\visitas\app\Controllers\Visitantes.php(27): CodeIgniter\BaseModel->findAll()
#8 C:\xampp\htdocs\visitas\system\CodeIgniter.php(832): App\Controllers\Visitantes->index()
#9 C:\xampp\htdocs\visitas\system\CodeIgniter.php(419): CodeIgniter\CodeIgniter->runController(Object(App\Controllers\Visitantes))
#10 C:\xampp\htdocs\visitas\system\CodeIgniter.php(326): CodeIgniter\CodeIgniter->handleRequest(NULL, Object(Config\Cache), false)
#11 C:\xampp\htdocs\visitas\public\index.php(37): CodeIgniter\CodeIgniter->run()
#12 {main}
ERROR - 2022-07-30 20:48:19 --> ErrorException: pg_query(): Query failed: ERROR:  el operador no existe: bit = integer
LINE 3: WHERE &quot;activo&quot; = 1
                       ^
HINT:  Ningún operador coincide en el nombre y tipos de argumentos. Puede ser necesario agregar conversión explícita de tipos. in C:\xampp\htdocs\visitas\system\Database\Postgre\Connection.php:135
Stack trace:
#0 [internal function]: CodeIgniter\Debug\Exceptions->errorHandler(2, 'pg_query(): Que...', 'C:\\xampp\\htdocs...', 135)
#1 C:\xampp\htdocs\visitas\system\Database\Postgre\Connection.php(135): pg_query(Object(PgSql\Connection), 'SELECT *\nFROM "...')
#2 C:\xampp\htdocs\visitas\system\Database\BaseConnection.php(670): CodeIgniter\Database\Postgre\Connection->execute('SELECT *\nFROM "...')
#3 C:\xampp\htdocs\visitas\system\Database\BaseConnection.php(598): CodeIgniter\Database\BaseConnection->simpleQuery('SELECT *\nFROM "...')
#4 C:\xampp\htdocs\visitas\system\Database\BaseBuilder.php(1455): CodeIgniter\Database\BaseConnection->query('SELECT *\nFROM "...', Array, false)
#5 C:\xampp\htdocs\visitas\system\Model.php(183): CodeIgniter\Database\BaseBuilder->get()
#6 C:\xampp\htdocs\visitas\system\BaseModel.php(584): CodeIgniter\Model->doFindAll(0, 0)
#7 C:\xampp\htdocs\visitas\app\Controllers\Visitantes.php(48): CodeIgniter\BaseModel->findAll()
#8 C:\xampp\htdocs\visitas\system\CodeIgniter.php(832): App\Controllers\Visitantes->nuevo()
#9 C:\xampp\htdocs\visitas\system\CodeIgniter.php(419): CodeIgniter\CodeIgniter->runController(Object(App\Controllers\Visitantes))
#10 C:\xampp\htdocs\visitas\system\CodeIgniter.php(326): CodeIgniter\CodeIgniter->handleRequest(NULL, Object(Config\Cache), false)
#11 C:\xampp\htdocs\visitas\public\index.php(37): CodeIgniter\CodeIgniter->run()
#12 {main}
CRITICAL - 2022-07-30 20:48:19 --> pg_query(): Query failed: ERROR:  el operador no existe: bit = integer
LINE 3: WHERE &quot;activo&quot; = 1
                       ^
HINT:  Ningún operador coincide en el nombre y tipos de argumentos. Puede ser necesario agregar conversión explícita de tipos.
#0 [internal function]: CodeIgniter\Debug\Exceptions->errorHandler(2, 'pg_query(): Que...', 'C:\\xampp\\htdocs...', 135)
#1 C:\xampp\htdocs\visitas\system\Database\Postgre\Connection.php(135): pg_query(Object(PgSql\Connection), 'SELECT *\nFROM "...')
#2 C:\xampp\htdocs\visitas\system\Database\BaseConnection.php(670): CodeIgniter\Database\Postgre\Connection->execute('SELECT *\nFROM "...')
#3 C:\xampp\htdocs\visitas\system\Database\BaseConnection.php(598): CodeIgniter\Database\BaseConnection->simpleQuery('SELECT *\nFROM "...')
#4 C:\xampp\htdocs\visitas\system\Database\BaseBuilder.php(1455): CodeIgniter\Database\BaseConnection->query('SELECT *\nFROM "...', Array, false)
#5 C:\xampp\htdocs\visitas\system\Model.php(183): CodeIgniter\Database\BaseBuilder->get()
#6 C:\xampp\htdocs\visitas\system\BaseModel.php(584): CodeIgniter\Model->doFindAll(0, 0)
#7 C:\xampp\htdocs\visitas\app\Controllers\Visitantes.php(48): CodeIgniter\BaseModel->findAll()
#8 C:\xampp\htdocs\visitas\system\CodeIgniter.php(832): App\Controllers\Visitantes->nuevo()
#9 C:\xampp\htdocs\visitas\system\CodeIgniter.php(419): CodeIgniter\CodeIgniter->runController(Object(App\Controllers\Visitantes))
#10 C:\xampp\htdocs\visitas\system\CodeIgniter.php(326): CodeIgniter\CodeIgniter->handleRequest(NULL, Object(Config\Cache), false)
#11 C:\xampp\htdocs\visitas\public\index.php(37): CodeIgniter\CodeIgniter->run()
#12 {main}
CRITICAL - 2022-07-30 20:49:29 --> Undefined array key "nombre_genero"
#0 C:\xampp\htdocs\visitas\app\Views\visitantes\nuevo.php(59): CodeIgniter\Debug\Exceptions->errorHandler(2, 'Undefined array...', 'C:\\xampp\\htdocs...', 59)
#1 C:\xampp\htdocs\visitas\system\View\View.php(210): include('C:\\xampp\\htdocs...')
#2 C:\xampp\htdocs\visitas\system\View\View.php(213): CodeIgniter\View\View->CodeIgniter\View\{closure}()
#3 C:\xampp\htdocs\visitas\system\Common.php(1089): CodeIgniter\View\View->render('visitantes/nuev...', Array, true)
#4 C:\xampp\htdocs\visitas\app\Controllers\Visitantes.php(56): view('visitantes/nuev...', Array)
#5 C:\xampp\htdocs\visitas\system\CodeIgniter.php(832): App\Controllers\Visitantes->nuevo()
#6 C:\xampp\htdocs\visitas\system\CodeIgniter.php(419): CodeIgniter\CodeIgniter->runController(Object(App\Controllers\Visitantes))
#7 C:\xampp\htdocs\visitas\system\CodeIgniter.php(326): CodeIgniter\CodeIgniter->handleRequest(NULL, Object(Config\Cache), false)
#8 C:\xampp\htdocs\visitas\public\index.php(37): CodeIgniter\CodeIgniter->run()
#9 {main}
CRITICAL - 2022-07-30 20:51:12 --> Undefined array key "nombre_categorias"
#0 C:\xampp\htdocs\visitas\app\Views\visitantes\nuevo.php(74): CodeIgniter\Debug\Exceptions->errorHandler(2, 'Undefined array...', 'C:\\xampp\\htdocs...', 74)
#1 C:\xampp\htdocs\visitas\system\View\View.php(210): include('C:\\xampp\\htdocs...')
#2 C:\xampp\htdocs\visitas\system\View\View.php(213): CodeIgniter\View\View->CodeIgniter\View\{closure}()
#3 C:\xampp\htdocs\visitas\system\Common.php(1089): CodeIgniter\View\View->render('visitantes/nuev...', Array, true)
#4 C:\xampp\htdocs\visitas\app\Controllers\Visitantes.php(56): view('visitantes/nuev...', Array)
#5 C:\xampp\htdocs\visitas\system\CodeIgniter.php(832): App\Controllers\Visitantes->nuevo()
#6 C:\xampp\htdocs\visitas\system\CodeIgniter.php(419): CodeIgniter\CodeIgniter->runController(Object(App\Controllers\Visitantes))
#7 C:\xampp\htdocs\visitas\system\CodeIgniter.php(326): CodeIgniter\CodeIgniter->handleRequest(NULL, Object(Config\Cache), false)
#8 C:\xampp\htdocs\visitas\public\index.php(37): CodeIgniter\CodeIgniter->run()
#9 {main}
CRITICAL - 2022-07-30 20:52:05 --> Undefined array key "nombre_carrera"
#0 C:\xampp\htdocs\visitas\app\Views\visitantes\nuevo.php(88): CodeIgniter\Debug\Exceptions->errorHandler(2, 'Undefined array...', 'C:\\xampp\\htdocs...', 88)
#1 C:\xampp\htdocs\visitas\system\View\View.php(210): include('C:\\xampp\\htdocs...')
#2 C:\xampp\htdocs\visitas\system\View\View.php(213): CodeIgniter\View\View->CodeIgniter\View\{closure}()
#3 C:\xampp\htdocs\visitas\system\Common.php(1089): CodeIgniter\View\View->render('visitantes/nuev...', Array, true)
#4 C:\xampp\htdocs\visitas\app\Controllers\Visitantes.php(56): view('visitantes/nuev...', Array)
#5 C:\xampp\htdocs\visitas\system\CodeIgniter.php(832): App\Controllers\Visitantes->nuevo()
#6 C:\xampp\htdocs\visitas\system\CodeIgniter.php(419): CodeIgniter\CodeIgniter->runController(Object(App\Controllers\Visitantes))
#7 C:\xampp\htdocs\visitas\system\CodeIgniter.php(326): CodeIgniter\CodeIgniter->handleRequest(NULL, Object(Config\Cache), false)
#8 C:\xampp\htdocs\visitas\public\index.php(37): CodeIgniter\CodeIgniter->run()
#9 {main}
CRITICAL - 2022-07-30 20:52:41 --> Undefined array key "nombre_motivo"
#0 C:\xampp\htdocs\visitas\app\Views\visitantes\nuevo.php(102): CodeIgniter\Debug\Exceptions->errorHandler(2, 'Undefined array...', 'C:\\xampp\\htdocs...', 102)
#1 C:\xampp\htdocs\visitas\system\View\View.php(210): include('C:\\xampp\\htdocs...')
#2 C:\xampp\htdocs\visitas\system\View\View.php(213): CodeIgniter\View\View->CodeIgniter\View\{closure}()
#3 C:\xampp\htdocs\visitas\system\Common.php(1089): CodeIgniter\View\View->render('visitantes/nuev...', Array, true)
#4 C:\xampp\htdocs\visitas\app\Controllers\Visitantes.php(56): view('visitantes/nuev...', Array)
#5 C:\xampp\htdocs\visitas\system\CodeIgniter.php(832): App\Controllers\Visitantes->nuevo()
#6 C:\xampp\htdocs\visitas\system\CodeIgniter.php(419): CodeIgniter\CodeIgniter->runController(Object(App\Controllers\Visitantes))
#7 C:\xampp\htdocs\visitas\system\CodeIgniter.php(326): CodeIgniter\CodeIgniter->handleRequest(NULL, Object(Config\Cache), false)
#8 C:\xampp\htdocs\visitas\public\index.php(37): CodeIgniter\CodeIgniter->run()
#9 {main}
CRITICAL - 2022-07-30 21:05:56 --> There is no data to insert.
#0 C:\xampp\htdocs\visitas\system\BaseModel.php(718): CodeIgniter\Database\Exceptions\DataException::forEmptyDataset('insert')
#1 C:\xampp\htdocs\visitas\system\Model.php(625): CodeIgniter\BaseModel->insert(Array, false)
#2 C:\xampp\htdocs\visitas\system\BaseModel.php(658): CodeIgniter\Model->insert(Array, false)
#3 C:\xampp\htdocs\visitas\app\Controllers\Motivos.php(47): CodeIgniter\BaseModel->save(Array)
#4 C:\xampp\htdocs\visitas\system\CodeIgniter.php(832): App\Controllers\Motivos->insertar()
#5 C:\xampp\htdocs\visitas\system\CodeIgniter.php(419): CodeIgniter\CodeIgniter->runController(Object(App\Controllers\Motivos))
#6 C:\xampp\htdocs\visitas\system\CodeIgniter.php(326): CodeIgniter\CodeIgniter->handleRequest(NULL, Object(Config\Cache), false)
#7 C:\xampp\htdocs\visitas\public\index.php(37): CodeIgniter\CodeIgniter->run()
#8 {main}
ERROR - 2022-07-30 21:07:02 --> ErrorException: pg_query(): Query failed: ERROR:  la columna «activo» es de tipo bit pero la expresión es de tipo integer
LINE 1: UPDATE &quot;visitas&quot;.&quot;cat_carrera_area&quot; SET &quot;activo&quot; = 0
                                                           ^
HINT:  Necesitará reescribir la expresión o aplicarle una conversión de tipo. in C:\xampp\htdocs\visitas\system\Database\Postgre\Connection.php:135
Stack trace:
#0 [internal function]: CodeIgniter\Debug\Exceptions->errorHandler(2, 'pg_query(): Que...', 'C:\\xampp\\htdocs...', 135)
#1 C:\xampp\htdocs\visitas\system\Database\Postgre\Connection.php(135): pg_query(Object(PgSql\Connection), 'UPDATE "visitas...')
#2 C:\xampp\htdocs\visitas\system\Database\BaseConnection.php(670): CodeIgniter\Database\Postgre\Connection->execute('UPDATE "visitas...')
#3 C:\xampp\htdocs\visitas\system\Database\BaseConnection.php(598): CodeIgniter\Database\BaseConnection->simpleQuery('UPDATE "visitas...')
#4 C:\xampp\htdocs\visitas\system\Database\BaseBuilder.php(1913): CodeIgniter\Database\BaseConnection->query('UPDATE "visitas...', Array, false)
#5 C:\xampp\htdocs\visitas\system\Model.php(298): CodeIgniter\Database\BaseBuilder->update()
#6 C:\xampp\htdocs\visitas\system\BaseModel.php(865): CodeIgniter\Model->doUpdate(Array, Array)
#7 C:\xampp\htdocs\visitas\system\Model.php(651): CodeIgniter\BaseModel->update(Array, Array)
#8 C:\xampp\htdocs\visitas\app\Controllers\Carreras.php(71): CodeIgniter\Model->update('17', Array)
#9 C:\xampp\htdocs\visitas\system\CodeIgniter.php(832): App\Controllers\Carreras->eliminar('17')
#10 C:\xampp\htdocs\visitas\system\CodeIgniter.php(419): CodeIgniter\CodeIgniter->runController(Object(App\Controllers\Carreras))
#11 C:\xampp\htdocs\visitas\system\CodeIgniter.php(326): CodeIgniter\CodeIgniter->handleRequest(NULL, Object(Config\Cache), false)
#12 C:\xampp\htdocs\visitas\public\index.php(37): CodeIgniter\CodeIgniter->run()
#13 {main}
CRITICAL - 2022-07-30 21:07:02 --> pg_query(): Query failed: ERROR:  la columna «activo» es de tipo bit pero la expresión es de tipo integer
LINE 1: UPDATE &quot;visitas&quot;.&quot;cat_carrera_area&quot; SET &quot;activo&quot; = 0
                                                           ^
HINT:  Necesitará reescribir la expresión o aplicarle una conversión de tipo.
#0 [internal function]: CodeIgniter\Debug\Exceptions->errorHandler(2, 'pg_query(): Que...', 'C:\\xampp\\htdocs...', 135)
#1 C:\xampp\htdocs\visitas\system\Database\Postgre\Connection.php(135): pg_query(Object(PgSql\Connection), 'UPDATE "visitas...')
#2 C:\xampp\htdocs\visitas\system\Database\BaseConnection.php(670): CodeIgniter\Database\Postgre\Connection->execute('UPDATE "visitas...')
#3 C:\xampp\htdocs\visitas\system\Database\BaseConnection.php(598): CodeIgniter\Database\BaseConnection->simpleQuery('UPDATE "visitas...')
#4 C:\xampp\htdocs\visitas\system\Database\BaseBuilder.php(1913): CodeIgniter\Database\BaseConnection->query('UPDATE "visitas...', Array, false)
#5 C:\xampp\htdocs\visitas\system\Model.php(298): CodeIgniter\Database\BaseBuilder->update()
#6 C:\xampp\htdocs\visitas\system\BaseModel.php(865): CodeIgniter\Model->doUpdate(Array, Array)
#7 C:\xampp\htdocs\visitas\system\Model.php(651): CodeIgniter\BaseModel->update(Array, Array)
#8 C:\xampp\htdocs\visitas\app\Controllers\Carreras.php(71): CodeIgniter\Model->update('17', Array)
#9 C:\xampp\htdocs\visitas\system\CodeIgniter.php(832): App\Controllers\Carreras->eliminar('17')
#10 C:\xampp\htdocs\visitas\system\CodeIgniter.php(419): CodeIgniter\CodeIgniter->runController(Object(App\Controllers\Carreras))
#11 C:\xampp\htdocs\visitas\system\CodeIgniter.php(326): CodeIgniter\CodeIgniter->handleRequest(NULL, Object(Config\Cache), false)
#12 C:\xampp\htdocs\visitas\public\index.php(37): CodeIgniter\CodeIgniter->run()
#13 {main}
CRITICAL - 2022-07-30 21:31:27 --> There is no data to insert.
#0 C:\xampp\htdocs\visitas\system\BaseModel.php(718): CodeIgniter\Database\Exceptions\DataException::forEmptyDataset('insert')
#1 C:\xampp\htdocs\visitas\system\Model.php(625): CodeIgniter\BaseModel->insert(Array, false)
#2 C:\xampp\htdocs\visitas\system\BaseModel.php(658): CodeIgniter\Model->insert(Array, false)
#3 C:\xampp\htdocs\visitas\app\Controllers\Categorias.php(47): CodeIgniter\BaseModel->save(Array)
#4 C:\xampp\htdocs\visitas\system\CodeIgniter.php(832): App\Controllers\Categorias->insertar()
#5 C:\xampp\htdocs\visitas\system\CodeIgniter.php(419): CodeIgniter\CodeIgniter->runController(Object(App\Controllers\Categorias))
#6 C:\xampp\htdocs\visitas\system\CodeIgniter.php(326): CodeIgniter\CodeIgniter->handleRequest(NULL, Object(Config\Cache), false)
#7 C:\xampp\htdocs\visitas\public\index.php(37): CodeIgniter\CodeIgniter->run()
#8 {main}
ERROR - 2022-07-30 21:32:43 --> ErrorException: pg_query(): Query failed: ERROR:  la columna «activo» es de tipo bit pero la expresión es de tipo integer
LINE 1: UPDATE &quot;visitas&quot;.&quot;cat_categoria&quot; SET &quot;activo&quot; = 0
                                                        ^
HINT:  Necesitará reescribir la expresión o aplicarle una conversión de tipo. in C:\xampp\htdocs\visitas\system\Database\Postgre\Connection.php:135
Stack trace:
#0 [internal function]: CodeIgniter\Debug\Exceptions->errorHandler(2, 'pg_query(): Que...', 'C:\\xampp\\htdocs...', 135)
#1 C:\xampp\htdocs\visitas\system\Database\Postgre\Connection.php(135): pg_query(Object(PgSql\Connection), 'UPDATE "visitas...')
#2 C:\xampp\htdocs\visitas\system\Database\BaseConnection.php(670): CodeIgniter\Database\Postgre\Connection->execute('UPDATE "visitas...')
#3 C:\xampp\htdocs\visitas\system\Database\BaseConnection.php(598): CodeIgniter\Database\BaseConnection->simpleQuery('UPDATE "visitas...')
#4 C:\xampp\htdocs\visitas\system\Database\BaseBuilder.php(1913): CodeIgniter\Database\BaseConnection->query('UPDATE "visitas...', Array, false)
#5 C:\xampp\htdocs\visitas\system\Model.php(298): CodeIgniter\Database\BaseBuilder->update()
#6 C:\xampp\htdocs\visitas\system\BaseModel.php(865): CodeIgniter\Model->doUpdate(Array, Array)
#7 C:\xampp\htdocs\visitas\system\Model.php(651): CodeIgniter\BaseModel->update(Array, Array)
#8 C:\xampp\htdocs\visitas\app\Controllers\Categorias.php(68): CodeIgniter\Model->update('1', Array)
#9 C:\xampp\htdocs\visitas\system\CodeIgniter.php(832): App\Controllers\Categorias->eliminar('1')
#10 C:\xampp\htdocs\visitas\system\CodeIgniter.php(419): CodeIgniter\CodeIgniter->runController(Object(App\Controllers\Categorias))
#11 C:\xampp\htdocs\visitas\system\CodeIgniter.php(326): CodeIgniter\CodeIgniter->handleRequest(NULL, Object(Config\Cache), false)
#12 C:\xampp\htdocs\visitas\public\index.php(37): CodeIgniter\CodeIgniter->run()
#13 {main}
CRITICAL - 2022-07-30 21:32:43 --> pg_query(): Query failed: ERROR:  la columna «activo» es de tipo bit pero la expresión es de tipo integer
LINE 1: UPDATE &quot;visitas&quot;.&quot;cat_categoria&quot; SET &quot;activo&quot; = 0
                                                        ^
HINT:  Necesitará reescribir la expresión o aplicarle una conversión de tipo.
#0 [internal function]: CodeIgniter\Debug\Exceptions->errorHandler(2, 'pg_query(): Que...', 'C:\\xampp\\htdocs...', 135)
#1 C:\xampp\htdocs\visitas\system\Database\Postgre\Connection.php(135): pg_query(Object(PgSql\Connection), 'UPDATE "visitas...')
#2 C:\xampp\htdocs\visitas\system\Database\BaseConnection.php(670): CodeIgniter\Database\Postgre\Connection->execute('UPDATE "visitas...')
#3 C:\xampp\htdocs\visitas\system\Database\BaseConnection.php(598): CodeIgniter\Database\BaseConnection->simpleQuery('UPDATE "visitas...')
#4 C:\xampp\htdocs\visitas\system\Database\BaseBuilder.php(1913): CodeIgniter\Database\BaseConnection->query('UPDATE "visitas...', Array, false)
#5 C:\xampp\htdocs\visitas\system\Model.php(298): CodeIgniter\Database\BaseBuilder->update()
#6 C:\xampp\htdocs\visitas\system\BaseModel.php(865): CodeIgniter\Model->doUpdate(Array, Array)
#7 C:\xampp\htdocs\visitas\system\Model.php(651): CodeIgniter\BaseModel->update(Array, Array)
#8 C:\xampp\htdocs\visitas\app\Controllers\Categorias.php(68): CodeIgniter\Model->update('1', Array)
#9 C:\xampp\htdocs\visitas\system\CodeIgniter.php(832): App\Controllers\Categorias->eliminar('1')
#10 C:\xampp\htdocs\visitas\system\CodeIgniter.php(419): CodeIgniter\CodeIgniter->runController(Object(App\Controllers\Categorias))
#11 C:\xampp\htdocs\visitas\system\CodeIgniter.php(326): CodeIgniter\CodeIgniter->handleRequest(NULL, Object(Config\Cache), false)
#12 C:\xampp\htdocs\visitas\public\index.php(37): CodeIgniter\CodeIgniter->run()
#13 {main}
CRITICAL - 2022-07-30 21:35:18 --> Undefined array key "nombre_categorias"
#0 C:\xampp\htdocs\visitas\app\Views\categorias\eliminados.php(25): CodeIgniter\Debug\Exceptions->errorHandler(2, 'Undefined array...', 'C:\\xampp\\htdocs...', 25)
#1 C:\xampp\htdocs\visitas\system\View\View.php(210): include('C:\\xampp\\htdocs...')
#2 C:\xampp\htdocs\visitas\system\View\View.php(213): CodeIgniter\View\View->CodeIgniter\View\{closure}()
#3 C:\xampp\htdocs\visitas\system\Common.php(1089): CodeIgniter\View\View->render('categorias/elim...', Array, true)
#4 C:\xampp\htdocs\visitas\app\Controllers\Categorias.php(33): view('categorias/elim...', Array)
#5 C:\xampp\htdocs\visitas\system\CodeIgniter.php(832): App\Controllers\Categorias->eliminados()
#6 C:\xampp\htdocs\visitas\system\CodeIgniter.php(419): CodeIgniter\CodeIgniter->runController(Object(App\Controllers\Categorias))
#7 C:\xampp\htdocs\visitas\system\CodeIgniter.php(326): CodeIgniter\CodeIgniter->handleRequest(NULL, Object(Config\Cache), false)
#8 C:\xampp\htdocs\visitas\public\index.php(37): CodeIgniter\CodeIgniter->run()
#9 {main}
CRITICAL - 2022-07-30 21:36:27 --> There is no data to insert.
#0 C:\xampp\htdocs\visitas\system\BaseModel.php(718): CodeIgniter\Database\Exceptions\DataException::forEmptyDataset('insert')
#1 C:\xampp\htdocs\visitas\system\Model.php(625): CodeIgniter\BaseModel->insert(Array, false)
#2 C:\xampp\htdocs\visitas\system\BaseModel.php(658): CodeIgniter\Model->insert(Array, false)
#3 C:\xampp\htdocs\visitas\app\Controllers\Categorias.php(47): CodeIgniter\BaseModel->save(Array)
#4 C:\xampp\htdocs\visitas\system\CodeIgniter.php(832): App\Controllers\Categorias->insertar()
#5 C:\xampp\htdocs\visitas\system\CodeIgniter.php(419): CodeIgniter\CodeIgniter->runController(Object(App\Controllers\Categorias))
#6 C:\xampp\htdocs\visitas\system\CodeIgniter.php(326): CodeIgniter\CodeIgniter->handleRequest(NULL, Object(Config\Cache), false)
#7 C:\xampp\htdocs\visitas\public\index.php(37): CodeIgniter\CodeIgniter->run()
#8 {main}
CRITICAL - 2022-07-30 21:58:15 --> There is no data to update.
#0 C:\xampp\htdocs\visitas\system\BaseModel.php(846): CodeIgniter\Database\Exceptions\DataException::forEmptyDataset('update')
#1 C:\xampp\htdocs\visitas\system\Model.php(651): CodeIgniter\BaseModel->update(Array, Array)
#2 C:\xampp\htdocs\visitas\app\Controllers\Categorias.php(62): CodeIgniter\Model->update('2', Array)
#3 C:\xampp\htdocs\visitas\system\CodeIgniter.php(832): App\Controllers\Categorias->actualizar()
#4 C:\xampp\htdocs\visitas\system\CodeIgniter.php(419): CodeIgniter\CodeIgniter->runController(Object(App\Controllers\Categorias))
#5 C:\xampp\htdocs\visitas\system\CodeIgniter.php(326): CodeIgniter\CodeIgniter->handleRequest(NULL, Object(Config\Cache), false)
#6 C:\xampp\htdocs\visitas\public\index.php(37): CodeIgniter\CodeIgniter->run()
#7 {main}
CRITICAL - 2022-07-30 22:40:59 --> Invalid file: nombre_motivos/editar.php
#0 C:\xampp\htdocs\visitas\system\View\View.php(198): CodeIgniter\Exceptions\FrameworkException::forInvalidFile('nombre_motivos/...')
#1 C:\xampp\htdocs\visitas\system\Common.php(1089): CodeIgniter\View\View->render('nombre_motivos/...', Array, true)
#2 C:\xampp\htdocs\visitas\app\Controllers\Nombre_motivos.php(56): view('nombre_motivos/...', Array)
#3 C:\xampp\htdocs\visitas\system\CodeIgniter.php(832): App\Controllers\Nombre_motivos->editar('1')
#4 C:\xampp\htdocs\visitas\system\CodeIgniter.php(419): CodeIgniter\CodeIgniter->runController(Object(App\Controllers\Nombre_motivos))
#5 C:\xampp\htdocs\visitas\system\CodeIgniter.php(326): CodeIgniter\CodeIgniter->handleRequest(NULL, Object(Config\Cache), false)
#6 C:\xampp\htdocs\visitas\public\index.php(37): CodeIgniter\CodeIgniter->run()
#7 {main}
CRITICAL - 2022-07-30 22:40:59 --> Invalid file: nombre_motivos/editar.php
#0 C:\xampp\htdocs\visitas\system\View\View.php(198): CodeIgniter\Exceptions\FrameworkException::forInvalidFile('nombre_motivos/...')
#1 C:\xampp\htdocs\visitas\system\Common.php(1089): CodeIgniter\View\View->render('nombre_motivos/...', Array, true)
#2 C:\xampp\htdocs\visitas\app\Controllers\Nombre_motivos.php(56): view('nombre_motivos/...', Array)
#3 C:\xampp\htdocs\visitas\system\CodeIgniter.php(832): App\Controllers\Nombre_motivos->editar('1')
#4 C:\xampp\htdocs\visitas\system\CodeIgniter.php(419): CodeIgniter\CodeIgniter->runController(Object(App\Controllers\Nombre_motivos))
#5 C:\xampp\htdocs\visitas\system\CodeIgniter.php(326): CodeIgniter\CodeIgniter->handleRequest(NULL, Object(Config\Cache), false)
#6 C:\xampp\htdocs\visitas\public\index.php(37): CodeIgniter\CodeIgniter->run()
#7 {main}
